<?xml version="1.0" encoding="UTF-8"?>
<testsuite name="tetris.DropTests" tests="1" skipped="0" failures="0" errors="0" timestamp="2022-10-09T21:10:30" hostname="DESKTOP-MB5T0MI" time="0.048">
  <properties/>
  <testcase name="testDrop" classname="tetris.DropTests" time="0.048"/>
  <system-out><![CDATA[]]></system-out>
  <system-err><![CDATA[]]></system-err>
</testsuite>
