<?xml version="1.0" encoding="UTF-8"?>
<testsuite name="tetris.GameOverTests" tests="3" skipped="0" failures="0" errors="0" timestamp="2022-10-09T21:10:30" hostname="DESKTOP-MB5T0MI" time="0.011">
  <properties/>
  <testcase name="testGameOver" classname="tetris.GameOverTests" time="0.005"/>
  <testcase name="testNoEscapeGameOver" classname="tetris.GameOverTests" time="0.002"/>
  <testcase name="testNoEscapeGameOver2" classname="tetris.GameOverTests" time="0.002"/>
  <system-out><![CDATA[]]></system-out>
  <system-err><![CDATA[]]></system-err>
</testsuite>
