<?xml version="1.0" encoding="UTF-8"?>
<testsuite name="tetris.SpawnTests" tests="2" skipped="0" failures="0" errors="0" timestamp="2022-10-09T21:10:30" hostname="DESKTOP-MB5T0MI" time="0.008">
  <properties/>
  <testcase name="testSpawn" classname="tetris.SpawnTests" time="0.003"/>
  <testcase name="testSpawn2" classname="tetris.SpawnTests" time="0.004"/>
  <system-out><![CDATA[]]></system-out>
  <system-err><![CDATA[]]></system-err>
</testsuite>
