<?xml version="1.0" encoding="UTF-8"?>
<testsuite name="tetris.FullGameTests" tests="5" skipped="0" failures="1" errors="0" timestamp="2022-10-09T21:10:30" hostname="DESKTOP-MB5T0MI" time="0.307">
  <properties/>
  <testcase name="testGame5x9" classname="tetris.FullGameTests" time="0.028"/>
  <testcase name="testGame8x11" classname="tetris.FullGameTests" time="0.176">
    <failure message="org.scalatest.exceptions.TestFailedException: didPass was false&#10;--------------------------------------------------------------------------------&#10;This is what went wrong:&#10;&#10;step=0, rand=2, actions=&lt;&gt;&#10;Want     | Got ✓   &#10;-------------------&#10;....L... | ....L...&#10;..LLL... | ..LLL...&#10;........ | ........&#10;........ | ........&#10;........ | ........&#10;........ | ........&#10;........ | ........&#10;........ | ........&#10;........ | ........&#10;........ | ........&#10;........ | ........&#10;&#10;step=1, rand=2, actions=&lt;Right&gt;&#10;Want     | Got ✓   &#10;-------------------&#10;.....L.. | .....L..&#10;...LLL.. | ...LLL..&#10;........ | ........&#10;........ | ........&#10;........ | ........&#10;........ | ........&#10;........ | ........&#10;........ | ........&#10;........ | ........&#10;........ | ........&#10;........ | ........&#10;&#10;step=2, rand=2, actions=&lt;Right&gt;&#10;Want     | Got ✓   &#10;-------------------&#10;......L. | ......L.&#10;....LLL. | ....LLL.&#10;........ | ........&#10;........ | ........&#10;........ | ........&#10;........ | ........&#10;........ | ........&#10;........ | ........&#10;........ | ........&#10;........ | ........&#10;........ | ........&#10;&#10;step=3, rand=2, actions=&lt;Down&gt;&#10;Want     | Got ✓   &#10;-------------------&#10;........ | ........&#10;......L. | ......L.&#10;....LLL. | ....LLL.&#10;........ | ........&#10;........ | ........&#10;........ | ........&#10;........ | ........&#10;........ | ........&#10;........ | ........&#10;........ | ........&#10;........ | ........&#10;&#10;step=4, rand=2, actions=&lt;Down&gt;&#10;Want     | Got ✓   &#10;-------------------&#10;........ | ........&#10;........ | ........&#10;......L. | ......L.&#10;....LLL. | ....LLL.&#10;........ | ........&#10;........ | ........&#10;........ | ........&#10;........ | ........&#10;........ | ........&#10;........ | ........&#10;........ | ........&#10;&#10;step=5, rand=2, actions=&lt;Down&gt;&#10;Want     | Got ✓   &#10;-------------------&#10;........ | ........&#10;........ | ........&#10;........ | ........&#10;......L. | ......L.&#10;....LLL. | ....LLL.&#10;........ | ........&#10;........ | ........&#10;........ | ........&#10;........ | ........&#10;........ | ........&#10;........ | ........&#10;&#10;step=6, rand=2, actions=&lt;Down&gt;&#10;Want     | Got ✓   &#10;-------------------&#10;........ | ........&#10;........ | ........&#10;........ | ........&#10;........ | ........&#10;......L. | ......L.&#10;....LLL. | ....LLL.&#10;........ | ........&#10;........ | ........&#10;........ | ........&#10;........ | ........&#10;........ | ........&#10;&#10;step=7, rand=2, actions=&lt;Down&gt;&#10;Want     | Got ✓   &#10;-------------------&#10;........ | ........&#10;........ | ........&#10;........ | ........&#10;........ | ........&#10;........ | ........&#10;......L. | ......L.&#10;....LLL. | ....LLL.&#10;........ | ........&#10;........ | ........&#10;........ | ........&#10;........ | ........&#10;&#10;step=8, rand=2, actions=&lt;Down&gt;&#10;Want     | Got ✓   &#10;-------------------&#10;........ | ........&#10;........ | ........&#10;........ | ........&#10;........ | ........&#10;........ | ........&#10;........ | ........&#10;......L. | ......L.&#10;....LLL. | ....LLL.&#10;........ | ........&#10;........ | ........&#10;........ | ........&#10;&#10;step=9, rand=2, actions=&lt;Down&gt;&#10;Want     | Got ✓   &#10;-------------------&#10;........ | ........&#10;........ | ........&#10;........ | ........&#10;........ | ........&#10;........ | ........&#10;........ | ........&#10;........ | ........&#10;......L. | ......L.&#10;....LLL. | ....LLL.&#10;........ | ........&#10;........ | ........&#10;&#10;step=10, rand=2, actions=&lt;Down&gt;&#10;Want     | Got ✓   &#10;-------------------&#10;........ | ........&#10;........ | ........&#10;........ | ........&#10;........ | ........&#10;........ | ........&#10;........ | ........&#10;........ | ........&#10;........ | ........&#10;......L. | ......L.&#10;....LLL. | ....LLL.&#10;........ | ........&#10;&#10;step=11, rand=2, actions=&lt;Down&gt;&#10;Want     | Got ✓   &#10;-------------------&#10;........ | ........&#10;........ | ........&#10;........ | ........&#10;........ | ........&#10;........ | ........&#10;........ | ........&#10;........ | ........&#10;........ | ........&#10;........ | ........&#10;......L. | ......L.&#10;....LLL. | ....LLL.&#10;&#10;step=12, rand=6, actions=&lt;Down&gt;&#10;Want     | Got ✓   &#10;-------------------&#10;..ZZ.... | ..ZZ....&#10;...ZZ... | ...ZZ...&#10;........ | ........&#10;........ | ........&#10;........ | ........&#10;........ | ........&#10;........ | ........&#10;........ | ........&#10;........ | ........&#10;......L. | ......L.&#10;....LLL. | ....LLL.&#10;&#10;step=13, rand=6, actions=&lt;RotateRight&gt;&#10;Want     | Got ✓   &#10;-------------------&#10;....Z... | ....Z...&#10;...ZZ... | ...ZZ...&#10;...Z.... | ...Z....&#10;........ | ........&#10;........ | ........&#10;........ | ........&#10;........ | ........&#10;........ | ........&#10;........ | ........&#10;......L. | ......L.&#10;....LLL. | ....LLL.&#10;&#10;step=14, rand=6, actions=&lt;Down&gt;&#10;Want     | Got ✓   &#10;-------------------&#10;........ | ........&#10;....Z... | ....Z...&#10;...ZZ... | ...ZZ...&#10;...Z.... | ...Z....&#10;........ | ........&#10;........ | ........&#10;........ | ........&#10;........ | ........&#10;........ | ........&#10;......L. | ......L.&#10;....LLL. | ....LLL.&#10;&#10;step=15, rand=6, actions=&lt;Down&gt;&#10;Want     | Got ✓   &#10;-------------------&#10;........ | ........&#10;........ | ........&#10;....Z... | ....Z...&#10;...ZZ... | ...ZZ...&#10;...Z.... | ...Z....&#10;........ | ........&#10;........ | ........&#10;........ | ........&#10;........ | ........&#10;......L. | ......L.&#10;....LLL. | ....LLL.&#10;&#10;step=16, rand=6, actions=&lt;Down&gt;&#10;Want     | Got ✓   &#10;-------------------&#10;........ | ........&#10;........ | ........&#10;........ | ........&#10;....Z... | ....Z...&#10;...ZZ... | ...ZZ...&#10;...Z.... | ...Z....&#10;........ | ........&#10;........ | ........&#10;........ | ........&#10;......L. | ......L.&#10;....LLL. | ....LLL.&#10;&#10;step=17, rand=6, actions=&lt;Down&gt;&#10;Want     | Got ✓   &#10;-------------------&#10;........ | ........&#10;........ | ........&#10;........ | ........&#10;........ | ........&#10;....Z... | ....Z...&#10;...ZZ... | ...ZZ...&#10;...Z.... | ...Z....&#10;........ | ........&#10;........ | ........&#10;......L. | ......L.&#10;....LLL. | ....LLL.&#10;&#10;step=18, rand=6, actions=&lt;Down&gt;&#10;Want     | Got ✓   &#10;-------------------&#10;........ | ........&#10;........ | ........&#10;........ | ........&#10;........ | ........&#10;........ | ........&#10;....Z... | ....Z...&#10;...ZZ... | ...ZZ...&#10;...Z.... | ...Z....&#10;........ | ........&#10;......L. | ......L.&#10;....LLL. | ....LLL.&#10;&#10;step=19, rand=6, actions=&lt;Down&gt;&#10;Want     | Got ✓   &#10;-------------------&#10;........ | ........&#10;........ | ........&#10;........ | ........&#10;........ | ........&#10;........ | ........&#10;........ | ........&#10;....Z... | ....Z...&#10;...ZZ... | ...ZZ...&#10;...Z.... | ...Z....&#10;......L. | ......L.&#10;....LLL. | ....LLL.&#10;&#10;step=20, rand=6, actions=&lt;Down&gt;&#10;Want     | Got ✓   &#10;-------------------&#10;........ | ........&#10;........ | ........&#10;........ | ........&#10;........ | ........&#10;........ | ........&#10;........ | ........&#10;........ | ........&#10;....Z... | ....Z...&#10;...ZZ... | ...ZZ...&#10;...Z..L. | ...Z..L.&#10;....LLL. | ....LLL.&#10;&#10;step=21, rand=6, actions=&lt;Down&gt;&#10;Want     | Got ✓   &#10;-------------------&#10;........ | ........&#10;........ | ........&#10;........ | ........&#10;........ | ........&#10;........ | ........&#10;........ | ........&#10;........ | ........&#10;........ | ........&#10;....Z... | ....Z...&#10;...ZZ.L. | ...ZZ.L.&#10;...ZLLL. | ...ZLLL.&#10;&#10;step=22, rand=4, actions=&lt;Down&gt;&#10;Want     | Got ✓   &#10;-------------------&#10;...SS... | ...SS...&#10;..SS.... | ..SS....&#10;........ | ........&#10;........ | ........&#10;........ | ........&#10;........ | ........&#10;........ | ........&#10;........ | ........&#10;....Z... | ....Z...&#10;...ZZ.L. | ...ZZ.L.&#10;...ZLLL. | ...ZLLL.&#10;&#10;step=23, rand=4, actions=&lt;Left&gt;&#10;Want     | Got ✓   &#10;-------------------&#10;..SS.... | ..SS....&#10;.SS..... | .SS.....&#10;........ | ........&#10;........ | ........&#10;........ | ........&#10;........ | ........&#10;........ | ........&#10;........ | ........&#10;....Z... | ....Z...&#10;...ZZ.L. | ...ZZ.L.&#10;...ZLLL. | ...ZLLL.&#10;&#10;step=24, rand=4, actions=&lt;RotateRight&gt;&#10;Want     | Got ✓   &#10;-------------------&#10;..S..... | ..S.....&#10;..SS.... | ..SS....&#10;...S.... | ...S....&#10;........ | ........&#10;........ | ........&#10;........ | ........&#10;........ | ........&#10;........ | ........&#10;....Z... | ....Z...&#10;...ZZ.L. | ...ZZ.L.&#10;...ZLLL. | ...ZLLL.&#10;&#10;step=25, rand=4, actions=&lt;Left&gt;&#10;Want     | Got ✓   &#10;-------------------&#10;.S...... | .S......&#10;.SS..... | .SS.....&#10;..S..... | ..S.....&#10;........ | ........&#10;........ | ........&#10;........ | ........&#10;........ | ........&#10;........ | ........&#10;....Z... | ....Z...&#10;...ZZ.L. | ...ZZ.L.&#10;...ZLLL. | ...ZLLL.&#10;&#10;step=26, rand=4, actions=&lt;Down&gt;&#10;Want     | Got ✓   &#10;-------------------&#10;........ | ........&#10;.S...... | .S......&#10;.SS..... | .SS.....&#10;..S..... | ..S.....&#10;........ | ........&#10;........ | ........&#10;........ | ........&#10;........ | ........&#10;....Z... | ....Z...&#10;...ZZ.L. | ...ZZ.L.&#10;...ZLLL. | ...ZLLL.&#10;&#10;step=27, rand=4, actions=&lt;Down&gt;&#10;Want     | Got ✓   &#10;-------------------&#10;........ | ........&#10;........ | ........&#10;.S...... | .S......&#10;.SS..... | .SS.....&#10;..S..... | ..S.....&#10;........ | ........&#10;........ | ........&#10;........ | ........&#10;....Z... | ....Z...&#10;...ZZ.L. | ...ZZ.L.&#10;...ZLLL. | ...ZLLL.&#10;&#10;step=28, rand=4, actions=&lt;Down&gt;&#10;Want     | Got ✓   &#10;-------------------&#10;........ | ........&#10;........ | ........&#10;........ | ........&#10;.S...... | .S......&#10;.SS..... | .SS.....&#10;..S..... | ..S.....&#10;........ | ........&#10;........ | ........&#10;....Z... | ....Z...&#10;...ZZ.L. | ...ZZ.L.&#10;...ZLLL. | ...ZLLL.&#10;&#10;step=29, rand=4, actions=&lt;Down&gt;&#10;Want     | Got ✓   &#10;-------------------&#10;........ | ........&#10;........ | ........&#10;........ | ........&#10;........ | ........&#10;.S...... | .S......&#10;.SS..... | .SS.....&#10;..S..... | ..S.....&#10;........ | ........&#10;....Z... | ....Z...&#10;...ZZ.L. | ...ZZ.L.&#10;...ZLLL. | ...ZLLL.&#10;&#10;step=30, rand=4, actions=&lt;Down&gt;&#10;Want     | Got ✓   &#10;-------------------&#10;........ | ........&#10;........ | ........&#10;........ | ........&#10;........ | ........&#10;........ | ........&#10;.S...... | .S......&#10;.SS..... | .SS.....&#10;..S..... | ..S.....&#10;....Z... | ....Z...&#10;...ZZ.L. | ...ZZ.L.&#10;...ZLLL. | ...ZLLL.&#10;&#10;step=31, rand=4, actions=&lt;Down&gt;&#10;Want     | Got ✓   &#10;-------------------&#10;........ | ........&#10;........ | ........&#10;........ | ........&#10;........ | ........&#10;........ | ........&#10;........ | ........&#10;.S...... | .S......&#10;.SS..... | .SS.....&#10;..S.Z... | ..S.Z...&#10;...ZZ.L. | ...ZZ.L.&#10;...ZLLL. | ...ZLLL.&#10;&#10;step=32, rand=4, actions=&lt;Down&gt;&#10;Want     | Got ✓   &#10;-------------------&#10;........ | ........&#10;........ | ........&#10;........ | ........&#10;........ | ........&#10;........ | ........&#10;........ | ........&#10;........ | ........&#10;.S...... | .S......&#10;.SS.Z... | .SS.Z...&#10;..SZZ.L. | ..SZZ.L.&#10;...ZLLL. | ...ZLLL.&#10;&#10;step=33, rand=4, actions=&lt;Down&gt;&#10;Want     | Got ✓   &#10;-------------------&#10;........ | ........&#10;........ | ........&#10;........ | ........&#10;........ | ........&#10;........ | ........&#10;........ | ........&#10;........ | ........&#10;........ | ........&#10;.S..Z... | .S..Z...&#10;.SSZZ.L. | .SSZZ.L.&#10;..SZLLL. | ..SZLLL.&#10;&#10;step=34, rand=0, actions=&lt;Down&gt;&#10;Want     | Got ✓   &#10;-------------------&#10;........ | ........&#10;..IIII.. | ..IIII..&#10;........ | ........&#10;........ | ........&#10;........ | ........&#10;........ | ........&#10;........ | ........&#10;........ | ........&#10;.S..Z... | .S..Z...&#10;.SSZZ.L. | .SSZZ.L.&#10;..SZLLL. | ..SZLLL.&#10;&#10;step=35, rand=0, actions=&lt;RotateRight&gt;&#10;Want     | Got ✓   &#10;-------------------&#10;....I... | ....I...&#10;....I... | ....I...&#10;....I... | ....I...&#10;....I... | ....I...&#10;........ | ........&#10;........ | ........&#10;........ | ........&#10;........ | ........&#10;.S..Z... | .S..Z...&#10;.SSZZ.L. | .SSZZ.L.&#10;..SZLLL. | ..SZLLL.&#10;&#10;step=36, rand=0, actions=&lt;Left&gt;&#10;Want     | Got ✓   &#10;-------------------&#10;...I.... | ...I....&#10;...I.... | ...I....&#10;...I.... | ...I....&#10;...I.... | ...I....&#10;........ | ........&#10;........ | ........&#10;........ | ........&#10;........ | ........&#10;.S..Z... | .S..Z...&#10;.SSZZ.L. | .SSZZ.L.&#10;..SZLLL. | ..SZLLL.&#10;&#10;step=37, rand=0, actions=&lt;Left&gt;&#10;Want     | Got ✓   &#10;-------------------&#10;..I..... | ..I.....&#10;..I..... | ..I.....&#10;..I..... | ..I.....&#10;..I..... | ..I.....&#10;........ | ........&#10;........ | ........&#10;........ | ........&#10;........ | ........&#10;.S..Z... | .S..Z...&#10;.SSZZ.L. | .SSZZ.L.&#10;..SZLLL. | ..SZLLL.&#10;&#10;step=38, rand=0, actions=&lt;Left&gt;&#10;Want     | Got ✓   &#10;-------------------&#10;.I...... | .I......&#10;.I...... | .I......&#10;.I...... | .I......&#10;.I...... | .I......&#10;........ | ........&#10;........ | ........&#10;........ | ........&#10;........ | ........&#10;.S..Z... | .S..Z...&#10;.SSZZ.L. | .SSZZ.L.&#10;..SZLLL. | ..SZLLL.&#10;&#10;step=39, rand=0, actions=&lt;Left&gt;&#10;Want     | Got ✓   &#10;-------------------&#10;I....... | I.......&#10;I....... | I.......&#10;I....... | I.......&#10;I....... | I.......&#10;........ | ........&#10;........ | ........&#10;........ | ........&#10;........ | ........&#10;.S..Z... | .S..Z...&#10;.SSZZ.L. | .SSZZ.L.&#10;..SZLLL. | ..SZLLL.&#10;&#10;step=40, rand=0, actions=&lt;Left&gt;&#10;Want     | Got ✓   &#10;-------------------&#10;I....... | I.......&#10;I....... | I.......&#10;I....... | I.......&#10;I....... | I.......&#10;........ | ........&#10;........ | ........&#10;........ | ........&#10;........ | ........&#10;.S..Z... | .S..Z...&#10;.SSZZ.L. | .SSZZ.L.&#10;..SZLLL. | ..SZLLL.&#10;&#10;step=41, rand=0, actions=&lt;Down&gt;&#10;Want     | Got ✓   &#10;-------------------&#10;........ | ........&#10;I....... | I.......&#10;I....... | I.......&#10;I....... | I.......&#10;I....... | I.......&#10;........ | ........&#10;........ | ........&#10;........ | ........&#10;.S..Z... | .S..Z...&#10;.SSZZ.L. | .SSZZ.L.&#10;..SZLLL. | ..SZLLL.&#10;&#10;step=42, rand=0, actions=&lt;Down&gt;&#10;Want     | Got ✓   &#10;-------------------&#10;........ | ........&#10;........ | ........&#10;I....... | I.......&#10;I....... | I.......&#10;I....... | I.......&#10;I....... | I.......&#10;........ | ........&#10;........ | ........&#10;.S..Z... | .S..Z...&#10;.SSZZ.L. | .SSZZ.L.&#10;..SZLLL. | ..SZLLL.&#10;&#10;step=43, rand=0, actions=&lt;Down&gt;&#10;Want     | Got ✓   &#10;-------------------&#10;........ | ........&#10;........ | ........&#10;........ | ........&#10;I....... | I.......&#10;I....... | I.......&#10;I....... | I.......&#10;I....... | I.......&#10;........ | ........&#10;.S..Z... | .S..Z...&#10;.SSZZ.L. | .SSZZ.L.&#10;..SZLLL. | ..SZLLL.&#10;&#10;step=44, rand=0, actions=&lt;Down&gt;&#10;Want     | Got ✓   &#10;-------------------&#10;........ | ........&#10;........ | ........&#10;........ | ........&#10;........ | ........&#10;I....... | I.......&#10;I....... | I.......&#10;I....... | I.......&#10;I....... | I.......&#10;.S..Z... | .S..Z...&#10;.SSZZ.L. | .SSZZ.L.&#10;..SZLLL. | ..SZLLL.&#10;&#10;step=45, rand=0, actions=&lt;Down&gt;&#10;Want     | Got ✓   &#10;-------------------&#10;........ | ........&#10;........ | ........&#10;........ | ........&#10;........ | ........&#10;........ | ........&#10;I....... | I.......&#10;I....... | I.......&#10;I....... | I.......&#10;IS..Z... | IS..Z...&#10;.SSZZ.L. | .SSZZ.L.&#10;..SZLLL. | ..SZLLL.&#10;&#10;step=46, rand=0, actions=&lt;Down&gt;&#10;Want     | Got ✓   &#10;-------------------&#10;........ | ........&#10;........ | ........&#10;........ | ........&#10;........ | ........&#10;........ | ........&#10;........ | ........&#10;I....... | I.......&#10;I....... | I.......&#10;IS..Z... | IS..Z...&#10;ISSZZ.L. | ISSZZ.L.&#10;..SZLLL. | ..SZLLL.&#10;&#10;step=47, rand=0, actions=&lt;Down&gt;&#10;Want     | Got ✓   &#10;-------------------&#10;........ | ........&#10;........ | ........&#10;........ | ........&#10;........ | ........&#10;........ | ........&#10;........ | ........&#10;........ | ........&#10;I....... | I.......&#10;IS..Z... | IS..Z...&#10;ISSZZ.L. | ISSZZ.L.&#10;I.SZLLL. | I.SZLLL.&#10;&#10;step=48, rand=3, actions=&lt;Down&gt;&#10;Want     | Got ✓   &#10;-------------------&#10;...OO... | ...OO...&#10;...OO... | ...OO...&#10;........ | ........&#10;........ | ........&#10;........ | ........&#10;........ | ........&#10;........ | ........&#10;I....... | I.......&#10;IS..Z... | IS..Z...&#10;ISSZZ.L. | ISSZZ.L.&#10;I.SZLLL. | I.SZLLL.&#10;&#10;step=49, rand=3, actions=&lt;Left&gt;&#10;Want     | Got ✓   &#10;-------------------&#10;..OO.... | ..OO....&#10;..OO.... | ..OO....&#10;........ | ........&#10;........ | ........&#10;........ | ........&#10;........ | ........&#10;........ | ........&#10;I....... | I.......&#10;IS..Z... | IS..Z...&#10;ISSZZ.L. | ISSZZ.L.&#10;I.SZLLL. | I.SZLLL.&#10;&#10;step=50, rand=3, actions=&lt;Down&gt;&#10;Want     | Got ✓   &#10;-------------------&#10;........ | ........&#10;..OO.... | ..OO....&#10;..OO.... | ..OO....&#10;........ | ........&#10;........ | ........&#10;........ | ........&#10;........ | ........&#10;I....... | I.......&#10;IS..Z... | IS..Z...&#10;ISSZZ.L. | ISSZZ.L.&#10;I.SZLLL. | I.SZLLL.&#10;&#10;step=51, rand=3, actions=&lt;Left&gt;&#10;Want     | Got ✓   &#10;-------------------&#10;........ | ........&#10;.OO..... | .OO.....&#10;.OO..... | .OO.....&#10;........ | ........&#10;........ | ........&#10;........ | ........&#10;........ | ........&#10;I....... | I.......&#10;IS..Z... | IS..Z...&#10;ISSZZ.L. | ISSZZ.L.&#10;I.SZLLL. | I.SZLLL.&#10;&#10;step=52, rand=3, actions=&lt;Down&gt;&#10;Want     | Got ✓   &#10;-------------------&#10;........ | ........&#10;........ | ........&#10;.OO..... | .OO.....&#10;.OO..... | .OO.....&#10;........ | ........&#10;........ | ........&#10;........ | ........&#10;I....... | I.......&#10;IS..Z... | IS..Z...&#10;ISSZZ.L. | ISSZZ.L.&#10;I.SZLLL. | I.SZLLL.&#10;&#10;step=53, rand=3, actions=&lt;Down&gt;&#10;Want     | Got ✓   &#10;-------------------&#10;........ | ........&#10;........ | ........&#10;........ | ........&#10;.OO..... | .OO.....&#10;.OO..... | .OO.....&#10;........ | ........&#10;........ | ........&#10;I....... | I.......&#10;IS..Z... | IS..Z...&#10;ISSZZ.L. | ISSZZ.L.&#10;I.SZLLL. | I.SZLLL.&#10;&#10;step=54, rand=3, actions=&lt;Down&gt;&#10;Want     | Got ✓   &#10;-------------------&#10;........ | ........&#10;........ | ........&#10;........ | ........&#10;........ | ........&#10;.OO..... | .OO.....&#10;.OO..... | .OO.....&#10;........ | ........&#10;I....... | I.......&#10;IS..Z... | IS..Z...&#10;ISSZZ.L. | ISSZZ.L.&#10;I.SZLLL. | I.SZLLL.&#10;&#10;step=55, rand=3, actions=&lt;Down&gt;&#10;Want     | Got ✓   &#10;-------------------&#10;........ | ........&#10;........ | ........&#10;........ | ........&#10;........ | ........&#10;........ | ........&#10;.OO..... | .OO.....&#10;.OO..... | .OO.....&#10;I....... | I.......&#10;IS..Z... | IS..Z...&#10;ISSZZ.L. | ISSZZ.L.&#10;I.SZLLL. | I.SZLLL.&#10;&#10;step=56, rand=3, actions=&lt;Right&gt;&#10;Want     | Got ✓   &#10;-------------------&#10;........ | ........&#10;........ | ........&#10;........ | ........&#10;........ | ........&#10;........ | ........&#10;..OO.... | ..OO....&#10;..OO.... | ..OO....&#10;I....... | I.......&#10;IS..Z... | IS..Z...&#10;ISSZZ.L. | ISSZZ.L.&#10;I.SZLLL. | I.SZLLL.&#10;&#10;step=57, rand=3, actions=&lt;Down&gt;&#10;Want     | Got ✓   &#10;-------------------&#10;........ | ........&#10;........ | ........&#10;........ | ........&#10;........ | ........&#10;........ | ........&#10;........ | ........&#10;..OO.... | ..OO....&#10;I.OO.... | I.OO....&#10;IS..Z... | IS..Z...&#10;ISSZZ.L. | ISSZZ.L.&#10;I.SZLLL. | I.SZLLL.&#10;&#10;step=58, rand=3, actions=&lt;Down&gt;&#10;Want     | Got ✓   &#10;-------------------&#10;........ | ........&#10;........ | ........&#10;........ | ........&#10;........ | ........&#10;........ | ........&#10;........ | ........&#10;........ | ........&#10;I.OO.... | I.OO....&#10;ISOOZ... | ISOOZ...&#10;ISSZZ.L. | ISSZZ.L.&#10;I.SZLLL. | I.SZLLL.&#10;&#10;step=59, rand=3, actions=&lt;Down&gt;&#10;Want     | Got ✓   &#10;-------------------&#10;...OO... | ...OO...&#10;...OO... | ...OO...&#10;........ | ........&#10;........ | ........&#10;........ | ........&#10;........ | ........&#10;........ | ........&#10;I.OO.... | I.OO....&#10;ISOOZ... | ISOOZ...&#10;ISSZZ.L. | ISSZZ.L.&#10;I.SZLLL. | I.SZLLL.&#10;&#10;step=60, rand=3, actions=&lt;Left&gt;&#10;Want     | Got ✓   &#10;-------------------&#10;..OO.... | ..OO....&#10;..OO.... | ..OO....&#10;........ | ........&#10;........ | ........&#10;........ | ........&#10;........ | ........&#10;........ | ........&#10;I.OO.... | I.OO....&#10;ISOOZ... | ISOOZ...&#10;ISSZZ.L. | ISSZZ.L.&#10;I.SZLLL. | I.SZLLL.&#10;&#10;step=61, rand=3, actions=&lt;Down&gt;&#10;Want     | Got ✓   &#10;-------------------&#10;........ | ........&#10;..OO.... | ..OO....&#10;..OO.... | ..OO....&#10;........ | ........&#10;........ | ........&#10;........ | ........&#10;........ | ........&#10;I.OO.... | I.OO....&#10;ISOOZ... | ISOOZ...&#10;ISSZZ.L. | ISSZZ.L.&#10;I.SZLLL. | I.SZLLL.&#10;&#10;step=62, rand=3, actions=&lt;Down&gt;&#10;Want     | Got ✓   &#10;-------------------&#10;........ | ........&#10;........ | ........&#10;..OO.... | ..OO....&#10;..OO.... | ..OO....&#10;........ | ........&#10;........ | ........&#10;........ | ........&#10;I.OO.... | I.OO....&#10;ISOOZ... | ISOOZ...&#10;ISSZZ.L. | ISSZZ.L.&#10;I.SZLLL. | I.SZLLL.&#10;&#10;step=63, rand=3, actions=&lt;Down&gt;&#10;Want     | Got ✓   &#10;-------------------&#10;........ | ........&#10;........ | ........&#10;........ | ........&#10;..OO.... | ..OO....&#10;..OO.... | ..OO....&#10;........ | ........&#10;........ | ........&#10;I.OO.... | I.OO....&#10;ISOOZ... | ISOOZ...&#10;ISSZZ.L. | ISSZZ.L.&#10;I.SZLLL. | I.SZLLL.&#10;&#10;step=64, rand=3, actions=&lt;Down&gt;&#10;Want     | Got ✓   &#10;-------------------&#10;........ | ........&#10;........ | ........&#10;........ | ........&#10;........ | ........&#10;..OO.... | ..OO....&#10;..OO.... | ..OO....&#10;........ | ........&#10;I.OO.... | I.OO....&#10;ISOOZ... | ISOOZ...&#10;ISSZZ.L. | ISSZZ.L.&#10;I.SZLLL. | I.SZLLL.&#10;&#10;step=65, rand=3, actions=&lt;Down&gt;&#10;Want     | Got ✓   &#10;-------------------&#10;........ | ........&#10;........ | ........&#10;........ | ........&#10;........ | ........&#10;........ | ........&#10;..OO.... | ..OO....&#10;..OO.... | ..OO....&#10;I.OO.... | I.OO....&#10;ISOOZ... | ISOOZ...&#10;ISSZZ.L. | ISSZZ.L.&#10;I.SZLLL. | I.SZLLL.&#10;&#10;step=66, rand=2, actions=&lt;Down&gt;&#10;Want     | Got ✓   &#10;-------------------&#10;....L... | ....L...&#10;..LLL... | ..LLL...&#10;........ | ........&#10;........ | ........&#10;........ | ........&#10;..OO.... | ..OO....&#10;..OO.... | ..OO....&#10;I.OO.... | I.OO....&#10;ISOOZ... | ISOOZ...&#10;ISSZZ.L. | ISSZZ.L.&#10;I.SZLLL. | I.SZLLL.&#10;&#10;step=67, rand=2, actions=&lt;RotateRight&gt;&#10;Want     | Got ✓   &#10;-------------------&#10;...L.... | ...L....&#10;...L.... | ...L....&#10;...LL... | ...LL...&#10;........ | ........&#10;........ | ........&#10;..OO.... | ..OO....&#10;..OO.... | ..OO....&#10;I.OO.... | I.OO....&#10;ISOOZ... | ISOOZ...&#10;ISSZZ.L. | ISSZZ.L.&#10;I.SZLLL. | I.SZLLL.&#10;&#10;step=68, rand=2, actions=&lt;Right&gt;&#10;Want     | Got ✓   &#10;-------------------&#10;....L... | ....L...&#10;....L... | ....L...&#10;....LL.. | ....LL..&#10;........ | ........&#10;........ | ........&#10;..OO.... | ..OO....&#10;..OO.... | ..OO....&#10;I.OO.... | I.OO....&#10;ISOOZ... | ISOOZ...&#10;ISSZZ.L. | ISSZZ.L.&#10;I.SZLLL. | I.SZLLL.&#10;&#10;step=69, rand=2, actions=&lt;Right&gt;&#10;Want     | Got ✓   &#10;-------------------&#10;.....L.. | .....L..&#10;.....L.. | .....L..&#10;.....LL. | .....LL.&#10;........ | ........&#10;........ | ........&#10;..OO.... | ..OO....&#10;..OO.... | ..OO....&#10;I.OO.... | I.OO....&#10;ISOOZ... | ISOOZ...&#10;ISSZZ.L. | ISSZZ.L.&#10;I.SZLLL. | I.SZLLL.&#10;&#10;step=70, rand=2, actions=&lt;RotateRight&gt;&#10;Want     | Got ✓   &#10;-------------------&#10;........ | ........&#10;....LLL. | ....LLL.&#10;....L... | ....L...&#10;........ | ........&#10;........ | ........&#10;..OO.... | ..OO....&#10;..OO.... | ..OO....&#10;I.OO.... | I.OO....&#10;ISOOZ... | ISOOZ...&#10;ISSZZ.L. | ISSZZ.L.&#10;I.SZLLL. | I.SZLLL.&#10;&#10;step=71, rand=2, actions=&lt;RotateRight&gt;&#10;Want     | Got ✓   &#10;-------------------&#10;....LL.. | ....LL..&#10;.....L.. | .....L..&#10;.....L.. | .....L..&#10;........ | ........&#10;........ | ........&#10;..OO.... | ..OO....&#10;..OO.... | ..OO....&#10;I.OO.... | I.OO....&#10;ISOOZ... | ISOOZ...&#10;ISSZZ.L. | ISSZZ.L.&#10;I.SZLLL. | I.SZLLL.&#10;&#10;step=72, rand=2, actions=&lt;Right&gt;&#10;Want     | Got ✓   &#10;-------------------&#10;.....LL. | .....LL.&#10;......L. | ......L.&#10;......L. | ......L.&#10;........ | ........&#10;........ | ........&#10;..OO.... | ..OO....&#10;..OO.... | ..OO....&#10;I.OO.... | I.OO....&#10;ISOOZ... | ISOOZ...&#10;ISSZZ.L. | ISSZZ.L.&#10;I.SZLLL. | I.SZLLL.&#10;&#10;step=73, rand=2, actions=&lt;Right&gt;&#10;Want     | Got ✓   &#10;-------------------&#10;......LL | ......LL&#10;.......L | .......L&#10;.......L | .......L&#10;........ | ........&#10;........ | ........&#10;..OO.... | ..OO....&#10;..OO.... | ..OO....&#10;I.OO.... | I.OO....&#10;ISOOZ... | ISOOZ...&#10;ISSZZ.L. | ISSZZ.L.&#10;I.SZLLL. | I.SZLLL.&#10;&#10;step=74, rand=2, actions=&lt;Down&gt;&#10;Want     | Got ✓   &#10;-------------------&#10;........ | ........&#10;......LL | ......LL&#10;.......L | .......L&#10;.......L | .......L&#10;........ | ........&#10;..OO.... | ..OO....&#10;..OO.... | ..OO....&#10;I.OO.... | I.OO....&#10;ISOOZ... | ISOOZ...&#10;ISSZZ.L. | ISSZZ.L.&#10;I.SZLLL. | I.SZLLL.&#10;&#10;step=75, rand=2, actions=&lt;Down&gt;&#10;Want     | Got ✓   &#10;-------------------&#10;........ | ........&#10;........ | ........&#10;......LL | ......LL&#10;.......L | .......L&#10;.......L | .......L&#10;..OO.... | ..OO....&#10;..OO.... | ..OO....&#10;I.OO.... | I.OO....&#10;ISOOZ... | ISOOZ...&#10;ISSZZ.L. | ISSZZ.L.&#10;I.SZLLL. | I.SZLLL.&#10;&#10;step=76, rand=2, actions=&lt;Down&gt;&#10;Want     | Got ✓   &#10;-------------------&#10;........ | ........&#10;........ | ........&#10;........ | ........&#10;......LL | ......LL&#10;.......L | .......L&#10;..OO...L | ..OO...L&#10;..OO.... | ..OO....&#10;I.OO.... | I.OO....&#10;ISOOZ... | ISOOZ...&#10;ISSZZ.L. | ISSZZ.L.&#10;I.SZLLL. | I.SZLLL.&#10;&#10;step=77, rand=2, actions=&lt;Down&gt;&#10;Want     | Got ✓   &#10;-------------------&#10;........ | ........&#10;........ | ........&#10;........ | ........&#10;........ | ........&#10;......LL | ......LL&#10;..OO...L | ..OO...L&#10;..OO...L | ..OO...L&#10;I.OO.... | I.OO....&#10;ISOOZ... | ISOOZ...&#10;ISSZZ.L. | ISSZZ.L.&#10;I.SZLLL. | I.SZLLL.&#10;&#10;step=78, rand=2, actions=&lt;Down&gt;&#10;Want     | Got ✓   &#10;-------------------&#10;........ | ........&#10;........ | ........&#10;........ | ........&#10;........ | ........&#10;........ | ........&#10;..OO..LL | ..OO..LL&#10;..OO...L | ..OO...L&#10;I.OO...L | I.OO...L&#10;ISOOZ... | ISOOZ...&#10;ISSZZ.L. | ISSZZ.L.&#10;I.SZLLL. | I.SZLLL.&#10;&#10;step=79, rand=2, actions=&lt;Down&gt;&#10;Want     | Got ✓   &#10;-------------------&#10;........ | ........&#10;........ | ........&#10;........ | ........&#10;........ | ........&#10;........ | ........&#10;..OO.... | ..OO....&#10;..OO..LL | ..OO..LL&#10;I.OO...L | I.OO...L&#10;ISOOZ..L | ISOOZ..L&#10;ISSZZ.L. | ISSZZ.L.&#10;I.SZLLL. | I.SZLLL.&#10;&#10;step=80, rand=2, actions=&lt;Down&gt;&#10;Want     | Got ✓   &#10;-------------------&#10;........ | ........&#10;........ | ........&#10;........ | ........&#10;........ | ........&#10;........ | ........&#10;..OO.... | ..OO....&#10;..OO.... | ..OO....&#10;I.OO..LL | I.OO..LL&#10;ISOOZ..L | ISOOZ..L&#10;ISSZZ.LL | ISSZZ.LL&#10;I.SZLLL. | I.SZLLL.&#10;&#10;step=81, rand=2, actions=&lt;Down&gt;&#10;Want     | Got ✓   &#10;-------------------&#10;........ | ........&#10;........ | ........&#10;........ | ........&#10;........ | ........&#10;........ | ........&#10;..OO.... | ..OO....&#10;..OO.... | ..OO....&#10;I.OO.... | I.OO....&#10;ISOOZ.LL | ISOOZ.LL&#10;ISSZZ.LL | ISSZZ.LL&#10;I.SZLLLL | I.SZLLLL&#10;&#10;step=82, rand=5, actions=&lt;Down&gt;&#10;Want     | Got ✓   &#10;-------------------&#10;...T.... | ...T....&#10;..TTT... | ..TTT...&#10;........ | ........&#10;........ | ........&#10;........ | ........&#10;..OO.... | ..OO....&#10;..OO.... | ..OO....&#10;I.OO.... | I.OO....&#10;ISOOZ.LL | ISOOZ.LL&#10;ISSZZ.LL | ISSZZ.LL&#10;I.SZLLLL | I.SZLLLL&#10;&#10;step=83, rand=5, actions=&lt;Right&gt;&#10;Want     | Got ✓   &#10;-------------------&#10;....T... | ....T...&#10;...TTT.. | ...TTT..&#10;........ | ........&#10;........ | ........&#10;........ | ........&#10;..OO.... | ..OO....&#10;..OO.... | ..OO....&#10;I.OO.... | I.OO....&#10;ISOOZ.LL | ISOOZ.LL&#10;ISSZZ.LL | ISSZZ.LL&#10;I.SZLLLL | I.SZLLLL&#10;&#10;step=84, rand=5, actions=&lt;Right&gt;&#10;Want     | Got ✓   &#10;-------------------&#10;.....T.. | .....T..&#10;....TTT. | ....TTT.&#10;........ | ........&#10;........ | ........&#10;........ | ........&#10;..OO.... | ..OO....&#10;..OO.... | ..OO....&#10;I.OO.... | I.OO....&#10;ISOOZ.LL | ISOOZ.LL&#10;ISSZZ.LL | ISSZZ.LL&#10;I.SZLLLL | I.SZLLLL&#10;&#10;step=85, rand=5, actions=&lt;RotateRight&gt;&#10;Want     | Got ✓   &#10;-------------------&#10;.....T.. | .....T..&#10;.....TT. | .....TT.&#10;.....T.. | .....T..&#10;........ | ........&#10;........ | ........&#10;..OO.... | ..OO....&#10;..OO.... | ..OO....&#10;I.OO.... | I.OO....&#10;ISOOZ.LL | ISOOZ.LL&#10;ISSZZ.LL | ISSZZ.LL&#10;I.SZLLLL | I.SZLLLL&#10;&#10;step=86, rand=5, actions=&lt;RotateRight&gt;&#10;Want     | Got ✓   &#10;-------------------&#10;........ | ........&#10;....TTT. | ....TTT.&#10;.....T.. | .....T..&#10;........ | ........&#10;........ | ........&#10;..OO.... | ..OO....&#10;..OO.... | ..OO....&#10;I.OO.... | I.OO....&#10;ISOOZ.LL | ISOOZ.LL&#10;ISSZZ.LL | ISSZZ.LL&#10;I.SZLLLL | I.SZLLLL&#10;&#10;step=87, rand=5, actions=&lt;Down&gt;&#10;Want     | Got ✓   &#10;-------------------&#10;........ | ........&#10;........ | ........&#10;....TTT. | ....TTT.&#10;.....T.. | .....T..&#10;........ | ........&#10;..OO.... | ..OO....&#10;..OO.... | ..OO....&#10;I.OO.... | I.OO....&#10;ISOOZ.LL | ISOOZ.LL&#10;ISSZZ.LL | ISSZZ.LL&#10;I.SZLLLL | I.SZLLLL&#10;&#10;step=88, rand=5, actions=&lt;Down&gt;&#10;Want     | Got ✓   &#10;-------------------&#10;........ | ........&#10;........ | ........&#10;........ | ........&#10;....TTT. | ....TTT.&#10;.....T.. | .....T..&#10;..OO.... | ..OO....&#10;..OO.... | ..OO....&#10;I.OO.... | I.OO....&#10;ISOOZ.LL | ISOOZ.LL&#10;ISSZZ.LL | ISSZZ.LL&#10;I.SZLLLL | I.SZLLLL&#10;&#10;step=89, rand=5, actions=&lt;Down&gt;&#10;Want     | Got ✓   &#10;-------------------&#10;........ | ........&#10;........ | ........&#10;........ | ........&#10;........ | ........&#10;....TTT. | ....TTT.&#10;..OO.T.. | ..OO.T..&#10;..OO.... | ..OO....&#10;I.OO.... | I.OO....&#10;ISOOZ.LL | ISOOZ.LL&#10;ISSZZ.LL | ISSZZ.LL&#10;I.SZLLLL | I.SZLLLL&#10;&#10;step=90, rand=5, actions=&lt;Down&gt;&#10;Want     | Got ✓   &#10;-------------------&#10;........ | ........&#10;........ | ........&#10;........ | ........&#10;........ | ........&#10;........ | ........&#10;..OOTTT. | ..OOTTT.&#10;..OO.T.. | ..OO.T..&#10;I.OO.... | I.OO....&#10;ISOOZ.LL | ISOOZ.LL&#10;ISSZZ.LL | ISSZZ.LL&#10;I.SZLLLL | I.SZLLLL&#10;&#10;step=91, rand=5, actions=&lt;Down&gt;&#10;Want     | Got ✓   &#10;-------------------&#10;........ | ........&#10;........ | ........&#10;........ | ........&#10;........ | ........&#10;........ | ........&#10;..OO.... | ..OO....&#10;..OOTTT. | ..OOTTT.&#10;I.OO.T.. | I.OO.T..&#10;ISOOZ.LL | ISOOZ.LL&#10;ISSZZ.LL | ISSZZ.LL&#10;I.SZLLLL | I.SZLLLL&#10;&#10;step=92, rand=5, actions=&lt;Down&gt;&#10;Want     | Got ✓   &#10;-------------------&#10;........ | ........&#10;........ | ........&#10;........ | ........&#10;........ | ........&#10;........ | ........&#10;..OO.... | ..OO....&#10;..OO.... | ..OO....&#10;I.OOTTT. | I.OOTTT.&#10;ISOOZTLL | ISOOZTLL&#10;ISSZZ.LL | ISSZZ.LL&#10;I.SZLLLL | I.SZLLLL&#10;&#10;step=93, rand=4, actions=&lt;Down&gt;&#10;Want     | Got ✓   &#10;-------------------&#10;...SS... | ...SS...&#10;..SS.... | ..SS....&#10;........ | ........&#10;........ | ........&#10;........ | ........&#10;........ | ........&#10;..OO.... | ..OO....&#10;..OO.... | ..OO....&#10;I.OOTTT. | I.OOTTT.&#10;ISSZZ.LL | ISSZZ.LL&#10;I.SZLLLL | I.SZLLLL&#10;&#10;step=94, rand=4, actions=&lt;Right&gt;&#10;Want     | Got ✓   &#10;-------------------&#10;....SS.. | ....SS..&#10;...SS... | ...SS...&#10;........ | ........&#10;........ | ........&#10;........ | ........&#10;........ | ........&#10;..OO.... | ..OO....&#10;..OO.... | ..OO....&#10;I.OOTTT. | I.OOTTT.&#10;ISSZZ.LL | ISSZZ.LL&#10;I.SZLLLL | I.SZLLLL&#10;&#10;step=95, rand=4, actions=&lt;RotateRight&gt;&#10;Want     | Got ✓   &#10;-------------------&#10;....S... | ....S...&#10;....SS.. | ....SS..&#10;.....S.. | .....S..&#10;........ | ........&#10;........ | ........&#10;........ | ........&#10;..OO.... | ..OO....&#10;..OO.... | ..OO....&#10;I.OOTTT. | I.OOTTT.&#10;ISSZZ.LL | ISSZZ.LL&#10;I.SZLLLL | I.SZLLLL&#10;&#10;step=96, rand=4, actions=&lt;Right&gt;&#10;Want     | Got ✓   &#10;-------------------&#10;.....S.. | .....S..&#10;.....SS. | .....SS.&#10;......S. | ......S.&#10;........ | ........&#10;........ | ........&#10;........ | ........&#10;..OO.... | ..OO....&#10;..OO.... | ..OO....&#10;I.OOTTT. | I.OOTTT.&#10;ISSZZ.LL | ISSZZ.LL&#10;I.SZLLLL | I.SZLLLL&#10;&#10;step=97, rand=4, actions=&lt;Right&gt;&#10;Want     | Got ✓   &#10;-------------------&#10;......S. | ......S.&#10;......SS | ......SS&#10;.......S | .......S&#10;........ | ........&#10;........ | ........&#10;........ | ........&#10;..OO.... | ..OO....&#10;..OO.... | ..OO....&#10;I.OOTTT. | I.OOTTT.&#10;ISSZZ.LL | ISSZZ.LL&#10;I.SZLLLL | I.SZLLLL&#10;&#10;step=98, rand=4, actions=&lt;Down&gt;&#10;Want     | Got ✓   &#10;-------------------&#10;........ | ........&#10;......S. | ......S.&#10;......SS | ......SS&#10;.......S | .......S&#10;........ | ........&#10;........ | ........&#10;..OO.... | ..OO....&#10;..OO.... | ..OO....&#10;I.OOTTT. | I.OOTTT.&#10;ISSZZ.LL | ISSZZ.LL&#10;I.SZLLLL | I.SZLLLL&#10;&#10;step=99, rand=4, actions=&lt;Down&gt;&#10;Want     | Got ✓   &#10;-------------------&#10;........ | ........&#10;........ | ........&#10;......S. | ......S.&#10;......SS | ......SS&#10;.......S | .......S&#10;........ | ........&#10;..OO.... | ..OO....&#10;..OO.... | ..OO....&#10;I.OOTTT. | I.OOTTT.&#10;ISSZZ.LL | ISSZZ.LL&#10;I.SZLLLL | I.SZLLLL&#10;&#10;step=100, rand=4, actions=&lt;Down&gt;&#10;Want     | Got ✓   &#10;-------------------&#10;........ | ........&#10;........ | ........&#10;........ | ........&#10;......S. | ......S.&#10;......SS | ......SS&#10;.......S | .......S&#10;..OO.... | ..OO....&#10;..OO.... | ..OO....&#10;I.OOTTT. | I.OOTTT.&#10;ISSZZ.LL | ISSZZ.LL&#10;I.SZLLLL | I.SZLLLL&#10;&#10;step=101, rand=4, actions=&lt;Down&gt;&#10;Want     | Got ✓   &#10;-------------------&#10;........ | ........&#10;........ | ........&#10;........ | ........&#10;........ | ........&#10;......S. | ......S.&#10;......SS | ......SS&#10;..OO...S | ..OO...S&#10;..OO.... | ..OO....&#10;I.OOTTT. | I.OOTTT.&#10;ISSZZ.LL | ISSZZ.LL&#10;I.SZLLLL | I.SZLLLL&#10;&#10;step=102, rand=4, actions=&lt;Down&gt;&#10;Want     | Got ✓   &#10;-------------------&#10;........ | ........&#10;........ | ........&#10;........ | ........&#10;........ | ........&#10;........ | ........&#10;......S. | ......S.&#10;..OO..SS | ..OO..SS&#10;..OO...S | ..OO...S&#10;I.OOTTT. | I.OOTTT.&#10;ISSZZ.LL | ISSZZ.LL&#10;I.SZLLLL | I.SZLLLL&#10;&#10;step=103, rand=4, actions=&lt;Down&gt;&#10;Want     | Got ✓   &#10;-------------------&#10;........ | ........&#10;........ | ........&#10;........ | ........&#10;........ | ........&#10;........ | ........&#10;........ | ........&#10;..OO..S. | ..OO..S.&#10;..OO..SS | ..OO..SS&#10;I.OOTTTS | I.OOTTTS&#10;ISSZZ.LL | ISSZZ.LL&#10;I.SZLLLL | I.SZLLLL&#10;&#10;step=104, rand=5, actions=&lt;Down&gt;&#10;Want     | Got ✓   &#10;-------------------&#10;...T.... | ...T....&#10;..TTT... | ..TTT...&#10;........ | ........&#10;........ | ........&#10;........ | ........&#10;........ | ........&#10;..OO..S. | ..OO..S.&#10;..OO..SS | ..OO..SS&#10;I.OOTTTS | I.OOTTTS&#10;ISSZZ.LL | ISSZZ.LL&#10;I.SZLLLL | I.SZLLLL&#10;&#10;step=105, rand=5, actions=&lt;Left&gt;&#10;Want     | Got ✓   &#10;-------------------&#10;..T..... | ..T.....&#10;.TTT.... | .TTT....&#10;........ | ........&#10;........ | ........&#10;........ | ........&#10;........ | ........&#10;..OO..S. | ..OO..S.&#10;..OO..SS | ..OO..SS&#10;I.OOTTTS | I.OOTTTS&#10;ISSZZ.LL | ISSZZ.LL&#10;I.SZLLLL | I.SZLLLL&#10;&#10;step=106, rand=5, actions=&lt;RotateRight&gt;&#10;Want     | Got ✓   &#10;-------------------&#10;..T..... | ..T.....&#10;..TT.... | ..TT....&#10;..T..... | ..T.....&#10;........ | ........&#10;........ | ........&#10;........ | ........&#10;..OO..S. | ..OO..S.&#10;..OO..SS | ..OO..SS&#10;I.OOTTTS | I.OOTTTS&#10;ISSZZ.LL | ISSZZ.LL&#10;I.SZLLLL | I.SZLLLL&#10;&#10;step=107, rand=5, actions=&lt;Left&gt;&#10;Want     | Got ✓   &#10;-------------------&#10;.T...... | .T......&#10;.TT..... | .TT.....&#10;.T...... | .T......&#10;........ | ........&#10;........ | ........&#10;........ | ........&#10;..OO..S. | ..OO..S.&#10;..OO..SS | ..OO..SS&#10;I.OOTTTS | I.OOTTTS&#10;ISSZZ.LL | ISSZZ.LL&#10;I.SZLLLL | I.SZLLLL&#10;&#10;step=108, rand=5, actions=&lt;RotateRight&gt;&#10;Want     | Got ✓   &#10;-------------------&#10;........ | ........&#10;TTT..... | TTT.....&#10;.T...... | .T......&#10;........ | ........&#10;........ | ........&#10;........ | ........&#10;..OO..S. | ..OO..S.&#10;..OO..SS | ..OO..SS&#10;I.OOTTTS | I.OOTTTS&#10;ISSZZ.LL | ISSZZ.LL&#10;I.SZLLLL | I.SZLLLL&#10;&#10;step=109, rand=5, actions=&lt;RotateRight&gt;&#10;Want     | Got ✓   &#10;-------------------&#10;.T...... | .T......&#10;TT...... | TT......&#10;.T...... | .T......&#10;........ | ........&#10;........ | ........&#10;........ | ........&#10;..OO..S. | ..OO..S.&#10;..OO..SS | ..OO..SS&#10;I.OOTTTS | I.OOTTTS&#10;ISSZZ.LL | ISSZZ.LL&#10;I.SZLLLL | I.SZLLLL&#10;&#10;step=110, rand=5, actions=&lt;Down&gt;&#10;Want     | Got ✓   &#10;-------------------&#10;........ | ........&#10;.T...... | .T......&#10;TT...... | TT......&#10;.T...... | .T......&#10;........ | ........&#10;........ | ........&#10;..OO..S. | ..OO..S.&#10;..OO..SS | ..OO..SS&#10;I.OOTTTS | I.OOTTTS&#10;ISSZZ.LL | ISSZZ.LL&#10;I.SZLLLL | I.SZLLLL&#10;&#10;step=111, rand=5, actions=&lt;Down&gt;&#10;Want     | Got ✓   &#10;-------------------&#10;........ | ........&#10;........ | ........&#10;.T...... | .T......&#10;TT...... | TT......&#10;.T...... | .T......&#10;........ | ........&#10;..OO..S. | ..OO..S.&#10;..OO..SS | ..OO..SS&#10;I.OOTTTS | I.OOTTTS&#10;ISSZZ.LL | ISSZZ.LL&#10;I.SZLLLL | I.SZLLLL&#10;&#10;step=112, rand=5, actions=&lt;Down&gt;&#10;Want     | Got ✓   &#10;-------------------&#10;........ | ........&#10;........ | ........&#10;........ | ........&#10;.T...... | .T......&#10;TT...... | TT......&#10;.T...... | .T......&#10;..OO..S. | ..OO..S.&#10;..OO..SS | ..OO..SS&#10;I.OOTTTS | I.OOTTTS&#10;ISSZZ.LL | ISSZZ.LL&#10;I.SZLLLL | I.SZLLLL&#10;&#10;step=113, rand=5, actions=&lt;Down&gt;&#10;Want     | Got ✓   &#10;-------------------&#10;........ | ........&#10;........ | ........&#10;........ | ........&#10;........ | ........&#10;.T...... | .T......&#10;TT...... | TT......&#10;.TOO..S. | .TOO..S.&#10;..OO..SS | ..OO..SS&#10;I.OOTTTS | I.OOTTTS&#10;ISSZZ.LL | ISSZZ.LL&#10;I.SZLLLL | I.SZLLLL&#10;&#10;step=114, rand=5, actions=&lt;Down&gt;&#10;Want     | Got ✓   &#10;-------------------&#10;........ | ........&#10;........ | ........&#10;........ | ........&#10;........ | ........&#10;........ | ........&#10;.T...... | .T......&#10;TTOO..S. | TTOO..S.&#10;.TOO..SS | .TOO..SS&#10;I.OOTTTS | I.OOTTTS&#10;ISSZZ.LL | ISSZZ.LL&#10;I.SZLLLL | I.SZLLLL&#10;&#10;step=115, rand=5, actions=&lt;Down&gt;&#10;Want     | Got ✓   &#10;-------------------&#10;........ | ........&#10;........ | ........&#10;........ | ........&#10;........ | ........&#10;........ | ........&#10;........ | ........&#10;.TOO..S. | .TOO..S.&#10;TTOO..SS | TTOO..SS&#10;ITOOTTTS | ITOOTTTS&#10;ISSZZ.LL | ISSZZ.LL&#10;I.SZLLLL | I.SZLLLL&#10;&#10;step=116, rand=4, actions=&lt;Down&gt;&#10;Want     | Got ✓   &#10;-------------------&#10;...SS... | ...SS...&#10;..SS.... | ..SS....&#10;........ | ........&#10;........ | ........&#10;........ | ........&#10;........ | ........&#10;........ | ........&#10;.TOO..S. | .TOO..S.&#10;TTOO..SS | TTOO..SS&#10;ISSZZ.LL | ISSZZ.LL&#10;I.SZLLLL | I.SZLLLL&#10;&#10;step=117, rand=4, actions=&lt;RotateRight&gt;&#10;Want     | Got ✓   &#10;-------------------&#10;...S.... | ...S....&#10;...SS... | ...SS...&#10;....S... | ....S...&#10;........ | ........&#10;........ | ........&#10;........ | ........&#10;........ | ........&#10;.TOO..S. | .TOO..S.&#10;TTOO..SS | TTOO..SS&#10;ISSZZ.LL | ISSZZ.LL&#10;I.SZLLLL | I.SZLLLL&#10;&#10;step=118, rand=4, actions=&lt;Right&gt;&#10;Want     | Got ✓   &#10;-------------------&#10;....S... | ....S...&#10;....SS.. | ....SS..&#10;.....S.. | .....S..&#10;........ | ........&#10;........ | ........&#10;........ | ........&#10;........ | ........&#10;.TOO..S. | .TOO..S.&#10;TTOO..SS | TTOO..SS&#10;ISSZZ.LL | ISSZZ.LL&#10;I.SZLLLL | I.SZLLLL&#10;&#10;step=119, rand=4, actions=&lt;Down&gt;&#10;Want     | Got ✓   &#10;-------------------&#10;........ | ........&#10;....S... | ....S...&#10;....SS.. | ....SS..&#10;.....S.. | .....S..&#10;........ | ........&#10;........ | ........&#10;........ | ........&#10;.TOO..S. | .TOO..S.&#10;TTOO..SS | TTOO..SS&#10;ISSZZ.LL | ISSZZ.LL&#10;I.SZLLLL | I.SZLLLL&#10;&#10;step=120, rand=4, actions=&lt;Down&gt;&#10;Want     | Got ✓   &#10;-------------------&#10;........ | ........&#10;........ | ........&#10;....S... | ....S...&#10;....SS.. | ....SS..&#10;.....S.. | .....S..&#10;........ | ........&#10;........ | ........&#10;.TOO..S. | .TOO..S.&#10;TTOO..SS | TTOO..SS&#10;ISSZZ.LL | ISSZZ.LL&#10;I.SZLLLL | I.SZLLLL&#10;&#10;step=121, rand=4, actions=&lt;Down&gt;&#10;Want     | Got ✓   &#10;-------------------&#10;........ | ........&#10;........ | ........&#10;........ | ........&#10;....S... | ....S...&#10;....SS.. | ....SS..&#10;.....S.. | .....S..&#10;........ | ........&#10;.TOO..S. | .TOO..S.&#10;TTOO..SS | TTOO..SS&#10;ISSZZ.LL | ISSZZ.LL&#10;I.SZLLLL | I.SZLLLL&#10;&#10;step=122, rand=4, actions=&lt;Down&gt;&#10;Want     | Got ✓   &#10;-------------------&#10;........ | ........&#10;........ | ........&#10;........ | ........&#10;........ | ........&#10;....S... | ....S...&#10;....SS.. | ....SS..&#10;.....S.. | .....S..&#10;.TOO..S. | .TOO..S.&#10;TTOO..SS | TTOO..SS&#10;ISSZZ.LL | ISSZZ.LL&#10;I.SZLLLL | I.SZLLLL&#10;&#10;step=123, rand=4, actions=&lt;Down&gt;&#10;Want     | Got ✓   &#10;-------------------&#10;........ | ........&#10;........ | ........&#10;........ | ........&#10;........ | ........&#10;........ | ........&#10;....S... | ....S...&#10;....SS.. | ....SS..&#10;.TOO.SS. | .TOO.SS.&#10;TTOO..SS | TTOO..SS&#10;ISSZZ.LL | ISSZZ.LL&#10;I.SZLLLL | I.SZLLLL&#10;&#10;step=124, rand=4, actions=&lt;Down&gt;&#10;Want     | Got ✓   &#10;-------------------&#10;........ | ........&#10;........ | ........&#10;........ | ........&#10;........ | ........&#10;........ | ........&#10;........ | ........&#10;....S... | ....S...&#10;.TOOSSS. | .TOOSSS.&#10;TTOO.SSS | TTOO.SSS&#10;ISSZZ.LL | ISSZZ.LL&#10;I.SZLLLL | I.SZLLLL&#10;&#10;step=125, rand=4, actions=&lt;Down&gt;&#10;Want     | Got ✓   &#10;-------------------&#10;........ | ........&#10;........ | ........&#10;........ | ........&#10;........ | ........&#10;........ | ........&#10;........ | ........&#10;........ | ........&#10;.TOOS.S. | .TOOS.S.&#10;TTOOSSSS | TTOOSSSS&#10;ISSZZSLL | ISSZZSLL&#10;I.SZLLLL | I.SZLLLL&#10;&#10;step=126, rand=3, actions=&lt;Down&gt;&#10;Want     | Got ✓   &#10;-------------------&#10;...OO... | ...OO...&#10;...OO... | ...OO...&#10;........ | ........&#10;........ | ........&#10;........ | ........&#10;........ | ........&#10;........ | ........&#10;........ | ........&#10;........ | ........&#10;.TOOS.S. | .TOOS.S.&#10;I.SZLLLL | I.SZLLLL&#10;&#10;step=127, rand=3, actions=&lt;Left&gt;&#10;Want     | Got ✓   &#10;-------------------&#10;..OO.... | ..OO....&#10;..OO.... | ..OO....&#10;........ | ........&#10;........ | ........&#10;........ | ........&#10;........ | ........&#10;........ | ........&#10;........ | ........&#10;........ | ........&#10;.TOOS.S. | .TOOS.S.&#10;I.SZLLLL | I.SZLLLL&#10;&#10;step=128, rand=3, actions=&lt;Left&gt;&#10;Want     | Got ✓   &#10;-------------------&#10;.OO..... | .OO.....&#10;.OO..... | .OO.....&#10;........ | ........&#10;........ | ........&#10;........ | ........&#10;........ | ........&#10;........ | ........&#10;........ | ........&#10;........ | ........&#10;.TOOS.S. | .TOOS.S.&#10;I.SZLLLL | I.SZLLLL&#10;&#10;step=129, rand=3, actions=&lt;Down&gt;&#10;Want     | Got ✓   &#10;-------------------&#10;........ | ........&#10;.OO..... | .OO.....&#10;.OO..... | .OO.....&#10;........ | ........&#10;........ | ........&#10;........ | ........&#10;........ | ........&#10;........ | ........&#10;........ | ........&#10;.TOOS.S. | .TOOS.S.&#10;I.SZLLLL | I.SZLLLL&#10;&#10;step=130, rand=3, actions=&lt;Right&gt;&#10;Want     | Got ✓   &#10;-------------------&#10;........ | ........&#10;..OO.... | ..OO....&#10;..OO.... | ..OO....&#10;........ | ........&#10;........ | ........&#10;........ | ........&#10;........ | ........&#10;........ | ........&#10;........ | ........&#10;.TOOS.S. | .TOOS.S.&#10;I.SZLLLL | I.SZLLLL&#10;&#10;step=131, rand=3, actions=&lt;Down&gt;&#10;Want     | Got ✓   &#10;-------------------&#10;........ | ........&#10;........ | ........&#10;..OO.... | ..OO....&#10;..OO.... | ..OO....&#10;........ | ........&#10;........ | ........&#10;........ | ........&#10;........ | ........&#10;........ | ........&#10;.TOOS.S. | .TOOS.S.&#10;I.SZLLLL | I.SZLLLL&#10;&#10;step=132, rand=3, actions=&lt;Down&gt;&#10;Want     | Got ✓   &#10;-------------------&#10;........ | ........&#10;........ | ........&#10;........ | ........&#10;..OO.... | ..OO....&#10;..OO.... | ..OO....&#10;........ | ........&#10;........ | ........&#10;........ | ........&#10;........ | ........&#10;.TOOS.S. | .TOOS.S.&#10;I.SZLLLL | I.SZLLLL&#10;&#10;step=133, rand=3, actions=&lt;Down&gt;&#10;Want     | Got ✓   &#10;-------------------&#10;........ | ........&#10;........ | ........&#10;........ | ........&#10;........ | ........&#10;..OO.... | ..OO....&#10;..OO.... | ..OO....&#10;........ | ........&#10;........ | ........&#10;........ | ........&#10;.TOOS.S. | .TOOS.S.&#10;I.SZLLLL | I.SZLLLL&#10;&#10;step=134, rand=3, actions=&lt;Down&gt;&#10;Want     | Got ✓   &#10;-------------------&#10;........ | ........&#10;........ | ........&#10;........ | ........&#10;........ | ........&#10;........ | ........&#10;..OO.... | ..OO....&#10;..OO.... | ..OO....&#10;........ | ........&#10;........ | ........&#10;.TOOS.S. | .TOOS.S.&#10;I.SZLLLL | I.SZLLLL&#10;&#10;step=135, rand=3, actions=&lt;Down&gt;&#10;Want     | Got ✓   &#10;-------------------&#10;........ | ........&#10;........ | ........&#10;........ | ........&#10;........ | ........&#10;........ | ........&#10;........ | ........&#10;..OO.... | ..OO....&#10;..OO.... | ..OO....&#10;........ | ........&#10;.TOOS.S. | .TOOS.S.&#10;I.SZLLLL | I.SZLLLL&#10;&#10;step=136, rand=3, actions=&lt;Down&gt;&#10;Want     | Got ✓   &#10;-------------------&#10;........ | ........&#10;........ | ........&#10;........ | ........&#10;........ | ........&#10;........ | ........&#10;........ | ........&#10;........ | ........&#10;..OO.... | ..OO....&#10;..OO.... | ..OO....&#10;.TOOS.S. | .TOOS.S.&#10;I.SZLLLL | I.SZLLLL&#10;&#10;step=137, rand=2, actions=&lt;Down&gt;&#10;Want     | Got ✓   &#10;-------------------&#10;....L... | ....L...&#10;..LLL... | ..LLL...&#10;........ | ........&#10;........ | ........&#10;........ | ........&#10;........ | ........&#10;........ | ........&#10;..OO.... | ..OO....&#10;..OO.... | ..OO....&#10;.TOOS.S. | .TOOS.S.&#10;I.SZLLLL | I.SZLLLL&#10;&#10;step=138, rand=2, actions=&lt;RotateRight&gt;&#10;Want     | Got ✓   &#10;-------------------&#10;...L.... | ...L....&#10;...L.... | ...L....&#10;...LL... | ...LL...&#10;........ | ........&#10;........ | ........&#10;........ | ........&#10;........ | ........&#10;..OO.... | ..OO....&#10;..OO.... | ..OO....&#10;.TOOS.S. | .TOOS.S.&#10;I.SZLLLL | I.SZLLLL&#10;&#10;step=139, rand=2, actions=&lt;RotateRight&gt;&#10;Want     | Got ✓   &#10;-------------------&#10;........ | ........&#10;..LLL... | ..LLL...&#10;..L..... | ..L.....&#10;........ | ........&#10;........ | ........&#10;........ | ........&#10;........ | ........&#10;..OO.... | ..OO....&#10;..OO.... | ..OO....&#10;.TOOS.S. | .TOOS.S.&#10;I.SZLLLL | I.SZLLLL&#10;&#10;step=140, rand=2, actions=&lt;RotateRight&gt;&#10;Want     | Got ✓   &#10;-------------------&#10;..LL.... | ..LL....&#10;...L.... | ...L....&#10;...L.... | ...L....&#10;........ | ........&#10;........ | ........&#10;........ | ........&#10;........ | ........&#10;..OO.... | ..OO....&#10;..OO.... | ..OO....&#10;.TOOS.S. | .TOOS.S.&#10;I.SZLLLL | I.SZLLLL&#10;&#10;step=141, rand=2, actions=&lt;Right&gt;&#10;Want     | Got ✓   &#10;-------------------&#10;...LL... | ...LL...&#10;....L... | ....L...&#10;....L... | ....L...&#10;........ | ........&#10;........ | ........&#10;........ | ........&#10;........ | ........&#10;..OO.... | ..OO....&#10;..OO.... | ..OO....&#10;.TOOS.S. | .TOOS.S.&#10;I.SZLLLL | I.SZLLLL&#10;&#10;step=142, rand=2, actions=&lt;Down&gt;&#10;Want     | Got ✓   &#10;-------------------&#10;........ | ........&#10;...LL... | ...LL...&#10;....L... | ....L...&#10;....L... | ....L...&#10;........ | ........&#10;........ | ........&#10;........ | ........&#10;..OO.... | ..OO....&#10;..OO.... | ..OO....&#10;.TOOS.S. | .TOOS.S.&#10;I.SZLLLL | I.SZLLLL&#10;&#10;step=143, rand=2, actions=&lt;Down&gt;&#10;Want     | Got ✓   &#10;-------------------&#10;........ | ........&#10;........ | ........&#10;...LL... | ...LL...&#10;....L... | ....L...&#10;....L... | ....L...&#10;........ | ........&#10;........ | ........&#10;..OO.... | ..OO....&#10;..OO.... | ..OO....&#10;.TOOS.S. | .TOOS.S.&#10;I.SZLLLL | I.SZLLLL&#10;&#10;step=144, rand=2, actions=&lt;Down&gt;&#10;Want     | Got ✓   &#10;-------------------&#10;........ | ........&#10;........ | ........&#10;........ | ........&#10;...LL... | ...LL...&#10;....L... | ....L...&#10;....L... | ....L...&#10;........ | ........&#10;..OO.... | ..OO....&#10;..OO.... | ..OO....&#10;.TOOS.S. | .TOOS.S.&#10;I.SZLLLL | I.SZLLLL&#10;&#10;step=145, rand=2, actions=&lt;Down&gt;&#10;Want     | Got ✓   &#10;-------------------&#10;........ | ........&#10;........ | ........&#10;........ | ........&#10;........ | ........&#10;...LL... | ...LL...&#10;....L... | ....L...&#10;....L... | ....L...&#10;..OO.... | ..OO....&#10;..OO.... | ..OO....&#10;.TOOS.S. | .TOOS.S.&#10;I.SZLLLL | I.SZLLLL&#10;&#10;step=146, rand=2, actions=&lt;Down&gt;&#10;Want     | Got ✓   &#10;-------------------&#10;........ | ........&#10;........ | ........&#10;........ | ........&#10;........ | ........&#10;........ | ........&#10;...LL... | ...LL...&#10;....L... | ....L...&#10;..OOL... | ..OOL...&#10;..OO.... | ..OO....&#10;.TOOS.S. | .TOOS.S.&#10;I.SZLLLL | I.SZLLLL&#10;&#10;step=147, rand=2, actions=&lt;Down&gt;&#10;Want     | Got ✓   &#10;-------------------&#10;........ | ........&#10;........ | ........&#10;........ | ........&#10;........ | ........&#10;........ | ........&#10;........ | ........&#10;...LL... | ...LL...&#10;..OOL... | ..OOL...&#10;..OOL... | ..OOL...&#10;.TOOS.S. | .TOOS.S.&#10;I.SZLLLL | I.SZLLLL&#10;&#10;step=148, rand=1, actions=&lt;Down&gt;&#10;Want     | Got ✓   &#10;-------------------&#10;..J..... | ..J.....&#10;..JJJ... | ..JJJ...&#10;........ | ........&#10;........ | ........&#10;........ | ........&#10;........ | ........&#10;...LL... | ...LL...&#10;..OOL... | ..OOL...&#10;..OOL... | ..OOL...&#10;.TOOS.S. | .TOOS.S.&#10;I.SZLLLL | I.SZLLLL&#10;&#10;step=149, rand=1, actions=&lt;RotateRight&gt;&#10;Want     | Got ✓   &#10;-------------------&#10;...JJ... | ...JJ...&#10;...J.... | ...J....&#10;...J.... | ...J....&#10;........ | ........&#10;........ | ........&#10;........ | ........&#10;...LL... | ...LL...&#10;..OOL... | ..OOL...&#10;..OOL... | ..OOL...&#10;.TOOS.S. | .TOOS.S.&#10;I.SZLLLL | I.SZLLLL&#10;&#10;step=150, rand=1, actions=&lt;Right&gt;&#10;Want     | Got ✓   &#10;-------------------&#10;....JJ.. | ....JJ..&#10;....J... | ....J...&#10;....J... | ....J...&#10;........ | ........&#10;........ | ........&#10;........ | ........&#10;...LL... | ...LL...&#10;..OOL... | ..OOL...&#10;..OOL... | ..OOL...&#10;.TOOS.S. | .TOOS.S.&#10;I.SZLLLL | I.SZLLLL&#10;&#10;step=151, rand=1, actions=&lt;RotateRight&gt;&#10;Want     | Got ✓   &#10;-------------------&#10;........ | ........&#10;...JJJ.. | ...JJJ..&#10;.....J.. | .....J..&#10;........ | ........&#10;........ | ........&#10;........ | ........&#10;...LL... | ...LL...&#10;..OOL... | ..OOL...&#10;..OOL... | ..OOL...&#10;.TOOS.S. | .TOOS.S.&#10;I.SZLLLL | I.SZLLLL&#10;&#10;step=152, rand=1, actions=&lt;Right&gt;&#10;Want     | Got ✓   &#10;-------------------&#10;........ | ........&#10;....JJJ. | ....JJJ.&#10;......J. | ......J.&#10;........ | ........&#10;........ | ........&#10;........ | ........&#10;...LL... | ...LL...&#10;..OOL... | ..OOL...&#10;..OOL... | ..OOL...&#10;.TOOS.S. | .TOOS.S.&#10;I.SZLLLL | I.SZLLLL&#10;&#10;step=153, rand=1, actions=&lt;Right&gt;&#10;Want     | Got ✓   &#10;-------------------&#10;........ | ........&#10;.....JJJ | .....JJJ&#10;.......J | .......J&#10;........ | ........&#10;........ | ........&#10;........ | ........&#10;...LL... | ...LL...&#10;..OOL... | ..OOL...&#10;..OOL... | ..OOL...&#10;.TOOS.S. | .TOOS.S.&#10;I.SZLLLL | I.SZLLLL&#10;&#10;step=154, rand=1, actions=&lt;Right&gt;&#10;Want     | Got ✓   &#10;-------------------&#10;........ | ........&#10;.....JJJ | .....JJJ&#10;.......J | .......J&#10;........ | ........&#10;........ | ........&#10;........ | ........&#10;...LL... | ...LL...&#10;..OOL... | ..OOL...&#10;..OOL... | ..OOL...&#10;.TOOS.S. | .TOOS.S.&#10;I.SZLLLL | I.SZLLLL&#10;&#10;step=155, rand=1, actions=&lt;Down&gt;&#10;Want     | Got ✓   &#10;-------------------&#10;........ | ........&#10;........ | ........&#10;.....JJJ | .....JJJ&#10;.......J | .......J&#10;........ | ........&#10;........ | ........&#10;...LL... | ...LL...&#10;..OOL... | ..OOL...&#10;..OOL... | ..OOL...&#10;.TOOS.S. | .TOOS.S.&#10;I.SZLLLL | I.SZLLLL&#10;&#10;step=156, rand=1, actions=&lt;Down&gt;&#10;Want     | Got ✓   &#10;-------------------&#10;........ | ........&#10;........ | ........&#10;........ | ........&#10;.....JJJ | .....JJJ&#10;.......J | .......J&#10;........ | ........&#10;...LL... | ...LL...&#10;..OOL... | ..OOL...&#10;..OOL... | ..OOL...&#10;.TOOS.S. | .TOOS.S.&#10;I.SZLLLL | I.SZLLLL&#10;&#10;step=157, rand=1, actions=&lt;Down&gt;&#10;Want     | Got ✓   &#10;-------------------&#10;........ | ........&#10;........ | ........&#10;........ | ........&#10;........ | ........&#10;.....JJJ | .....JJJ&#10;.......J | .......J&#10;...LL... | ...LL...&#10;..OOL... | ..OOL...&#10;..OOL... | ..OOL...&#10;.TOOS.S. | .TOOS.S.&#10;I.SZLLLL | I.SZLLLL&#10;&#10;step=158, rand=1, actions=&lt;Down&gt;&#10;Want     | Got ✓   &#10;-------------------&#10;........ | ........&#10;........ | ........&#10;........ | ........&#10;........ | ........&#10;........ | ........&#10;.....JJJ | .....JJJ&#10;...LL..J | ...LL..J&#10;..OOL... | ..OOL...&#10;..OOL... | ..OOL...&#10;.TOOS.S. | .TOOS.S.&#10;I.SZLLLL | I.SZLLLL&#10;&#10;step=159, rand=1, actions=&lt;Down&gt;&#10;Want     | Got ✓   &#10;-------------------&#10;........ | ........&#10;........ | ........&#10;........ | ........&#10;........ | ........&#10;........ | ........&#10;........ | ........&#10;...LLJJJ | ...LLJJJ&#10;..OOL..J | ..OOL..J&#10;..OOL... | ..OOL...&#10;.TOOS.S. | .TOOS.S.&#10;I.SZLLLL | I.SZLLLL&#10;&#10;step=160, rand=1, actions=&lt;Down&gt;&#10;Want     | Got ✓   &#10;-------------------&#10;........ | ........&#10;........ | ........&#10;........ | ........&#10;........ | ........&#10;........ | ........&#10;........ | ........&#10;...LL... | ...LL...&#10;..OOLJJJ | ..OOLJJJ&#10;..OOL..J | ..OOL..J&#10;.TOOS.S. | .TOOS.S.&#10;I.SZLLLL | I.SZLLLL&#10;&#10;step=161, rand=1, actions=&lt;Down&gt;&#10;Want     | Got ✓   &#10;-------------------&#10;........ | ........&#10;........ | ........&#10;........ | ........&#10;........ | ........&#10;........ | ........&#10;........ | ........&#10;...LL... | ...LL...&#10;..OOL... | ..OOL...&#10;..OOLJJJ | ..OOLJJJ&#10;.TOOS.SJ | .TOOS.SJ&#10;I.SZLLLL | I.SZLLLL&#10;&#10;step=162, rand=5, actions=&lt;Down&gt;&#10;Want     | Got ✓   &#10;-------------------&#10;...T.... | ...T....&#10;..TTT... | ..TTT...&#10;........ | ........&#10;........ | ........&#10;........ | ........&#10;........ | ........&#10;...LL... | ...LL...&#10;..OOL... | ..OOL...&#10;..OOLJJJ | ..OOLJJJ&#10;.TOOS.SJ | .TOOS.SJ&#10;I.SZLLLL | I.SZLLLL&#10;&#10;step=163, rand=5, actions=&lt;Left&gt;&#10;Want     | Got ✓   &#10;-------------------&#10;..T..... | ..T.....&#10;.TTT.... | .TTT....&#10;........ | ........&#10;........ | ........&#10;........ | ........&#10;........ | ........&#10;...LL... | ...LL...&#10;..OOL... | ..OOL...&#10;..OOLJJJ | ..OOLJJJ&#10;.TOOS.SJ | .TOOS.SJ&#10;I.SZLLLL | I.SZLLLL&#10;&#10;step=164, rand=5, actions=&lt;RotateRight&gt;&#10;Want     | Got ✓   &#10;-------------------&#10;..T..... | ..T.....&#10;..TT.... | ..TT....&#10;..T..... | ..T.....&#10;........ | ........&#10;........ | ........&#10;........ | ........&#10;...LL... | ...LL...&#10;..OOL... | ..OOL...&#10;..OOLJJJ | ..OOLJJJ&#10;.TOOS.SJ | .TOOS.SJ&#10;I.SZLLLL | I.SZLLLL&#10;&#10;step=165, rand=5, actions=&lt;Left&gt;&#10;Want     | Got ✓   &#10;-------------------&#10;.T...... | .T......&#10;.TT..... | .TT.....&#10;.T...... | .T......&#10;........ | ........&#10;........ | ........&#10;........ | ........&#10;...LL... | ...LL...&#10;..OOL... | ..OOL...&#10;..OOLJJJ | ..OOLJJJ&#10;.TOOS.SJ | .TOOS.SJ&#10;I.SZLLLL | I.SZLLLL&#10;&#10;step=166, rand=5, actions=&lt;Left&gt;&#10;Want     | Got ✓   &#10;-------------------&#10;T....... | T.......&#10;TT...... | TT......&#10;T....... | T.......&#10;........ | ........&#10;........ | ........&#10;........ | ........&#10;...LL... | ...LL...&#10;..OOL... | ..OOL...&#10;..OOLJJJ | ..OOLJJJ&#10;.TOOS.SJ | .TOOS.SJ&#10;I.SZLLLL | I.SZLLLL&#10;&#10;step=167, rand=5, actions=&lt;Down&gt;&#10;Want     | Got ✓   &#10;-------------------&#10;........ | ........&#10;T....... | T.......&#10;TT...... | TT......&#10;T....... | T.......&#10;........ | ........&#10;........ | ........&#10;...LL... | ...LL...&#10;..OOL... | ..OOL...&#10;..OOLJJJ | ..OOLJJJ&#10;.TOOS.SJ | .TOOS.SJ&#10;I.SZLLLL | I.SZLLLL&#10;&#10;step=168, rand=5, actions=&lt;Down&gt;&#10;Want     | Got ✓   &#10;-------------------&#10;........ | ........&#10;........ | ........&#10;T....... | T.......&#10;TT...... | TT......&#10;T....... | T.......&#10;........ | ........&#10;...LL... | ...LL...&#10;..OOL... | ..OOL...&#10;..OOLJJJ | ..OOLJJJ&#10;.TOOS.SJ | .TOOS.SJ&#10;I.SZLLLL | I.SZLLLL&#10;&#10;step=169, rand=5, actions=&lt;Down&gt;&#10;Want     | Got ✓   &#10;-------------------&#10;........ | ........&#10;........ | ........&#10;........ | ........&#10;T....... | T.......&#10;TT...... | TT......&#10;T....... | T.......&#10;...LL... | ...LL...&#10;..OOL... | ..OOL...&#10;..OOLJJJ | ..OOLJJJ&#10;.TOOS.SJ | .TOOS.SJ&#10;I.SZLLLL | I.SZLLLL&#10;&#10;step=170, rand=5, actions=&lt;Down&gt;&#10;Want     | Got ✓   &#10;-------------------&#10;........ | ........&#10;........ | ........&#10;........ | ........&#10;........ | ........&#10;T....... | T.......&#10;TT...... | TT......&#10;T..LL... | T..LL...&#10;..OOL... | ..OOL...&#10;..OOLJJJ | ..OOLJJJ&#10;.TOOS.SJ | .TOOS.SJ&#10;I.SZLLLL | I.SZLLLL&#10;&#10;step=171, rand=5, actions=&lt;Down&gt;&#10;Want     | Got ✓   &#10;-------------------&#10;........ | ........&#10;........ | ........&#10;........ | ........&#10;........ | ........&#10;........ | ........&#10;T....... | T.......&#10;TT.LL... | TT.LL...&#10;T.OOL... | T.OOL...&#10;..OOLJJJ | ..OOLJJJ&#10;.TOOS.SJ | .TOOS.SJ&#10;I.SZLLLL | I.SZLLLL&#10;&#10;step=172, rand=5, actions=&lt;Down&gt;&#10;Want     | Got ✓   &#10;-------------------&#10;........ | ........&#10;........ | ........&#10;........ | ........&#10;........ | ........&#10;........ | ........&#10;........ | ........&#10;T..LL... | T..LL...&#10;TTOOL... | TTOOL...&#10;T.OOLJJJ | T.OOLJJJ&#10;.TOOS.SJ | .TOOS.SJ&#10;I.SZLLLL | I.SZLLLL&#10;&#10;step=173, rand=5, actions=&lt;Down&gt;&#10;Want     | Got ✓   &#10;-------------------&#10;........ | ........&#10;........ | ........&#10;........ | ........&#10;........ | ........&#10;........ | ........&#10;........ | ........&#10;...LL... | ...LL...&#10;T.OOL... | T.OOL...&#10;TTOOLJJJ | TTOOLJJJ&#10;TTOOS.SJ | TTOOS.SJ&#10;I.SZLLLL | I.SZLLLL&#10;&#10;step=174, rand=1, actions=&lt;Down&gt;&#10;Want     | Got ✓   &#10;-------------------&#10;..J..... | ..J.....&#10;..JJJ... | ..JJJ...&#10;........ | ........&#10;........ | ........&#10;........ | ........&#10;........ | ........&#10;........ | ........&#10;...LL... | ...LL...&#10;T.OOL... | T.OOL...&#10;TTOOS.SJ | TTOOS.SJ&#10;I.SZLLLL | I.SZLLLL&#10;&#10;step=175, rand=1, actions=&lt;RotateRight&gt;&#10;Want     | Got ✓   &#10;-------------------&#10;...JJ... | ...JJ...&#10;...J.... | ...J....&#10;...J.... | ...J....&#10;........ | ........&#10;........ | ........&#10;........ | ........&#10;........ | ........&#10;...LL... | ...LL...&#10;T.OOL... | T.OOL...&#10;TTOOS.SJ | TTOOS.SJ&#10;I.SZLLLL | I.SZLLLL&#10;&#10;step=176, rand=1, actions=&lt;RotateRight&gt;&#10;Want     | Got ✓   &#10;-------------------&#10;........ | ........&#10;..JJJ... | ..JJJ...&#10;....J... | ....J...&#10;........ | ........&#10;........ | ........&#10;........ | ........&#10;........ | ........&#10;...LL... | ...LL...&#10;T.OOL... | T.OOL...&#10;TTOOS.SJ | TTOOS.SJ&#10;I.SZLLLL | I.SZLLLL&#10;&#10;step=177, rand=1, actions=&lt;RotateRight&gt;&#10;Want     | Got ✓   &#10;-------------------&#10;...J.... | ...J....&#10;...J.... | ...J....&#10;..JJ.... | ..JJ....&#10;........ | ........&#10;........ | ........&#10;........ | ........&#10;........ | ........&#10;...LL... | ...LL...&#10;T.OOL... | T.OOL...&#10;TTOOS.SJ | TTOOS.SJ&#10;I.SZLLLL | I.SZLLLL&#10;&#10;step=178, rand=1, actions=&lt;Right&gt;&#10;Want     | Got ✓   &#10;-------------------&#10;....J... | ....J...&#10;....J... | ....J...&#10;...JJ... | ...JJ...&#10;........ | ........&#10;........ | ........&#10;........ | ........&#10;........ | ........&#10;...LL... | ...LL...&#10;T.OOL... | T.OOL...&#10;TTOOS.SJ | TTOOS.SJ&#10;I.SZLLLL | I.SZLLLL&#10;&#10;step=179, rand=1, actions=&lt;Right&gt;&#10;Want     | Got ✓   &#10;-------------------&#10;.....J.. | .....J..&#10;.....J.. | .....J..&#10;....JJ.. | ....JJ..&#10;........ | ........&#10;........ | ........&#10;........ | ........&#10;........ | ........&#10;...LL... | ...LL...&#10;T.OOL... | T.OOL...&#10;TTOOS.SJ | TTOOS.SJ&#10;I.SZLLLL | I.SZLLLL&#10;&#10;step=180, rand=1, actions=&lt;Right&gt;&#10;Want     | Got ✓   &#10;-------------------&#10;......J. | ......J.&#10;......J. | ......J.&#10;.....JJ. | .....JJ.&#10;........ | ........&#10;........ | ........&#10;........ | ........&#10;........ | ........&#10;...LL... | ...LL...&#10;T.OOL... | T.OOL...&#10;TTOOS.SJ | TTOOS.SJ&#10;I.SZLLLL | I.SZLLLL&#10;&#10;step=181, rand=1, actions=&lt;Right&gt;&#10;Want     | Got ✓   &#10;-------------------&#10;.......J | .......J&#10;.......J | .......J&#10;......JJ | ......JJ&#10;........ | ........&#10;........ | ........&#10;........ | ........&#10;........ | ........&#10;...LL... | ...LL...&#10;T.OOL... | T.OOL...&#10;TTOOS.SJ | TTOOS.SJ&#10;I.SZLLLL | I.SZLLLL&#10;&#10;step=182, rand=1, actions=&lt;Down&gt;&#10;Want     | Got ✓   &#10;-------------------&#10;........ | ........&#10;.......J | .......J&#10;.......J | .......J&#10;......JJ | ......JJ&#10;........ | ........&#10;........ | ........&#10;........ | ........&#10;...LL... | ...LL...&#10;T.OOL... | T.OOL...&#10;TTOOS.SJ | TTOOS.SJ&#10;I.SZLLLL | I.SZLLLL&#10;&#10;step=183, rand=1, actions=&lt;Down&gt;&#10;Want     | Got ✓   &#10;-------------------&#10;........ | ........&#10;........ | ........&#10;.......J | .......J&#10;.......J | .......J&#10;......JJ | ......JJ&#10;........ | ........&#10;........ | ........&#10;...LL... | ...LL...&#10;T.OOL... | T.OOL...&#10;TTOOS.SJ | TTOOS.SJ&#10;I.SZLLLL | I.SZLLLL&#10;&#10;step=184, rand=1, actions=&lt;Down&gt;&#10;Want     | Got ✓   &#10;-------------------&#10;........ | ........&#10;........ | ........&#10;........ | ........&#10;.......J | .......J&#10;.......J | .......J&#10;......JJ | ......JJ&#10;........ | ........&#10;...LL... | ...LL...&#10;T.OOL... | T.OOL...&#10;TTOOS.SJ | TTOOS.SJ&#10;I.SZLLLL | I.SZLLLL&#10;&#10;step=185, rand=1, actions=&lt;Down&gt;&#10;Want     | Got ✓   &#10;-------------------&#10;........ | ........&#10;........ | ........&#10;........ | ........&#10;........ | ........&#10;.......J | .......J&#10;.......J | .......J&#10;......JJ | ......JJ&#10;...LL... | ...LL...&#10;T.OOL... | T.OOL...&#10;TTOOS.SJ | TTOOS.SJ&#10;I.SZLLLL | I.SZLLLL&#10;&#10;step=186, rand=1, actions=&lt;Down&gt;&#10;Want     | Got ✓   &#10;-------------------&#10;........ | ........&#10;........ | ........&#10;........ | ........&#10;........ | ........&#10;........ | ........&#10;.......J | .......J&#10;.......J | .......J&#10;...LL.JJ | ...LL.JJ&#10;T.OOL... | T.OOL...&#10;TTOOS.SJ | TTOOS.SJ&#10;I.SZLLLL | I.SZLLLL&#10;&#10;step=187, rand=1, actions=&lt;Down&gt;&#10;Want     | Got ✓   &#10;-------------------&#10;........ | ........&#10;........ | ........&#10;........ | ........&#10;........ | ........&#10;........ | ........&#10;........ | ........&#10;.......J | .......J&#10;...LL..J | ...LL..J&#10;T.OOL.JJ | T.OOL.JJ&#10;TTOOS.SJ | TTOOS.SJ&#10;I.SZLLLL | I.SZLLLL&#10;&#10;step=188, rand=4, actions=&lt;Down&gt;&#10;Want     | Got ✓   &#10;-------------------&#10;...SS... | ...SS...&#10;..SS.... | ..SS....&#10;........ | ........&#10;........ | ........&#10;........ | ........&#10;........ | ........&#10;.......J | .......J&#10;...LL..J | ...LL..J&#10;T.OOL.JJ | T.OOL.JJ&#10;TTOOS.SJ | TTOOS.SJ&#10;I.SZLLLL | I.SZLLLL&#10;&#10;step=189, rand=4, actions=&lt;RotateRight&gt;&#10;Want     | Got ✓   &#10;-------------------&#10;...S.... | ...S....&#10;...SS... | ...SS...&#10;....S... | ....S...&#10;........ | ........&#10;........ | ........&#10;........ | ........&#10;.......J | .......J&#10;...LL..J | ...LL..J&#10;T.OOL.JJ | T.OOL.JJ&#10;TTOOS.SJ | TTOOS.SJ&#10;I.SZLLLL | I.SZLLLL&#10;&#10;step=190, rand=4, actions=&lt;Left&gt;&#10;Want     | Got ✓   &#10;-------------------&#10;..S..... | ..S.....&#10;..SS.... | ..SS....&#10;...S.... | ...S....&#10;........ | ........&#10;........ | ........&#10;........ | ........&#10;.......J | .......J&#10;...LL..J | ...LL..J&#10;T.OOL.JJ | T.OOL.JJ&#10;TTOOS.SJ | TTOOS.SJ&#10;I.SZLLLL | I.SZLLLL&#10;&#10;step=191, rand=4, actions=&lt;Left&gt;&#10;Want     | Got ✓   &#10;-------------------&#10;.S...... | .S......&#10;.SS..... | .SS.....&#10;..S..... | ..S.....&#10;........ | ........&#10;........ | ........&#10;........ | ........&#10;.......J | .......J&#10;...LL..J | ...LL..J&#10;T.OOL.JJ | T.OOL.JJ&#10;TTOOS.SJ | TTOOS.SJ&#10;I.SZLLLL | I.SZLLLL&#10;&#10;step=192, rand=4, actions=&lt;Left&gt;&#10;Want     | Got ✓   &#10;-------------------&#10;S....... | S.......&#10;SS...... | SS......&#10;.S...... | .S......&#10;........ | ........&#10;........ | ........&#10;........ | ........&#10;.......J | .......J&#10;...LL..J | ...LL..J&#10;T.OOL.JJ | T.OOL.JJ&#10;TTOOS.SJ | TTOOS.SJ&#10;I.SZLLLL | I.SZLLLL&#10;&#10;step=193, rand=4, actions=&lt;Down&gt;&#10;Want     | Got ✓   &#10;-------------------&#10;........ | ........&#10;S....... | S.......&#10;SS...... | SS......&#10;.S...... | .S......&#10;........ | ........&#10;........ | ........&#10;.......J | .......J&#10;...LL..J | ...LL..J&#10;T.OOL.JJ | T.OOL.JJ&#10;TTOOS.SJ | TTOOS.SJ&#10;I.SZLLLL | I.SZLLLL&#10;&#10;step=194, rand=4, actions=&lt;Down&gt;&#10;Want     | Got ✓   &#10;-------------------&#10;........ | ........&#10;........ | ........&#10;S....... | S.......&#10;SS...... | SS......&#10;.S...... | .S......&#10;........ | ........&#10;.......J | .......J&#10;...LL..J | ...LL..J&#10;T.OOL.JJ | T.OOL.JJ&#10;TTOOS.SJ | TTOOS.SJ&#10;I.SZLLLL | I.SZLLLL&#10;&#10;step=195, rand=4, actions=&lt;Down&gt;&#10;Want     | Got ✓   &#10;-------------------&#10;........ | ........&#10;........ | ........&#10;........ | ........&#10;S....... | S.......&#10;SS...... | SS......&#10;.S...... | .S......&#10;.......J | .......J&#10;...LL..J | ...LL..J&#10;T.OOL.JJ | T.OOL.JJ&#10;TTOOS.SJ | TTOOS.SJ&#10;I.SZLLLL | I.SZLLLL&#10;&#10;step=196, rand=4, actions=&lt;Down&gt;&#10;Want     | Got ✓   &#10;-------------------&#10;........ | ........&#10;........ | ........&#10;........ | ........&#10;........ | ........&#10;S....... | S.......&#10;SS...... | SS......&#10;.S.....J | .S.....J&#10;...LL..J | ...LL..J&#10;T.OOL.JJ | T.OOL.JJ&#10;TTOOS.SJ | TTOOS.SJ&#10;I.SZLLLL | I.SZLLLL&#10;&#10;step=197, rand=4, actions=&lt;Down&gt;&#10;Want     | Got ✓   &#10;-------------------&#10;........ | ........&#10;........ | ........&#10;........ | ........&#10;........ | ........&#10;........ | ........&#10;S....... | S.......&#10;SS.....J | SS.....J&#10;.S.LL..J | .S.LL..J&#10;T.OOL.JJ | T.OOL.JJ&#10;TTOOS.SJ | TTOOS.SJ&#10;I.SZLLLL | I.SZLLLL&#10;&#10;step=198, rand=4, actions=&lt;Down&gt;&#10;Want     | Got ✓   &#10;-------------------&#10;........ | ........&#10;........ | ........&#10;........ | ........&#10;........ | ........&#10;........ | ........&#10;........ | ........&#10;S......J | S......J&#10;SS.LL..J | SS.LL..J&#10;TSOOL.JJ | TSOOL.JJ&#10;TTOOS.SJ | TTOOS.SJ&#10;I.SZLLLL | I.SZLLLL&#10;&#10;step=199, rand=6, actions=&lt;Down&gt;&#10;Want     | Got ✓   &#10;-------------------&#10;..ZZ.... | ..ZZ....&#10;...ZZ... | ...ZZ...&#10;........ | ........&#10;........ | ........&#10;........ | ........&#10;........ | ........&#10;S......J | S......J&#10;SS.LL..J | SS.LL..J&#10;TSOOL.JJ | TSOOL.JJ&#10;TTOOS.SJ | TTOOS.SJ&#10;I.SZLLLL | I.SZLLLL&#10;&#10;step=200, rand=6, actions=&lt;RotateRight&gt;&#10;Want     | Got ✓   &#10;-------------------&#10;....Z... | ....Z...&#10;...ZZ... | ...ZZ...&#10;...Z.... | ...Z....&#10;........ | ........&#10;........ | ........&#10;........ | ........&#10;S......J | S......J&#10;SS.LL..J | SS.LL..J&#10;TSOOL.JJ | TSOOL.JJ&#10;TTOOS.SJ | TTOOS.SJ&#10;I.SZLLLL | I.SZLLLL&#10;&#10;step=201, rand=6, actions=&lt;Left&gt;&#10;Want     | Got ✓   &#10;-------------------&#10;...Z.... | ...Z....&#10;..ZZ.... | ..ZZ....&#10;..Z..... | ..Z.....&#10;........ | ........&#10;........ | ........&#10;........ | ........&#10;S......J | S......J&#10;SS.LL..J | SS.LL..J&#10;TSOOL.JJ | TSOOL.JJ&#10;TTOOS.SJ | TTOOS.SJ&#10;I.SZLLLL | I.SZLLLL&#10;&#10;step=202, rand=6, actions=&lt;Down&gt;&#10;Want     | Got ✓   &#10;-------------------&#10;........ | ........&#10;...Z.... | ...Z....&#10;..ZZ.... | ..ZZ....&#10;..Z..... | ..Z.....&#10;........ | ........&#10;........ | ........&#10;S......J | S......J&#10;SS.LL..J | SS.LL..J&#10;TSOOL.JJ | TSOOL.JJ&#10;TTOOS.SJ | TTOOS.SJ&#10;I.SZLLLL | I.SZLLLL&#10;&#10;step=203, rand=6, actions=&lt;Down&gt;&#10;Want     | Got ✓   &#10;-------------------&#10;........ | ........&#10;........ | ........&#10;...Z.... | ...Z....&#10;..ZZ.... | ..ZZ....&#10;..Z..... | ..Z.....&#10;........ | ........&#10;S......J | S......J&#10;SS.LL..J | SS.LL..J&#10;TSOOL.JJ | TSOOL.JJ&#10;TTOOS.SJ | TTOOS.SJ&#10;I.SZLLLL | I.SZLLLL&#10;&#10;step=204, rand=6, actions=&lt;Down&gt;&#10;Want     | Got ✓   &#10;-------------------&#10;........ | ........&#10;........ | ........&#10;........ | ........&#10;...Z.... | ...Z....&#10;..ZZ.... | ..ZZ....&#10;..Z..... | ..Z.....&#10;S......J | S......J&#10;SS.LL..J | SS.LL..J&#10;TSOOL.JJ | TSOOL.JJ&#10;TTOOS.SJ | TTOOS.SJ&#10;I.SZLLLL | I.SZLLLL&#10;&#10;step=205, rand=6, actions=&lt;Down&gt;&#10;Want     | Got ✓   &#10;-------------------&#10;........ | ........&#10;........ | ........&#10;........ | ........&#10;........ | ........&#10;...Z.... | ...Z....&#10;..ZZ.... | ..ZZ....&#10;S.Z....J | S.Z....J&#10;SS.LL..J | SS.LL..J&#10;TSOOL.JJ | TSOOL.JJ&#10;TTOOS.SJ | TTOOS.SJ&#10;I.SZLLLL | I.SZLLLL&#10;&#10;step=206, rand=6, actions=&lt;Down&gt;&#10;Want     | Got ✓   &#10;-------------------&#10;........ | ........&#10;........ | ........&#10;........ | ........&#10;........ | ........&#10;........ | ........&#10;...Z.... | ...Z....&#10;S.ZZ...J | S.ZZ...J&#10;SSZLL..J | SSZLL..J&#10;TSOOL.JJ | TSOOL.JJ&#10;TTOOS.SJ | TTOOS.SJ&#10;I.SZLLLL | I.SZLLLL&#10;&#10;step=207, rand=6, actions=&lt;Down&gt;&#10;Want     | Got ✓   &#10;-------------------&#10;..ZZ.... | ..ZZ....&#10;...ZZ... | ...ZZ...&#10;........ | ........&#10;........ | ........&#10;........ | ........&#10;...Z.... | ...Z....&#10;S.ZZ...J | S.ZZ...J&#10;SSZLL..J | SSZLL..J&#10;TSOOL.JJ | TSOOL.JJ&#10;TTOOS.SJ | TTOOS.SJ&#10;I.SZLLLL | I.SZLLLL&#10;&#10;step=208, rand=6, actions=&lt;RotateRight&gt;&#10;Want     | Got ✓   &#10;-------------------&#10;....Z... | ....Z...&#10;...ZZ... | ...ZZ...&#10;...Z.... | ...Z....&#10;........ | ........&#10;........ | ........&#10;...Z.... | ...Z....&#10;S.ZZ...J | S.ZZ...J&#10;SSZLL..J | SSZLL..J&#10;TSOOL.JJ | TSOOL.JJ&#10;TTOOS.SJ | TTOOS.SJ&#10;I.SZLLLL | I.SZLLLL&#10;&#10;step=209, rand=6, actions=&lt;Left&gt;&#10;Want     | Got ✓   &#10;-------------------&#10;...Z.... | ...Z....&#10;..ZZ.... | ..ZZ....&#10;..Z..... | ..Z.....&#10;........ | ........&#10;........ | ........&#10;...Z.... | ...Z....&#10;S.ZZ...J | S.ZZ...J&#10;SSZLL..J | SSZLL..J&#10;TSOOL.JJ | TSOOL.JJ&#10;TTOOS.SJ | TTOOS.SJ&#10;I.SZLLLL | I.SZLLLL&#10;&#10;step=210, rand=6, actions=&lt;Left&gt;&#10;Want     | Got ✓   &#10;-------------------&#10;..Z..... | ..Z.....&#10;.ZZ..... | .ZZ.....&#10;.Z...... | .Z......&#10;........ | ........&#10;........ | ........&#10;...Z.... | ...Z....&#10;S.ZZ...J | S.ZZ...J&#10;SSZLL..J | SSZLL..J&#10;TSOOL.JJ | TSOOL.JJ&#10;TTOOS.SJ | TTOOS.SJ&#10;I.SZLLLL | I.SZLLLL&#10;&#10;step=211, rand=6, actions=&lt;Down&gt;&#10;Want     | Got ✓   &#10;-------------------&#10;........ | ........&#10;..Z..... | ..Z.....&#10;.ZZ..... | .ZZ.....&#10;.Z...... | .Z......&#10;........ | ........&#10;...Z.... | ...Z....&#10;S.ZZ...J | S.ZZ...J&#10;SSZLL..J | SSZLL..J&#10;TSOOL.JJ | TSOOL.JJ&#10;TTOOS.SJ | TTOOS.SJ&#10;I.SZLLLL | I.SZLLLL&#10;&#10;step=212, rand=6, actions=&lt;Down&gt;&#10;Want     | Got ✓   &#10;-------------------&#10;........ | ........&#10;........ | ........&#10;..Z..... | ..Z.....&#10;.ZZ..... | .ZZ.....&#10;.Z...... | .Z......&#10;...Z.... | ...Z....&#10;S.ZZ...J | S.ZZ...J&#10;SSZLL..J | SSZLL..J&#10;TSOOL.JJ | TSOOL.JJ&#10;TTOOS.SJ | TTOOS.SJ&#10;I.SZLLLL | I.SZLLLL&#10;&#10;step=213, rand=6, actions=&lt;Down&gt;&#10;Want     | Got ✓   &#10;-------------------&#10;........ | ........&#10;........ | ........&#10;........ | ........&#10;..Z..... | ..Z.....&#10;.ZZ..... | .ZZ.....&#10;.Z.Z.... | .Z.Z....&#10;S.ZZ...J | S.ZZ...J&#10;SSZLL..J | SSZLL..J&#10;TSOOL.JJ | TSOOL.JJ&#10;TTOOS.SJ | TTOOS.SJ&#10;I.SZLLLL | I.SZLLLL&#10;&#10;step=214, rand=6, actions=&lt;Down&gt;&#10;Want     | Got ✓   &#10;-------------------&#10;........ | ........&#10;........ | ........&#10;........ | ........&#10;........ | ........&#10;..Z..... | ..Z.....&#10;.ZZZ.... | .ZZZ....&#10;SZZZ...J | SZZZ...J&#10;SSZLL..J | SSZLL..J&#10;TSOOL.JJ | TSOOL.JJ&#10;TTOOS.SJ | TTOOS.SJ&#10;I.SZLLLL | I.SZLLLL&#10;&#10;step=215, rand=5, actions=&lt;Down&gt;&#10;Want     | Got ✓   &#10;-------------------&#10;...T.... | ...T....&#10;..TTT... | ..TTT...&#10;........ | ........&#10;........ | ........&#10;..Z..... | ..Z.....&#10;.ZZZ.... | .ZZZ....&#10;SZZZ...J | SZZZ...J&#10;SSZLL..J | SSZLL..J&#10;TSOOL.JJ | TSOOL.JJ&#10;TTOOS.SJ | TTOOS.SJ&#10;I.SZLLLL | I.SZLLLL&#10;&#10;step=216, rand=5, actions=&lt;Right&gt;&#10;Want     | Got ✓   &#10;-------------------&#10;....T... | ....T...&#10;...TTT.. | ...TTT..&#10;........ | ........&#10;........ | ........&#10;..Z..... | ..Z.....&#10;.ZZZ.... | .ZZZ....&#10;SZZZ...J | SZZZ...J&#10;SSZLL..J | SSZLL..J&#10;TSOOL.JJ | TSOOL.JJ&#10;TTOOS.SJ | TTOOS.SJ&#10;I.SZLLLL | I.SZLLLL&#10;&#10;step=217, rand=5, actions=&lt;Left&gt;&#10;Want     | Got ✓   &#10;-------------------&#10;...T.... | ...T....&#10;..TTT... | ..TTT...&#10;........ | ........&#10;........ | ........&#10;..Z..... | ..Z.....&#10;.ZZZ.... | .ZZZ....&#10;SZZZ...J | SZZZ...J&#10;SSZLL..J | SSZLL..J&#10;TSOOL.JJ | TSOOL.JJ&#10;TTOOS.SJ | TTOOS.SJ&#10;I.SZLLLL | I.SZLLLL&#10;&#10;step=218, rand=5, actions=&lt;RotateRight&gt;&#10;Want     | Got ✓   &#10;-------------------&#10;...T.... | ...T....&#10;...TT... | ...TT...&#10;...T.... | ...T....&#10;........ | ........&#10;..Z..... | ..Z.....&#10;.ZZZ.... | .ZZZ....&#10;SZZZ...J | SZZZ...J&#10;SSZLL..J | SSZLL..J&#10;TSOOL.JJ | TSOOL.JJ&#10;TTOOS.SJ | TTOOS.SJ&#10;I.SZLLLL | I.SZLLLL&#10;&#10;step=219, rand=5, actions=&lt;Left&gt;&#10;Want     | Got ✓   &#10;-------------------&#10;..T..... | ..T.....&#10;..TT.... | ..TT....&#10;..T..... | ..T.....&#10;........ | ........&#10;..Z..... | ..Z.....&#10;.ZZZ.... | .ZZZ....&#10;SZZZ...J | SZZZ...J&#10;SSZLL..J | SSZLL..J&#10;TSOOL.JJ | TSOOL.JJ&#10;TTOOS.SJ | TTOOS.SJ&#10;I.SZLLLL | I.SZLLLL&#10;&#10;step=220, rand=5, actions=&lt;Left&gt;&#10;Want     | Got ✓   &#10;-------------------&#10;.T...... | .T......&#10;.TT..... | .TT.....&#10;.T...... | .T......&#10;........ | ........&#10;..Z..... | ..Z.....&#10;.ZZZ.... | .ZZZ....&#10;SZZZ...J | SZZZ...J&#10;SSZLL..J | SSZLL..J&#10;TSOOL.JJ | TSOOL.JJ&#10;TTOOS.SJ | TTOOS.SJ&#10;I.SZLLLL | I.SZLLLL&#10;&#10;step=221, rand=5, actions=&lt;Left&gt;&#10;Want     | Got ✓   &#10;-------------------&#10;T....... | T.......&#10;TT...... | TT......&#10;T....... | T.......&#10;........ | ........&#10;..Z..... | ..Z.....&#10;.ZZZ.... | .ZZZ....&#10;SZZZ...J | SZZZ...J&#10;SSZLL..J | SSZLL..J&#10;TSOOL.JJ | TSOOL.JJ&#10;TTOOS.SJ | TTOOS.SJ&#10;I.SZLLLL | I.SZLLLL&#10;&#10;step=222, rand=5, actions=&lt;Down&gt;&#10;Want     | Got ✓   &#10;-------------------&#10;........ | ........&#10;T....... | T.......&#10;TT...... | TT......&#10;T....... | T.......&#10;..Z..... | ..Z.....&#10;.ZZZ.... | .ZZZ....&#10;SZZZ...J | SZZZ...J&#10;SSZLL..J | SSZLL..J&#10;TSOOL.JJ | TSOOL.JJ&#10;TTOOS.SJ | TTOOS.SJ&#10;I.SZLLLL | I.SZLLLL&#10;&#10;step=223, rand=5, actions=&lt;Down&gt;&#10;Want     | Got ✓   &#10;-------------------&#10;........ | ........&#10;........ | ........&#10;T....... | T.......&#10;TT...... | TT......&#10;T.Z..... | T.Z.....&#10;.ZZZ.... | .ZZZ....&#10;SZZZ...J | SZZZ...J&#10;SSZLL..J | SSZLL..J&#10;TSOOL.JJ | TSOOL.JJ&#10;TTOOS.SJ | TTOOS.SJ&#10;I.SZLLLL | I.SZLLLL&#10;&#10;step=224, rand=5, actions=&lt;Down&gt;&#10;Want     | Got ✓   &#10;-------------------&#10;........ | ........&#10;........ | ........&#10;........ | ........&#10;T....... | T.......&#10;TTZ..... | TTZ.....&#10;TZZZ.... | TZZZ....&#10;SZZZ...J | SZZZ...J&#10;SSZLL..J | SSZLL..J&#10;TSOOL.JJ | TSOOL.JJ&#10;TTOOS.SJ | TTOOS.SJ&#10;I.SZLLLL | I.SZLLLL&#10;&#10;step=225, rand=3, actions=&lt;Down&gt;&#10;Want     | Got ✓   &#10;-------------------&#10;...OO... | ...OO...&#10;...OO... | ...OO...&#10;........ | ........&#10;T....... | T.......&#10;TTZ..... | TTZ.....&#10;TZZZ.... | TZZZ....&#10;SZZZ...J | SZZZ...J&#10;SSZLL..J | SSZLL..J&#10;TSOOL.JJ | TSOOL.JJ&#10;TTOOS.SJ | TTOOS.SJ&#10;I.SZLLLL | I.SZLLLL&#10;&#10;step=226, rand=3, actions=&lt;Right&gt;&#10;Want     | Got ✓   &#10;-------------------&#10;....OO.. | ....OO..&#10;....OO.. | ....OO..&#10;........ | ........&#10;T....... | T.......&#10;TTZ..... | TTZ.....&#10;TZZZ.... | TZZZ....&#10;SZZZ...J | SZZZ...J&#10;SSZLL..J | SSZLL..J&#10;TSOOL.JJ | TSOOL.JJ&#10;TTOOS.SJ | TTOOS.SJ&#10;I.SZLLLL | I.SZLLLL&#10;&#10;step=227, rand=3, actions=&lt;Right&gt;&#10;Want     | Got ✓   &#10;-------------------&#10;.....OO. | .....OO.&#10;.....OO. | .....OO.&#10;........ | ........&#10;T....... | T.......&#10;TTZ..... | TTZ.....&#10;TZZZ.... | TZZZ....&#10;SZZZ...J | SZZZ...J&#10;SSZLL..J | SSZLL..J&#10;TSOOL.JJ | TSOOL.JJ&#10;TTOOS.SJ | TTOOS.SJ&#10;I.SZLLLL | I.SZLLLL&#10;&#10;step=228, rand=3, actions=&lt;Left&gt;&#10;Want     | Got ✓   &#10;-------------------&#10;....OO.. | ....OO..&#10;....OO.. | ....OO..&#10;........ | ........&#10;T....... | T.......&#10;TTZ..... | TTZ.....&#10;TZZZ.... | TZZZ....&#10;SZZZ...J | SZZZ...J&#10;SSZLL..J | SSZLL..J&#10;TSOOL.JJ | TSOOL.JJ&#10;TTOOS.SJ | TTOOS.SJ&#10;I.SZLLLL | I.SZLLLL&#10;&#10;step=229, rand=3, actions=&lt;Right&gt;&#10;Want     | Got ✓   &#10;-------------------&#10;.....OO. | .....OO.&#10;.....OO. | .....OO.&#10;........ | ........&#10;T....... | T.......&#10;TTZ..... | TTZ.....&#10;TZZZ.... | TZZZ....&#10;SZZZ...J | SZZZ...J&#10;SSZLL..J | SSZLL..J&#10;TSOOL.JJ | TSOOL.JJ&#10;TTOOS.SJ | TTOOS.SJ&#10;I.SZLLLL | I.SZLLLL&#10;&#10;step=230, rand=3, actions=&lt;Down&gt;&#10;Want     | Got ✓   &#10;-------------------&#10;........ | ........&#10;.....OO. | .....OO.&#10;.....OO. | .....OO.&#10;T....... | T.......&#10;TTZ..... | TTZ.....&#10;TZZZ.... | TZZZ....&#10;SZZZ...J | SZZZ...J&#10;SSZLL..J | SSZLL..J&#10;TSOOL.JJ | TSOOL.JJ&#10;TTOOS.SJ | TTOOS.SJ&#10;I.SZLLLL | I.SZLLLL&#10;&#10;step=231, rand=3, actions=&lt;Down&gt;&#10;Want     | Got ✓   &#10;-------------------&#10;........ | ........&#10;........ | ........&#10;.....OO. | .....OO.&#10;T....OO. | T....OO.&#10;TTZ..... | TTZ.....&#10;TZZZ.... | TZZZ....&#10;SZZZ...J | SZZZ...J&#10;SSZLL..J | SSZLL..J&#10;TSOOL.JJ | TSOOL.JJ&#10;TTOOS.SJ | TTOOS.SJ&#10;I.SZLLLL | I.SZLLLL&#10;&#10;step=232, rand=3, actions=&lt;Down&gt;&#10;Want     | Got ✓   &#10;-------------------&#10;........ | ........&#10;........ | ........&#10;........ | ........&#10;T....OO. | T....OO.&#10;TTZ..OO. | TTZ..OO.&#10;TZZZ.... | TZZZ....&#10;SZZZ...J | SZZZ...J&#10;SSZLL..J | SSZLL..J&#10;TSOOL.JJ | TSOOL.JJ&#10;TTOOS.SJ | TTOOS.SJ&#10;I.SZLLLL | I.SZLLLL&#10;&#10;step=233, rand=3, actions=&lt;Down&gt;&#10;Want     | Got ✓   &#10;-------------------&#10;........ | ........&#10;........ | ........&#10;........ | ........&#10;T....... | T.......&#10;TTZ..OO. | TTZ..OO.&#10;TZZZ.OO. | TZZZ.OO.&#10;SZZZ...J | SZZZ...J&#10;SSZLL..J | SSZLL..J&#10;TSOOL.JJ | TSOOL.JJ&#10;TTOOS.SJ | TTOOS.SJ&#10;I.SZLLLL | I.SZLLLL&#10;&#10;step=234, rand=3, actions=&lt;Down&gt;&#10;Want     | Got ✓   &#10;-------------------&#10;........ | ........&#10;........ | ........&#10;........ | ........&#10;T....... | T.......&#10;TTZ..... | TTZ.....&#10;TZZZ.OO. | TZZZ.OO.&#10;SZZZ.OOJ | SZZZ.OOJ&#10;SSZLL..J | SSZLL..J&#10;TSOOL.JJ | TSOOL.JJ&#10;TTOOS.SJ | TTOOS.SJ&#10;I.SZLLLL | I.SZLLLL&#10;&#10;step=235, rand=3, actions=&lt;Down&gt;&#10;Want     | Got ✓   &#10;-------------------&#10;........ | ........&#10;........ | ........&#10;........ | ........&#10;T....... | T.......&#10;TTZ..... | TTZ.....&#10;TZZZ.... | TZZZ....&#10;SZZZ.OOJ | SZZZ.OOJ&#10;SSZLLOOJ | SSZLLOOJ&#10;TSOOL.JJ | TSOOL.JJ&#10;TTOOS.SJ | TTOOS.SJ&#10;I.SZLLLL | I.SZLLLL&#10;&#10;step=236, rand=3, actions=&lt;Right&gt;&#10;Want     | Got ✗   &#10;-------------------&#10;........ | ...OO...&#10;........ | ...OO...&#10;........ | ........&#10;T....... | ........&#10;TTZ..... | T.......&#10;TZZZ.... | TTZ.....&#10;SZZZ.OOJ | TZZZ....&#10;SSZLLOOJ | SZZZ.OOJ&#10;TSOOL.JJ | TSOOL.JJ&#10;TTOOS.SJ | TTOOS.SJ&#10;I.SZLLLL | I.SZLLLL&#10;&#10;step=237, rand=6, actions=&lt;Down&gt;&#10;Want     | Got ✗   &#10;-------------------&#10;..ZZ.... | ........&#10;...ZZ... | ...OO...&#10;........ | ...OO...&#10;........ | ........&#10;T....... | T.......&#10;TTZ..... | TTZ.....&#10;TZZZ.... | TZZZ....&#10;SZZZ.OOJ | SZZZ.OOJ&#10;TSOOL.JJ | TSOOL.JJ&#10;TTOOS.SJ | TTOOS.SJ&#10;I.SZLLLL | I.SZLLLL&#10;&#10;step=238, rand=6, actions=&lt;RotateRight&gt;&#10;Want     | Got ✗   &#10;-------------------&#10;....Z... | ........&#10;...ZZ... | ...OO...&#10;...Z.... | ...OO...&#10;........ | ........&#10;T....... | T.......&#10;TTZ..... | TTZ.....&#10;TZZZ.... | TZZZ....&#10;SZZZ.OOJ | SZZZ.OOJ&#10;TSOOL.JJ | TSOOL.JJ&#10;TTOOS.SJ | TTOOS.SJ&#10;I.SZLLLL | I.SZLLLL&#10;&#10;step=239, rand=6, actions=&lt;Right&gt;&#10;Want     | Got ✗   &#10;-------------------&#10;.....Z.. | ........&#10;....ZZ.. | ....OO..&#10;....Z... | ....OO..&#10;........ | ........&#10;T....... | T.......&#10;TTZ..... | TTZ.....&#10;TZZZ.... | TZZZ....&#10;SZZZ.OOJ | SZZZ.OOJ&#10;TSOOL.JJ | TSOOL.JJ&#10;TTOOS.SJ | TTOOS.SJ&#10;I.SZLLLL | I.SZLLLL&#10;&#10;step=240, rand=6, actions=&lt;Right&gt;&#10;Want     | Got ✗   &#10;-------------------&#10;......Z. | ........&#10;.....ZZ. | .....OO.&#10;.....Z.. | .....OO.&#10;........ | ........&#10;T....... | T.......&#10;TTZ..... | TTZ.....&#10;TZZZ.... | TZZZ....&#10;SZZZ.OOJ | SZZZ.OOJ&#10;TSOOL.JJ | TSOOL.JJ&#10;TTOOS.SJ | TTOOS.SJ&#10;I.SZLLLL | I.SZLLLL&#10;&#10;step=241, rand=6, actions=&lt;Left&gt;&#10;Want     | Got ✗   &#10;-------------------&#10;.....Z.. | ........&#10;....ZZ.. | ....OO..&#10;....Z... | ....OO..&#10;........ | ........&#10;T....... | T.......&#10;TTZ..... | TTZ.....&#10;TZZZ.... | TZZZ....&#10;SZZZ.OOJ | SZZZ.OOJ&#10;TSOOL.JJ | TSOOL.JJ&#10;TTOOS.SJ | TTOOS.SJ&#10;I.SZLLLL | I.SZLLLL&#10;&#10;step=242, rand=6, actions=&lt;Down&gt;&#10;Want     | Got ✗   &#10;-------------------&#10;........ | ........&#10;.....Z.. | ........&#10;....ZZ.. | ....OO..&#10;....Z... | ....OO..&#10;T....... | T.......&#10;TTZ..... | TTZ.....&#10;TZZZ.... | TZZZ....&#10;SZZZ.OOJ | SZZZ.OOJ&#10;TSOOL.JJ | TSOOL.JJ&#10;TTOOS.SJ | TTOOS.SJ&#10;I.SZLLLL | I.SZLLLL&#10;&#10;step=243, rand=6, actions=&lt;Down&gt;&#10;Want     | Got ✗   &#10;-------------------&#10;........ | ........&#10;........ | ........&#10;.....Z.. | ........&#10;....ZZ.. | ....OO..&#10;T...Z... | T...OO..&#10;TTZ..... | TTZ.....&#10;TZZZ.... | TZZZ....&#10;SZZZ.OOJ | SZZZ.OOJ&#10;TSOOL.JJ | TSOOL.JJ&#10;TTOOS.SJ | TTOOS.SJ&#10;I.SZLLLL | I.SZLLLL&#10;&#10;step=244, rand=6, actions=&lt;Down&gt;&#10;Want     | Got ✗   &#10;-------------------&#10;........ | ........&#10;........ | ........&#10;........ | ........&#10;.....Z.. | ........&#10;T...ZZ.. | T...OO..&#10;TTZ.Z... | TTZ.OO..&#10;TZZZ.... | TZZZ....&#10;SZZZ.OOJ | SZZZ.OOJ&#10;TSOOL.JJ | TSOOL.JJ&#10;TTOOS.SJ | TTOOS.SJ&#10;I.SZLLLL | I.SZLLLL&#10;&#10;step=245, rand=6, actions=&lt;Down&gt;&#10;Want     | Got ✗   &#10;-------------------&#10;........ | ........&#10;........ | ........&#10;........ | ........&#10;........ | ........&#10;T....Z.. | T.......&#10;TTZ.ZZ.. | TTZ.OO..&#10;TZZZZ... | TZZZOO..&#10;SZZZ.OOJ | SZZZ.OOJ&#10;TSOOL.JJ | TSOOL.JJ&#10;TTOOS.SJ | TTOOS.SJ&#10;I.SZLLLL | I.SZLLLL&#10;&#10;step=246, rand=6, actions=&lt;Down&gt;&#10;Want     | Got ✗   &#10;-------------------&#10;........ | ..ZZ....&#10;........ | ...ZZ...&#10;........ | ........&#10;........ | ........&#10;T....... | T.......&#10;TTZ..Z.. | TTZ.OO..&#10;TZZZZZ.. | TZZZOO..&#10;SZZZZOOJ | SZZZ.OOJ&#10;TSOOL.JJ | TSOOL.JJ&#10;TTOOS.SJ | TTOOS.SJ&#10;I.SZLLLL | I.SZLLLL&#10;&#10;step=247, rand=5, actions=&lt;Down&gt;&#10;Want     | Got ✗   &#10;-------------------&#10;...T.... | ........&#10;..TTT... | ..ZZ....&#10;........ | ...ZZ...&#10;........ | ........&#10;........ | T.......&#10;T....... | TTZ.OO..&#10;TTZ..Z.. | TZZZOO..&#10;TZZZZZ.. | SZZZ.OOJ&#10;TSOOL.JJ | TSOOL.JJ&#10;TTOOS.SJ | TTOOS.SJ&#10;I.SZLLLL | I.SZLLLL&#10;&#10;step=248, rand=5, actions=&lt;RotateRight&gt;&#10;Want     | Got ✗   &#10;-------------------&#10;...T.... | ........&#10;...TT... | ....Z...&#10;...T.... | ...ZZ...&#10;........ | ...Z....&#10;........ | T.......&#10;T....... | TTZ.OO..&#10;TTZ..Z.. | TZZZOO..&#10;TZZZZZ.. | SZZZ.OOJ&#10;TSOOL.JJ | TSOOL.JJ&#10;TTOOS.SJ | TTOOS.SJ&#10;I.SZLLLL | I.SZLLLL&#10;&#10;step=249, rand=5, actions=&lt;RotateRight&gt;&#10;Want     | Got ✗   &#10;-------------------&#10;........ | ........&#10;..TTT... | ........&#10;...T.... | ..ZZ....&#10;........ | ...ZZ...&#10;........ | T.......&#10;T....... | TTZ.OO..&#10;TTZ..Z.. | TZZZOO..&#10;TZZZZZ.. | SZZZ.OOJ&#10;TSOOL.JJ | TSOOL.JJ&#10;TTOOS.SJ | TTOOS.SJ&#10;I.SZLLLL | I.SZLLLL&#10;&#10;step=250, rand=5, actions=&lt;RotateRight&gt;&#10;Want     | Got ✗   &#10;-------------------&#10;...T.... | ........&#10;..TT.... | ...Z....&#10;...T.... | ..ZZ....&#10;........ | ..Z.....&#10;........ | T.......&#10;T....... | TTZ.OO..&#10;TTZ..Z.. | TZZZOO..&#10;TZZZZZ.. | SZZZ.OOJ&#10;TSOOL.JJ | TSOOL.JJ&#10;TTOOS.SJ | TTOOS.SJ&#10;I.SZLLLL | I.SZLLLL&#10;&#10;step=251, rand=5, actions=&lt;RotateRight&gt;&#10;Want     | Got ✗   &#10;-------------------&#10;...T.... | ........&#10;..TTT... | ..ZZ....&#10;........ | ...ZZ...&#10;........ | ........&#10;........ | T.......&#10;T....... | TTZ.OO..&#10;TTZ..Z.. | TZZZOO..&#10;TZZZZZ.. | SZZZ.OOJ&#10;TSOOL.JJ | TSOOL.JJ&#10;TTOOS.SJ | TTOOS.SJ&#10;I.SZLLLL | I.SZLLLL&#10;&#10;step=252, rand=5, actions=&lt;RotateRight&gt;&#10;Want     | Got ✗   &#10;-------------------&#10;...T.... | ........&#10;...TT... | ....Z...&#10;...T.... | ...ZZ...&#10;........ | ...Z....&#10;........ | T.......&#10;T....... | TTZ.OO..&#10;TTZ..Z.. | TZZZOO..&#10;TZZZZZ.. | SZZZ.OOJ&#10;TSOOL.JJ | TSOOL.JJ&#10;TTOOS.SJ | TTOOS.SJ&#10;I.SZLLLL | I.SZLLLL&#10;&#10;step=253, rand=5, actions=&lt;Right&gt;&#10;Want     | Got ✗   &#10;-------------------&#10;....T... | ........&#10;....TT.. | .....Z..&#10;....T... | ....ZZ..&#10;........ | ....Z...&#10;........ | T.......&#10;T....... | TTZ.OO..&#10;TTZ..Z.. | TZZZOO..&#10;TZZZZZ.. | SZZZ.OOJ&#10;TSOOL.JJ | TSOOL.JJ&#10;TTOOS.SJ | TTOOS.SJ&#10;I.SZLLLL | I.SZLLLL&#10;&#10;step=254, rand=5, actions=&lt;Down&gt;&#10;Want     | Got ✗   &#10;-------------------&#10;........ | ........&#10;....T... | ........&#10;....TT.. | .....Z..&#10;....T... | ....ZZ..&#10;........ | T...Z...&#10;T....... | TTZ.OO..&#10;TTZ..Z.. | TZZZOO..&#10;TZZZZZ.. | SZZZ.OOJ&#10;TSOOL.JJ | TSOOL.JJ&#10;TTOOS.SJ | TTOOS.SJ&#10;I.SZLLLL | I.SZLLLL&#10;&#10;step=255, rand=5, actions=&lt;Down&gt;&#10;Want     | Got ✗   &#10;-------------------&#10;........ | ...T....&#10;........ | ..TTT...&#10;....T... | .....Z..&#10;....TT.. | ....ZZ..&#10;....T... | T...Z...&#10;T....... | TTZ.OO..&#10;TTZ..Z.. | TZZZOO..&#10;TZZZZZ.. | SZZZ.OOJ&#10;TSOOL.JJ | TSOOL.JJ&#10;TTOOS.SJ | TTOOS.SJ&#10;I.SZLLLL | I.SZLLLL&#10;&#10;step=256, rand=5, actions=&lt;Down&gt;&#10;Want     | Got ✗   &#10;-------------------&#10;........ | ........&#10;........ | ...T....&#10;........ | ..TTTZ..&#10;....T... | ....ZZ..&#10;....TT.. | T...Z...&#10;T...T... | TTZ.OO..&#10;TTZ..Z.. | TZZZOO..&#10;TZZZZZ.. | SZZZ.OOJ&#10;TSOOL.JJ | TSOOL.JJ&#10;TTOOS.SJ | TTOOS.SJ&#10;I.SZLLLL | I.SZLLLL&#10;&#10;step=257, rand=5, actions=&lt;Down&gt;&#10;Want     | Got ✗            &#10;----------------------------&#10;........ | GameOverDisplay()&#10;........ |                  &#10;........ |                  &#10;........ |                  &#10;....T... |                  &#10;T...TT.. |                  &#10;TTZ.TZ.. |                  &#10;TZZZZZ.. |                  &#10;TSOOL.JJ |                  &#10;TTOOS.SJ |                  &#10;I.SZLLLL |                  &#10;&#10;step=258, rand=5, actions=&lt;Down&gt;&#10;Want     | Got ✗            &#10;----------------------------&#10;...T.... | GameOverDisplay()&#10;..TTT... |                  &#10;........ |                  &#10;........ |                  &#10;....T... |                  &#10;T...TT.. |                  &#10;TTZ.TZ.. |                  &#10;TZZZZZ.. |                  &#10;TSOOL.JJ |                  &#10;TTOOS.SJ |                  &#10;I.SZLLLL |                  &#10;&#10;step=259, rand=5, actions=&lt;RotateRight&gt;&#10;Want     | Got ✗            &#10;----------------------------&#10;...T.... | GameOverDisplay()&#10;...TT... |                  &#10;...T.... |                  &#10;........ |                  &#10;....T... |                  &#10;T...TT.. |                  &#10;TTZ.TZ.. |                  &#10;TZZZZZ.. |                  &#10;TSOOL.JJ |                  &#10;TTOOS.SJ |                  &#10;I.SZLLLL |                  &#10;&#10;step=260, rand=5, actions=&lt;RotateRight&gt;&#10;Want     | Got ✗            &#10;----------------------------&#10;........ | GameOverDisplay()&#10;..TTT... |                  &#10;...T.... |                  &#10;........ |                  &#10;....T... |                  &#10;T...TT.. |                  &#10;TTZ.TZ.. |                  &#10;TZZZZZ.. |                  &#10;TSOOL.JJ |                  &#10;TTOOS.SJ |                  &#10;I.SZLLLL |                  &#10;&#10;step=261, rand=5, actions=&lt;RotateRight&gt;&#10;Want     | Got ✗            &#10;----------------------------&#10;...T.... | GameOverDisplay()&#10;..TT.... |                  &#10;...T.... |                  &#10;........ |                  &#10;....T... |                  &#10;T...TT.. |                  &#10;TTZ.TZ.. |                  &#10;TZZZZZ.. |                  &#10;TSOOL.JJ |                  &#10;TTOOS.SJ |                  &#10;I.SZLLLL |                  &#10;&#10;step=262, rand=5, actions=&lt;Down&gt;&#10;Want     | Got ✗            &#10;----------------------------&#10;........ | GameOverDisplay()&#10;...T.... |                  &#10;..TT.... |                  &#10;...T.... |                  &#10;....T... |                  &#10;T...TT.. |                  &#10;TTZ.TZ.. |                  &#10;TZZZZZ.. |                  &#10;TSOOL.JJ |                  &#10;TTOOS.SJ |                  &#10;I.SZLLLL |                  &#10;&#10;step=263, rand=5, actions=&lt;Down&gt;&#10;Want     | Got ✗            &#10;----------------------------&#10;........ | GameOverDisplay()&#10;........ |                  &#10;...T.... |                  &#10;..TT.... |                  &#10;...TT... |                  &#10;T...TT.. |                  &#10;TTZ.TZ.. |                  &#10;TZZZZZ.. |                  &#10;TSOOL.JJ |                  &#10;TTOOS.SJ |                  &#10;I.SZLLLL |                  &#10;&#10;step=264, rand=5, actions=&lt;Down&gt;&#10;Want     | Got ✗            &#10;----------------------------&#10;........ | GameOverDisplay()&#10;........ |                  &#10;........ |                  &#10;...T.... |                  &#10;..TTT... |                  &#10;T..TTT.. |                  &#10;TTZ.TZ.. |                  &#10;TZZZZZ.. |                  &#10;TSOOL.JJ |                  &#10;TTOOS.SJ |                  &#10;I.SZLLLL |                  &#10;&#10;step=265, rand=5, actions=&lt;Down&gt;&#10;Want     | Got ✗            &#10;----------------------------&#10;........ | GameOverDisplay()&#10;........ |                  &#10;........ |                  &#10;........ |                  &#10;...TT... |                  &#10;T.TTTT.. |                  &#10;TTZTTZ.. |                  &#10;TZZZZZ.. |                  &#10;TSOOL.JJ |                  &#10;TTOOS.SJ |                  &#10;I.SZLLLL |                  &#10;&#10;step=266, rand=6, actions=&lt;Down&gt;&#10;Want     | Got ✗            &#10;----------------------------&#10;..ZZ.... | GameOverDisplay()&#10;...ZZ... |                  &#10;........ |                  &#10;........ |                  &#10;...TT... |                  &#10;T.TTTT.. |                  &#10;TTZTTZ.. |                  &#10;TZZZZZ.. |                  &#10;TSOOL.JJ |                  &#10;TTOOS.SJ |                  &#10;I.SZLLLL |                  &#10;&#10;step=267, rand=6, actions=&lt;RotateRight&gt;&#10;Want     | Got ✗            &#10;----------------------------&#10;....Z... | GameOverDisplay()&#10;...ZZ... |                  &#10;...Z.... |                  &#10;........ |                  &#10;...TT... |                  &#10;T.TTTT.. |                  &#10;TTZTTZ.. |                  &#10;TZZZZZ.. |                  &#10;TSOOL.JJ |                  &#10;TTOOS.SJ |                  &#10;I.SZLLLL |                  &#10;&#10;step=268, rand=6, actions=&lt;Left&gt;&#10;Want     | Got ✗            &#10;----------------------------&#10;...Z.... | GameOverDisplay()&#10;..ZZ.... |                  &#10;..Z..... |                  &#10;........ |                  &#10;...TT... |                  &#10;T.TTTT.. |                  &#10;TTZTTZ.. |                  &#10;TZZZZZ.. |                  &#10;TSOOL.JJ |                  &#10;TTOOS.SJ |                  &#10;I.SZLLLL |                  &#10;&#10;step=269, rand=6, actions=&lt;Left&gt;&#10;Want     | Got ✗            &#10;----------------------------&#10;..Z..... | GameOverDisplay()&#10;.ZZ..... |                  &#10;.Z...... |                  &#10;........ |                  &#10;...TT... |                  &#10;T.TTTT.. |                  &#10;TTZTTZ.. |                  &#10;TZZZZZ.. |                  &#10;TSOOL.JJ |                  &#10;TTOOS.SJ |                  &#10;I.SZLLLL |                  &#10;&#10;step=270, rand=6, actions=&lt;Down&gt;&#10;Want     | Got ✗            &#10;----------------------------&#10;........ | GameOverDisplay()&#10;..Z..... |                  &#10;.ZZ..... |                  &#10;.Z...... |                  &#10;...TT... |                  &#10;T.TTTT.. |                  &#10;TTZTTZ.. |                  &#10;TZZZZZ.. |                  &#10;TSOOL.JJ |                  &#10;TTOOS.SJ |                  &#10;I.SZLLLL |                  &#10;&#10;step=271, rand=6, actions=&lt;Down&gt;&#10;Want     | Got ✗            &#10;----------------------------&#10;........ | GameOverDisplay()&#10;........ |                  &#10;..Z..... |                  &#10;.ZZ..... |                  &#10;.Z.TT... |                  &#10;T.TTTT.. |                  &#10;TTZTTZ.. |                  &#10;TZZZZZ.. |                  &#10;TSOOL.JJ |                  &#10;TTOOS.SJ |                  &#10;I.SZLLLL |                  &#10;&#10;step=272, rand=6, actions=&lt;Down&gt;&#10;Want     | Got ✗            &#10;----------------------------&#10;........ | GameOverDisplay()&#10;........ |                  &#10;........ |                  &#10;..Z..... |                  &#10;.ZZTT... |                  &#10;TZTTTT.. |                  &#10;TTZTTZ.. |                  &#10;TZZZZZ.. |                  &#10;TSOOL.JJ |                  &#10;TTOOS.SJ |                  &#10;I.SZLLLL |                  &#10;&#10;step=273, rand=0, actions=&lt;Down&gt;&#10;Want     | Got ✗            &#10;----------------------------&#10;........ | GameOverDisplay()&#10;..IIII.. |                  &#10;........ |                  &#10;..Z..... |                  &#10;.ZZTT... |                  &#10;TZTTTT.. |                  &#10;TTZTTZ.. |                  &#10;TZZZZZ.. |                  &#10;TSOOL.JJ |                  &#10;TTOOS.SJ |                  &#10;I.SZLLLL |                  &#10;&#10;step=274, rand=0, actions=&lt;RotateRight&gt;&#10;Want     | Got ✗            &#10;----------------------------&#10;....I... | GameOverDisplay()&#10;....I... |                  &#10;....I... |                  &#10;..Z.I... |                  &#10;.ZZTT... |                  &#10;TZTTTT.. |                  &#10;TTZTTZ.. |                  &#10;TZZZZZ.. |                  &#10;TSOOL.JJ |                  &#10;TTOOS.SJ |                  &#10;I.SZLLLL |                  &#10;&#10;step=275, rand=0, actions=&lt;Right&gt;&#10;Want     | Got ✗            &#10;----------------------------&#10;.....I.. | GameOverDisplay()&#10;.....I.. |                  &#10;.....I.. |                  &#10;..Z..I.. |                  &#10;.ZZTT... |                  &#10;TZTTTT.. |                  &#10;TTZTTZ.. |                  &#10;TZZZZZ.. |                  &#10;TSOOL.JJ |                  &#10;TTOOS.SJ |                  &#10;I.SZLLLL |                  &#10;&#10;step=276, rand=0, actions=&lt;Right&gt;&#10;Want     | Got ✗            &#10;----------------------------&#10;......I. | GameOverDisplay()&#10;......I. |                  &#10;......I. |                  &#10;..Z...I. |                  &#10;.ZZTT... |                  &#10;TZTTTT.. |                  &#10;TTZTTZ.. |                  &#10;TZZZZZ.. |                  &#10;TSOOL.JJ |                  &#10;TTOOS.SJ |                  &#10;I.SZLLLL |                  &#10;&#10;step=277, rand=0, actions=&lt;Right&gt;&#10;Want     | Got ✗            &#10;----------------------------&#10;.......I | GameOverDisplay()&#10;.......I |                  &#10;.......I |                  &#10;..Z....I |                  &#10;.ZZTT... |                  &#10;TZTTTT.. |                  &#10;TTZTTZ.. |                  &#10;TZZZZZ.. |                  &#10;TSOOL.JJ |                  &#10;TTOOS.SJ |                  &#10;I.SZLLLL |                  &#10;&#10;step=278, rand=0, actions=&lt;Left&gt;&#10;Want     | Got ✗            &#10;----------------------------&#10;......I. | GameOverDisplay()&#10;......I. |                  &#10;......I. |                  &#10;..Z...I. |                  &#10;.ZZTT... |                  &#10;TZTTTT.. |                  &#10;TTZTTZ.. |                  &#10;TZZZZZ.. |                  &#10;TSOOL.JJ |                  &#10;TTOOS.SJ |                  &#10;I.SZLLLL |                  &#10;&#10;step=279, rand=0, actions=&lt;Down&gt;&#10;Want     | Got ✗            &#10;----------------------------&#10;........ | GameOverDisplay()&#10;......I. |                  &#10;......I. |                  &#10;..Z...I. |                  &#10;.ZZTT.I. |                  &#10;TZTTTT.. |                  &#10;TTZTTZ.. |                  &#10;TZZZZZ.. |                  &#10;TSOOL.JJ |                  &#10;TTOOS.SJ |                  &#10;I.SZLLLL |                  &#10;&#10;step=280, rand=0, actions=&lt;Down&gt;&#10;Want     | Got ✗            &#10;----------------------------&#10;........ | GameOverDisplay()&#10;........ |                  &#10;......I. |                  &#10;..Z...I. |                  &#10;.ZZTT.I. |                  &#10;TZTTTTI. |                  &#10;TTZTTZ.. |                  &#10;TZZZZZ.. |                  &#10;TSOOL.JJ |                  &#10;TTOOS.SJ |                  &#10;I.SZLLLL |                  &#10;&#10;step=281, rand=0, actions=&lt;Down&gt;&#10;Want     | Got ✗            &#10;----------------------------&#10;........ | GameOverDisplay()&#10;........ |                  &#10;........ |                  &#10;..Z...I. |                  &#10;.ZZTT.I. |                  &#10;TZTTTTI. |                  &#10;TTZTTZI. |                  &#10;TZZZZZ.. |                  &#10;TSOOL.JJ |                  &#10;TTOOS.SJ |                  &#10;I.SZLLLL |                  &#10;&#10;step=282, rand=0, actions=&lt;Down&gt;&#10;Want     | Got ✗            &#10;----------------------------&#10;........ | GameOverDisplay()&#10;........ |                  &#10;........ |                  &#10;..Z..... |                  &#10;.ZZTT.I. |                  &#10;TZTTTTI. |                  &#10;TTZTTZI. |                  &#10;TZZZZZI. |                  &#10;TSOOL.JJ |                  &#10;TTOOS.SJ |                  &#10;I.SZLLLL |                  &#10;&#10;step=283, rand=6, actions=&lt;Down&gt;&#10;Want     | Got ✗            &#10;----------------------------&#10;..ZZ.... | GameOverDisplay()&#10;...ZZ... |                  &#10;........ |                  &#10;..Z..... |                  &#10;.ZZTT.I. |                  &#10;TZTTTTI. |                  &#10;TTZTTZI. |                  &#10;TZZZZZI. |                  &#10;TSOOL.JJ |                  &#10;TTOOS.SJ |                  &#10;I.SZLLLL |                  &#10;&#10;step=284, rand=6, actions=&lt;Right&gt;&#10;Want     | Got ✗            &#10;----------------------------&#10;...ZZ... | GameOverDisplay()&#10;....ZZ.. |                  &#10;........ |                  &#10;..Z..... |                  &#10;.ZZTT.I. |                  &#10;TZTTTTI. |                  &#10;TTZTTZI. |                  &#10;TZZZZZI. |                  &#10;TSOOL.JJ |                  &#10;TTOOS.SJ |                  &#10;I.SZLLLL |                  &#10;&#10;step=285, rand=6, actions=&lt;Right&gt;&#10;Want     | Got ✗            &#10;----------------------------&#10;....ZZ.. | GameOverDisplay()&#10;.....ZZ. |                  &#10;........ |                  &#10;..Z..... |                  &#10;.ZZTT.I. |                  &#10;TZTTTTI. |                  &#10;TTZTTZI. |                  &#10;TZZZZZI. |                  &#10;TSOOL.JJ |                  &#10;TTOOS.SJ |                  &#10;I.SZLLLL |                  &#10;&#10;step=286, rand=6, actions=&lt;Left&gt;&#10;Want     | Got ✗            &#10;----------------------------&#10;...ZZ... | GameOverDisplay()&#10;....ZZ.. |                  &#10;........ |                  &#10;..Z..... |                  &#10;.ZZTT.I. |                  &#10;TZTTTTI. |                  &#10;TTZTTZI. |                  &#10;TZZZZZI. |                  &#10;TSOOL.JJ |                  &#10;TTOOS.SJ |                  &#10;I.SZLLLL |                  &#10;&#10;step=287, rand=6, actions=&lt;Left&gt;&#10;Want     | Got ✗            &#10;----------------------------&#10;..ZZ.... | GameOverDisplay()&#10;...ZZ... |                  &#10;........ |                  &#10;..Z..... |                  &#10;.ZZTT.I. |                  &#10;TZTTTTI. |                  &#10;TTZTTZI. |                  &#10;TZZZZZI. |                  &#10;TSOOL.JJ |                  &#10;TTOOS.SJ |                  &#10;I.SZLLLL |                  &#10;&#10;step=288, rand=6, actions=&lt;Left&gt;&#10;Want     | Got ✗            &#10;----------------------------&#10;.ZZ..... | GameOverDisplay()&#10;..ZZ.... |                  &#10;........ |                  &#10;..Z..... |                  &#10;.ZZTT.I. |                  &#10;TZTTTTI. |                  &#10;TTZTTZI. |                  &#10;TZZZZZI. |                  &#10;TSOOL.JJ |                  &#10;TTOOS.SJ |                  &#10;I.SZLLLL |                  &#10;&#10;step=289, rand=6, actions=&lt;Left&gt;&#10;Want     | Got ✗            &#10;----------------------------&#10;ZZ...... | GameOverDisplay()&#10;.ZZ..... |                  &#10;........ |                  &#10;..Z..... |                  &#10;.ZZTT.I. |                  &#10;TZTTTTI. |                  &#10;TTZTTZI. |                  &#10;TZZZZZI. |                  &#10;TSOOL.JJ |                  &#10;TTOOS.SJ |                  &#10;I.SZLLLL |                  &#10;&#10;step=290, rand=6, actions=&lt;RotateRight&gt;&#10;Want     | Got ✗            &#10;----------------------------&#10;..Z..... | GameOverDisplay()&#10;.ZZ..... |                  &#10;.Z...... |                  &#10;..Z..... |                  &#10;.ZZTT.I. |                  &#10;TZTTTTI. |                  &#10;TTZTTZI. |                  &#10;TZZZZZI. |                  &#10;TSOOL.JJ |                  &#10;TTOOS.SJ |                  &#10;I.SZLLLL |                  &#10;&#10;step=291, rand=6, actions=&lt;Left&gt;&#10;Want     | Got ✗            &#10;----------------------------&#10;.Z...... | GameOverDisplay()&#10;ZZ...... |                  &#10;Z....... |                  &#10;..Z..... |                  &#10;.ZZTT.I. |                  &#10;TZTTTTI. |                  &#10;TTZTTZI. |                  &#10;TZZZZZI. |                  &#10;TSOOL.JJ |                  &#10;TTOOS.SJ |                  &#10;I.SZLLLL |                  &#10;&#10;step=292, rand=6, actions=&lt;Left&gt;&#10;Want     | Got ✗            &#10;----------------------------&#10;.Z...... | GameOverDisplay()&#10;ZZ...... |                  &#10;Z....... |                  &#10;..Z..... |                  &#10;.ZZTT.I. |                  &#10;TZTTTTI. |                  &#10;TTZTTZI. |                  &#10;TZZZZZI. |                  &#10;TSOOL.JJ |                  &#10;TTOOS.SJ |                  &#10;I.SZLLLL |                  &#10;&#10;step=293, rand=6, actions=&lt;Down&gt;&#10;Want     | Got ✗            &#10;----------------------------&#10;........ | GameOverDisplay()&#10;.Z...... |                  &#10;ZZ...... |                  &#10;Z.Z..... |                  &#10;.ZZTT.I. |                  &#10;TZTTTTI. |                  &#10;TTZTTZI. |                  &#10;TZZZZZI. |                  &#10;TSOOL.JJ |                  &#10;TTOOS.SJ |                  &#10;I.SZLLLL |                  &#10;&#10;step=294, rand=6, actions=&lt;Down&gt;&#10;Want     | Got ✗            &#10;----------------------------&#10;........ | GameOverDisplay()&#10;........ |                  &#10;.Z...... |                  &#10;ZZZ..... |                  &#10;ZZZTT.I. |                  &#10;TZTTTTI. |                  &#10;TTZTTZI. |                  &#10;TZZZZZI. |                  &#10;TSOOL.JJ |                  &#10;TTOOS.SJ |                  &#10;I.SZLLLL |                  &#10;&#10;step=295, rand=4, actions=&lt;Down&gt;&#10;Want     | Got ✗            &#10;----------------------------&#10;...SS... | GameOverDisplay()&#10;..SS.... |                  &#10;.Z...... |                  &#10;ZZZ..... |                  &#10;ZZZTT.I. |                  &#10;TZTTTTI. |                  &#10;TTZTTZI. |                  &#10;TZZZZZI. |                  &#10;TSOOL.JJ |                  &#10;TTOOS.SJ |                  &#10;I.SZLLLL |                  &#10;&#10;step=296, rand=4, actions=&lt;RotateRight&gt;&#10;Want     | Got ✗            &#10;----------------------------&#10;...S.... | GameOverDisplay()&#10;...SS... |                  &#10;.Z..S... |                  &#10;ZZZ..... |                  &#10;ZZZTT.I. |                  &#10;TZTTTTI. |                  &#10;TTZTTZI. |                  &#10;TZZZZZI. |                  &#10;TSOOL.JJ |                  &#10;TTOOS.SJ |                  &#10;I.SZLLLL |                  &#10;&#10;step=297, rand=4, actions=&lt;Right&gt;&#10;Want     | Got ✗            &#10;----------------------------&#10;....S... | GameOverDisplay()&#10;....SS.. |                  &#10;.Z...S.. |                  &#10;ZZZ..... |                  &#10;ZZZTT.I. |                  &#10;TZTTTTI. |                  &#10;TTZTTZI. |                  &#10;TZZZZZI. |                  &#10;TSOOL.JJ |                  &#10;TTOOS.SJ |                  &#10;I.SZLLLL |                  &#10;&#10;step=298, rand=4, actions=&lt;Down&gt;&#10;Want     | Got ✗            &#10;----------------------------&#10;........ | GameOverDisplay()&#10;....S... |                  &#10;.Z..SS.. |                  &#10;ZZZ..S.. |                  &#10;ZZZTT.I. |                  &#10;TZTTTTI. |                  &#10;TTZTTZI. |                  &#10;TZZZZZI. |                  &#10;TSOOL.JJ |                  &#10;TTOOS.SJ |                  &#10;I.SZLLLL |                  &#10;&#10;step=299, rand=4, actions=&lt;Down&gt;&#10;Want     | Got ✗            &#10;----------------------------&#10;........ | GameOverDisplay()&#10;........ |                  &#10;.Z..S... |                  &#10;ZZZ.SS.. |                  &#10;ZZZTTSI. |                  &#10;TZTTTTI. |                  &#10;TTZTTZI. |                  &#10;TZZZZZI. |                  &#10;TSOOL.JJ |                  &#10;TTOOS.SJ |                  &#10;I.SZLLLL |                  &#10;&#10;step=300, rand=3, actions=&lt;Down&gt;&#10;Want     | Got ✗            &#10;----------------------------&#10;...OO... | GameOverDisplay()&#10;...OO... |                  &#10;.Z..S... |                  &#10;ZZZ.SS.. |                  &#10;ZZZTTSI. |                  &#10;TZTTTTI. |                  &#10;TTZTTZI. |                  &#10;TZZZZZI. |                  &#10;TSOOL.JJ |                  &#10;TTOOS.SJ |                  &#10;I.SZLLLL |                  &#10;&#10;step=301, rand=3, actions=&lt;Right&gt;&#10;Want     | Got ✗            &#10;----------------------------&#10;....OO.. | GameOverDisplay()&#10;....OO.. |                  &#10;.Z..S... |                  &#10;ZZZ.SS.. |                  &#10;ZZZTTSI. |                  &#10;TZTTTTI. |                  &#10;TTZTTZI. |                  &#10;TZZZZZI. |                  &#10;TSOOL.JJ |                  &#10;TTOOS.SJ |                  &#10;I.SZLLLL |                  &#10;&#10;step=302, rand=3, actions=&lt;Right&gt;&#10;Want     | Got ✗            &#10;----------------------------&#10;.....OO. | GameOverDisplay()&#10;.....OO. |                  &#10;.Z..S... |                  &#10;ZZZ.SS.. |                  &#10;ZZZTTSI. |                  &#10;TZTTTTI. |                  &#10;TTZTTZI. |                  &#10;TZZZZZI. |                  &#10;TSOOL.JJ |                  &#10;TTOOS.SJ |                  &#10;I.SZLLLL |                  &#10;&#10;step=303, rand=3, actions=&lt;Right&gt;&#10;Want     | Got ✗            &#10;----------------------------&#10;......OO | GameOverDisplay()&#10;......OO |                  &#10;.Z..S... |                  &#10;ZZZ.SS.. |                  &#10;ZZZTTSI. |                  &#10;TZTTTTI. |                  &#10;TTZTTZI. |                  &#10;TZZZZZI. |                  &#10;TSOOL.JJ |                  &#10;TTOOS.SJ |                  &#10;I.SZLLLL |                  &#10;&#10;step=304, rand=3, actions=&lt;Down&gt;&#10;Want     | Got ✗            &#10;----------------------------&#10;........ | GameOverDisplay()&#10;......OO |                  &#10;.Z..S.OO |                  &#10;ZZZ.SS.. |                  &#10;ZZZTTSI. |                  &#10;TZTTTTI. |                  &#10;TTZTTZI. |                  &#10;TZZZZZI. |                  &#10;TSOOL.JJ |                  &#10;TTOOS.SJ |                  &#10;I.SZLLLL |                  &#10;&#10;step=305, rand=3, actions=&lt;Down&gt;&#10;Want     | Got ✗            &#10;----------------------------&#10;........ | GameOverDisplay()&#10;........ |                  &#10;.Z..S.OO |                  &#10;ZZZ.SSOO |                  &#10;ZZZTTSI. |                  &#10;TZTTTTI. |                  &#10;TTZTTZI. |                  &#10;TZZZZZI. |                  &#10;TSOOL.JJ |                  &#10;TTOOS.SJ |                  &#10;I.SZLLLL |                  &#10;&#10;step=306, rand=3, actions=&lt;Down&gt;&#10;Want     | Got ✗            &#10;----------------------------&#10;...OO... | GameOverDisplay()&#10;...OO... |                  &#10;.Z..S.OO |                  &#10;ZZZ.SSOO |                  &#10;ZZZTTSI. |                  &#10;TZTTTTI. |                  &#10;TTZTTZI. |                  &#10;TZZZZZI. |                  &#10;TSOOL.JJ |                  &#10;TTOOS.SJ |                  &#10;I.SZLLLL |                  &#10;&#10;step=307, rand=3, actions=&lt;Left&gt;&#10;Want     | Got ✗            &#10;----------------------------&#10;..OO.... | GameOverDisplay()&#10;..OO.... |                  &#10;.Z..S.OO |                  &#10;ZZZ.SSOO |                  &#10;ZZZTTSI. |                  &#10;TZTTTTI. |                  &#10;TTZTTZI. |                  &#10;TZZZZZI. |                  &#10;TSOOL.JJ |                  &#10;TTOOS.SJ |                  &#10;I.SZLLLL |                  &#10;&#10;step=308, rand=3, actions=&lt;Left&gt;&#10;Want     | Got ✗            &#10;----------------------------&#10;.OO..... | GameOverDisplay()&#10;.OO..... |                  &#10;.Z..S.OO |                  &#10;ZZZ.SSOO |                  &#10;ZZZTTSI. |                  &#10;TZTTTTI. |                  &#10;TTZTTZI. |                  &#10;TZZZZZI. |                  &#10;TSOOL.JJ |                  &#10;TTOOS.SJ |                  &#10;I.SZLLLL |                  &#10;&#10;step=309, rand=3, actions=&lt;Right&gt;&#10;Want     | Got ✗            &#10;----------------------------&#10;..OO.... | GameOverDisplay()&#10;..OO.... |                  &#10;.Z..S.OO |                  &#10;ZZZ.SSOO |                  &#10;ZZZTTSI. |                  &#10;TZTTTTI. |                  &#10;TTZTTZI. |                  &#10;TZZZZZI. |                  &#10;TSOOL.JJ |                  &#10;TTOOS.SJ |                  &#10;I.SZLLLL |                  &#10;&#10;step=310, rand=3, actions=&lt;Down&gt;&#10;Want     | Got ✗            &#10;----------------------------&#10;........ | GameOverDisplay()&#10;..OO.... |                  &#10;.ZOOS.OO |                  &#10;ZZZ.SSOO |                  &#10;ZZZTTSI. |                  &#10;TZTTTTI. |                  &#10;TTZTTZI. |                  &#10;TZZZZZI. |                  &#10;TSOOL.JJ |                  &#10;TTOOS.SJ |                  &#10;I.SZLLLL |                  &#10;&#10;step=311, rand=1, actions=&lt;Down&gt;&#10;Want              | Got ✓            &#10;-------------------------------------&#10;GameOverDisplay() | GameOverDisplay()&#10;&#10;" type="org.scalatest.exceptions.TestFailedException">org.scalatest.exceptions.TestFailedException: didPass was false
--------------------------------------------------------------------------------
This is what went wrong:

step=0, rand=2, actions=&lt;&gt;
Want     | Got ✓   
-------------------
....L... | ....L...
..LLL... | ..LLL...
........ | ........
........ | ........
........ | ........
........ | ........
........ | ........
........ | ........
........ | ........
........ | ........
........ | ........

step=1, rand=2, actions=&lt;Right&gt;
Want     | Got ✓   
-------------------
.....L.. | .....L..
...LLL.. | ...LLL..
........ | ........
........ | ........
........ | ........
........ | ........
........ | ........
........ | ........
........ | ........
........ | ........
........ | ........

step=2, rand=2, actions=&lt;Right&gt;
Want     | Got ✓   
-------------------
......L. | ......L.
....LLL. | ....LLL.
........ | ........
........ | ........
........ | ........
........ | ........
........ | ........
........ | ........
........ | ........
........ | ........
........ | ........

step=3, rand=2, actions=&lt;Down&gt;
Want     | Got ✓   
-------------------
........ | ........
......L. | ......L.
....LLL. | ....LLL.
........ | ........
........ | ........
........ | ........
........ | ........
........ | ........
........ | ........
........ | ........
........ | ........

step=4, rand=2, actions=&lt;Down&gt;
Want     | Got ✓   
-------------------
........ | ........
........ | ........
......L. | ......L.
....LLL. | ....LLL.
........ | ........
........ | ........
........ | ........
........ | ........
........ | ........
........ | ........
........ | ........

step=5, rand=2, actions=&lt;Down&gt;
Want     | Got ✓   
-------------------
........ | ........
........ | ........
........ | ........
......L. | ......L.
....LLL. | ....LLL.
........ | ........
........ | ........
........ | ........
........ | ........
........ | ........
........ | ........

step=6, rand=2, actions=&lt;Down&gt;
Want     | Got ✓   
-------------------
........ | ........
........ | ........
........ | ........
........ | ........
......L. | ......L.
....LLL. | ....LLL.
........ | ........
........ | ........
........ | ........
........ | ........
........ | ........

step=7, rand=2, actions=&lt;Down&gt;
Want     | Got ✓   
-------------------
........ | ........
........ | ........
........ | ........
........ | ........
........ | ........
......L. | ......L.
....LLL. | ....LLL.
........ | ........
........ | ........
........ | ........
........ | ........

step=8, rand=2, actions=&lt;Down&gt;
Want     | Got ✓   
-------------------
........ | ........
........ | ........
........ | ........
........ | ........
........ | ........
........ | ........
......L. | ......L.
....LLL. | ....LLL.
........ | ........
........ | ........
........ | ........

step=9, rand=2, actions=&lt;Down&gt;
Want     | Got ✓   
-------------------
........ | ........
........ | ........
........ | ........
........ | ........
........ | ........
........ | ........
........ | ........
......L. | ......L.
....LLL. | ....LLL.
........ | ........
........ | ........

step=10, rand=2, actions=&lt;Down&gt;
Want     | Got ✓   
-------------------
........ | ........
........ | ........
........ | ........
........ | ........
........ | ........
........ | ........
........ | ........
........ | ........
......L. | ......L.
....LLL. | ....LLL.
........ | ........

step=11, rand=2, actions=&lt;Down&gt;
Want     | Got ✓   
-------------------
........ | ........
........ | ........
........ | ........
........ | ........
........ | ........
........ | ........
........ | ........
........ | ........
........ | ........
......L. | ......L.
....LLL. | ....LLL.

step=12, rand=6, actions=&lt;Down&gt;
Want     | Got ✓   
-------------------
..ZZ.... | ..ZZ....
...ZZ... | ...ZZ...
........ | ........
........ | ........
........ | ........
........ | ........
........ | ........
........ | ........
........ | ........
......L. | ......L.
....LLL. | ....LLL.

step=13, rand=6, actions=&lt;RotateRight&gt;
Want     | Got ✓   
-------------------
....Z... | ....Z...
...ZZ... | ...ZZ...
...Z.... | ...Z....
........ | ........
........ | ........
........ | ........
........ | ........
........ | ........
........ | ........
......L. | ......L.
....LLL. | ....LLL.

step=14, rand=6, actions=&lt;Down&gt;
Want     | Got ✓   
-------------------
........ | ........
....Z... | ....Z...
...ZZ... | ...ZZ...
...Z.... | ...Z....
........ | ........
........ | ........
........ | ........
........ | ........
........ | ........
......L. | ......L.
....LLL. | ....LLL.

step=15, rand=6, actions=&lt;Down&gt;
Want     | Got ✓   
-------------------
........ | ........
........ | ........
....Z... | ....Z...
...ZZ... | ...ZZ...
...Z.... | ...Z....
........ | ........
........ | ........
........ | ........
........ | ........
......L. | ......L.
....LLL. | ....LLL.

step=16, rand=6, actions=&lt;Down&gt;
Want     | Got ✓   
-------------------
........ | ........
........ | ........
........ | ........
....Z... | ....Z...
...ZZ... | ...ZZ...
...Z.... | ...Z....
........ | ........
........ | ........
........ | ........
......L. | ......L.
....LLL. | ....LLL.

step=17, rand=6, actions=&lt;Down&gt;
Want     | Got ✓   
-------------------
........ | ........
........ | ........
........ | ........
........ | ........
....Z... | ....Z...
...ZZ... | ...ZZ...
...Z.... | ...Z....
........ | ........
........ | ........
......L. | ......L.
....LLL. | ....LLL.

step=18, rand=6, actions=&lt;Down&gt;
Want     | Got ✓   
-------------------
........ | ........
........ | ........
........ | ........
........ | ........
........ | ........
....Z... | ....Z...
...ZZ... | ...ZZ...
...Z.... | ...Z....
........ | ........
......L. | ......L.
....LLL. | ....LLL.

step=19, rand=6, actions=&lt;Down&gt;
Want     | Got ✓   
-------------------
........ | ........
........ | ........
........ | ........
........ | ........
........ | ........
........ | ........
....Z... | ....Z...
...ZZ... | ...ZZ...
...Z.... | ...Z....
......L. | ......L.
....LLL. | ....LLL.

step=20, rand=6, actions=&lt;Down&gt;
Want     | Got ✓   
-------------------
........ | ........
........ | ........
........ | ........
........ | ........
........ | ........
........ | ........
........ | ........
....Z... | ....Z...
...ZZ... | ...ZZ...
...Z..L. | ...Z..L.
....LLL. | ....LLL.

step=21, rand=6, actions=&lt;Down&gt;
Want     | Got ✓   
-------------------
........ | ........
........ | ........
........ | ........
........ | ........
........ | ........
........ | ........
........ | ........
........ | ........
....Z... | ....Z...
...ZZ.L. | ...ZZ.L.
...ZLLL. | ...ZLLL.

step=22, rand=4, actions=&lt;Down&gt;
Want     | Got ✓   
-------------------
...SS... | ...SS...
..SS.... | ..SS....
........ | ........
........ | ........
........ | ........
........ | ........
........ | ........
........ | ........
....Z... | ....Z...
...ZZ.L. | ...ZZ.L.
...ZLLL. | ...ZLLL.

step=23, rand=4, actions=&lt;Left&gt;
Want     | Got ✓   
-------------------
..SS.... | ..SS....
.SS..... | .SS.....
........ | ........
........ | ........
........ | ........
........ | ........
........ | ........
........ | ........
....Z... | ....Z...
...ZZ.L. | ...ZZ.L.
...ZLLL. | ...ZLLL.

step=24, rand=4, actions=&lt;RotateRight&gt;
Want     | Got ✓   
-------------------
..S..... | ..S.....
..SS.... | ..SS....
...S.... | ...S....
........ | ........
........ | ........
........ | ........
........ | ........
........ | ........
....Z... | ....Z...
...ZZ.L. | ...ZZ.L.
...ZLLL. | ...ZLLL.

step=25, rand=4, actions=&lt;Left&gt;
Want     | Got ✓   
-------------------
.S...... | .S......
.SS..... | .SS.....
..S..... | ..S.....
........ | ........
........ | ........
........ | ........
........ | ........
........ | ........
....Z... | ....Z...
...ZZ.L. | ...ZZ.L.
...ZLLL. | ...ZLLL.

step=26, rand=4, actions=&lt;Down&gt;
Want     | Got ✓   
-------------------
........ | ........
.S...... | .S......
.SS..... | .SS.....
..S..... | ..S.....
........ | ........
........ | ........
........ | ........
........ | ........
....Z... | ....Z...
...ZZ.L. | ...ZZ.L.
...ZLLL. | ...ZLLL.

step=27, rand=4, actions=&lt;Down&gt;
Want     | Got ✓   
-------------------
........ | ........
........ | ........
.S...... | .S......
.SS..... | .SS.....
..S..... | ..S.....
........ | ........
........ | ........
........ | ........
....Z... | ....Z...
...ZZ.L. | ...ZZ.L.
...ZLLL. | ...ZLLL.

step=28, rand=4, actions=&lt;Down&gt;
Want     | Got ✓   
-------------------
........ | ........
........ | ........
........ | ........
.S...... | .S......
.SS..... | .SS.....
..S..... | ..S.....
........ | ........
........ | ........
....Z... | ....Z...
...ZZ.L. | ...ZZ.L.
...ZLLL. | ...ZLLL.

step=29, rand=4, actions=&lt;Down&gt;
Want     | Got ✓   
-------------------
........ | ........
........ | ........
........ | ........
........ | ........
.S...... | .S......
.SS..... | .SS.....
..S..... | ..S.....
........ | ........
....Z... | ....Z...
...ZZ.L. | ...ZZ.L.
...ZLLL. | ...ZLLL.

step=30, rand=4, actions=&lt;Down&gt;
Want     | Got ✓   
-------------------
........ | ........
........ | ........
........ | ........
........ | ........
........ | ........
.S...... | .S......
.SS..... | .SS.....
..S..... | ..S.....
....Z... | ....Z...
...ZZ.L. | ...ZZ.L.
...ZLLL. | ...ZLLL.

step=31, rand=4, actions=&lt;Down&gt;
Want     | Got ✓   
-------------------
........ | ........
........ | ........
........ | ........
........ | ........
........ | ........
........ | ........
.S...... | .S......
.SS..... | .SS.....
..S.Z... | ..S.Z...
...ZZ.L. | ...ZZ.L.
...ZLLL. | ...ZLLL.

step=32, rand=4, actions=&lt;Down&gt;
Want     | Got ✓   
-------------------
........ | ........
........ | ........
........ | ........
........ | ........
........ | ........
........ | ........
........ | ........
.S...... | .S......
.SS.Z... | .SS.Z...
..SZZ.L. | ..SZZ.L.
...ZLLL. | ...ZLLL.

step=33, rand=4, actions=&lt;Down&gt;
Want     | Got ✓   
-------------------
........ | ........
........ | ........
........ | ........
........ | ........
........ | ........
........ | ........
........ | ........
........ | ........
.S..Z... | .S..Z...
.SSZZ.L. | .SSZZ.L.
..SZLLL. | ..SZLLL.

step=34, rand=0, actions=&lt;Down&gt;
Want     | Got ✓   
-------------------
........ | ........
..IIII.. | ..IIII..
........ | ........
........ | ........
........ | ........
........ | ........
........ | ........
........ | ........
.S..Z... | .S..Z...
.SSZZ.L. | .SSZZ.L.
..SZLLL. | ..SZLLL.

step=35, rand=0, actions=&lt;RotateRight&gt;
Want     | Got ✓   
-------------------
....I... | ....I...
....I... | ....I...
....I... | ....I...
....I... | ....I...
........ | ........
........ | ........
........ | ........
........ | ........
.S..Z... | .S..Z...
.SSZZ.L. | .SSZZ.L.
..SZLLL. | ..SZLLL.

step=36, rand=0, actions=&lt;Left&gt;
Want     | Got ✓   
-------------------
...I.... | ...I....
...I.... | ...I....
...I.... | ...I....
...I.... | ...I....
........ | ........
........ | ........
........ | ........
........ | ........
.S..Z... | .S..Z...
.SSZZ.L. | .SSZZ.L.
..SZLLL. | ..SZLLL.

step=37, rand=0, actions=&lt;Left&gt;
Want     | Got ✓   
-------------------
..I..... | ..I.....
..I..... | ..I.....
..I..... | ..I.....
..I..... | ..I.....
........ | ........
........ | ........
........ | ........
........ | ........
.S..Z... | .S..Z...
.SSZZ.L. | .SSZZ.L.
..SZLLL. | ..SZLLL.

step=38, rand=0, actions=&lt;Left&gt;
Want     | Got ✓   
-------------------
.I...... | .I......
.I...... | .I......
.I...... | .I......
.I...... | .I......
........ | ........
........ | ........
........ | ........
........ | ........
.S..Z... | .S..Z...
.SSZZ.L. | .SSZZ.L.
..SZLLL. | ..SZLLL.

step=39, rand=0, actions=&lt;Left&gt;
Want     | Got ✓   
-------------------
I....... | I.......
I....... | I.......
I....... | I.......
I....... | I.......
........ | ........
........ | ........
........ | ........
........ | ........
.S..Z... | .S..Z...
.SSZZ.L. | .SSZZ.L.
..SZLLL. | ..SZLLL.

step=40, rand=0, actions=&lt;Left&gt;
Want     | Got ✓   
-------------------
I....... | I.......
I....... | I.......
I....... | I.......
I....... | I.......
........ | ........
........ | ........
........ | ........
........ | ........
.S..Z... | .S..Z...
.SSZZ.L. | .SSZZ.L.
..SZLLL. | ..SZLLL.

step=41, rand=0, actions=&lt;Down&gt;
Want     | Got ✓   
-------------------
........ | ........
I....... | I.......
I....... | I.......
I....... | I.......
I....... | I.......
........ | ........
........ | ........
........ | ........
.S..Z... | .S..Z...
.SSZZ.L. | .SSZZ.L.
..SZLLL. | ..SZLLL.

step=42, rand=0, actions=&lt;Down&gt;
Want     | Got ✓   
-------------------
........ | ........
........ | ........
I....... | I.......
I....... | I.......
I....... | I.......
I....... | I.......
........ | ........
........ | ........
.S..Z... | .S..Z...
.SSZZ.L. | .SSZZ.L.
..SZLLL. | ..SZLLL.

step=43, rand=0, actions=&lt;Down&gt;
Want     | Got ✓   
-------------------
........ | ........
........ | ........
........ | ........
I....... | I.......
I....... | I.......
I....... | I.......
I....... | I.......
........ | ........
.S..Z... | .S..Z...
.SSZZ.L. | .SSZZ.L.
..SZLLL. | ..SZLLL.

step=44, rand=0, actions=&lt;Down&gt;
Want     | Got ✓   
-------------------
........ | ........
........ | ........
........ | ........
........ | ........
I....... | I.......
I....... | I.......
I....... | I.......
I....... | I.......
.S..Z... | .S..Z...
.SSZZ.L. | .SSZZ.L.
..SZLLL. | ..SZLLL.

step=45, rand=0, actions=&lt;Down&gt;
Want     | Got ✓   
-------------------
........ | ........
........ | ........
........ | ........
........ | ........
........ | ........
I....... | I.......
I....... | I.......
I....... | I.......
IS..Z... | IS..Z...
.SSZZ.L. | .SSZZ.L.
..SZLLL. | ..SZLLL.

step=46, rand=0, actions=&lt;Down&gt;
Want     | Got ✓   
-------------------
........ | ........
........ | ........
........ | ........
........ | ........
........ | ........
........ | ........
I....... | I.......
I....... | I.......
IS..Z... | IS..Z...
ISSZZ.L. | ISSZZ.L.
..SZLLL. | ..SZLLL.

step=47, rand=0, actions=&lt;Down&gt;
Want     | Got ✓   
-------------------
........ | ........
........ | ........
........ | ........
........ | ........
........ | ........
........ | ........
........ | ........
I....... | I.......
IS..Z... | IS..Z...
ISSZZ.L. | ISSZZ.L.
I.SZLLL. | I.SZLLL.

step=48, rand=3, actions=&lt;Down&gt;
Want     | Got ✓   
-------------------
...OO... | ...OO...
...OO... | ...OO...
........ | ........
........ | ........
........ | ........
........ | ........
........ | ........
I....... | I.......
IS..Z... | IS..Z...
ISSZZ.L. | ISSZZ.L.
I.SZLLL. | I.SZLLL.

step=49, rand=3, actions=&lt;Left&gt;
Want     | Got ✓   
-------------------
..OO.... | ..OO....
..OO.... | ..OO....
........ | ........
........ | ........
........ | ........
........ | ........
........ | ........
I....... | I.......
IS..Z... | IS..Z...
ISSZZ.L. | ISSZZ.L.
I.SZLLL. | I.SZLLL.

step=50, rand=3, actions=&lt;Down&gt;
Want     | Got ✓   
-------------------
........ | ........
..OO.... | ..OO....
..OO.... | ..OO....
........ | ........
........ | ........
........ | ........
........ | ........
I....... | I.......
IS..Z... | IS..Z...
ISSZZ.L. | ISSZZ.L.
I.SZLLL. | I.SZLLL.

step=51, rand=3, actions=&lt;Left&gt;
Want     | Got ✓   
-------------------
........ | ........
.OO..... | .OO.....
.OO..... | .OO.....
........ | ........
........ | ........
........ | ........
........ | ........
I....... | I.......
IS..Z... | IS..Z...
ISSZZ.L. | ISSZZ.L.
I.SZLLL. | I.SZLLL.

step=52, rand=3, actions=&lt;Down&gt;
Want     | Got ✓   
-------------------
........ | ........
........ | ........
.OO..... | .OO.....
.OO..... | .OO.....
........ | ........
........ | ........
........ | ........
I....... | I.......
IS..Z... | IS..Z...
ISSZZ.L. | ISSZZ.L.
I.SZLLL. | I.SZLLL.

step=53, rand=3, actions=&lt;Down&gt;
Want     | Got ✓   
-------------------
........ | ........
........ | ........
........ | ........
.OO..... | .OO.....
.OO..... | .OO.....
........ | ........
........ | ........
I....... | I.......
IS..Z... | IS..Z...
ISSZZ.L. | ISSZZ.L.
I.SZLLL. | I.SZLLL.

step=54, rand=3, actions=&lt;Down&gt;
Want     | Got ✓   
-------------------
........ | ........
........ | ........
........ | ........
........ | ........
.OO..... | .OO.....
.OO..... | .OO.....
........ | ........
I....... | I.......
IS..Z... | IS..Z...
ISSZZ.L. | ISSZZ.L.
I.SZLLL. | I.SZLLL.

step=55, rand=3, actions=&lt;Down&gt;
Want     | Got ✓   
-------------------
........ | ........
........ | ........
........ | ........
........ | ........
........ | ........
.OO..... | .OO.....
.OO..... | .OO.....
I....... | I.......
IS..Z... | IS..Z...
ISSZZ.L. | ISSZZ.L.
I.SZLLL. | I.SZLLL.

step=56, rand=3, actions=&lt;Right&gt;
Want     | Got ✓   
-------------------
........ | ........
........ | ........
........ | ........
........ | ........
........ | ........
..OO.... | ..OO....
..OO.... | ..OO....
I....... | I.......
IS..Z... | IS..Z...
ISSZZ.L. | ISSZZ.L.
I.SZLLL. | I.SZLLL.

step=57, rand=3, actions=&lt;Down&gt;
Want     | Got ✓   
-------------------
........ | ........
........ | ........
........ | ........
........ | ........
........ | ........
........ | ........
..OO.... | ..OO....
I.OO.... | I.OO....
IS..Z... | IS..Z...
ISSZZ.L. | ISSZZ.L.
I.SZLLL. | I.SZLLL.

step=58, rand=3, actions=&lt;Down&gt;
Want     | Got ✓   
-------------------
........ | ........
........ | ........
........ | ........
........ | ........
........ | ........
........ | ........
........ | ........
I.OO.... | I.OO....
ISOOZ... | ISOOZ...
ISSZZ.L. | ISSZZ.L.
I.SZLLL. | I.SZLLL.

step=59, rand=3, actions=&lt;Down&gt;
Want     | Got ✓   
-------------------
...OO... | ...OO...
...OO... | ...OO...
........ | ........
........ | ........
........ | ........
........ | ........
........ | ........
I.OO.... | I.OO....
ISOOZ... | ISOOZ...
ISSZZ.L. | ISSZZ.L.
I.SZLLL. | I.SZLLL.

step=60, rand=3, actions=&lt;Left&gt;
Want     | Got ✓   
-------------------
..OO.... | ..OO....
..OO.... | ..OO....
........ | ........
........ | ........
........ | ........
........ | ........
........ | ........
I.OO.... | I.OO....
ISOOZ... | ISOOZ...
ISSZZ.L. | ISSZZ.L.
I.SZLLL. | I.SZLLL.

step=61, rand=3, actions=&lt;Down&gt;
Want     | Got ✓   
-------------------
........ | ........
..OO.... | ..OO....
..OO.... | ..OO....
........ | ........
........ | ........
........ | ........
........ | ........
I.OO.... | I.OO....
ISOOZ... | ISOOZ...
ISSZZ.L. | ISSZZ.L.
I.SZLLL. | I.SZLLL.

step=62, rand=3, actions=&lt;Down&gt;
Want     | Got ✓   
-------------------
........ | ........
........ | ........
..OO.... | ..OO....
..OO.... | ..OO....
........ | ........
........ | ........
........ | ........
I.OO.... | I.OO....
ISOOZ... | ISOOZ...
ISSZZ.L. | ISSZZ.L.
I.SZLLL. | I.SZLLL.

step=63, rand=3, actions=&lt;Down&gt;
Want     | Got ✓   
-------------------
........ | ........
........ | ........
........ | ........
..OO.... | ..OO....
..OO.... | ..OO....
........ | ........
........ | ........
I.OO.... | I.OO....
ISOOZ... | ISOOZ...
ISSZZ.L. | ISSZZ.L.
I.SZLLL. | I.SZLLL.

step=64, rand=3, actions=&lt;Down&gt;
Want     | Got ✓   
-------------------
........ | ........
........ | ........
........ | ........
........ | ........
..OO.... | ..OO....
..OO.... | ..OO....
........ | ........
I.OO.... | I.OO....
ISOOZ... | ISOOZ...
ISSZZ.L. | ISSZZ.L.
I.SZLLL. | I.SZLLL.

step=65, rand=3, actions=&lt;Down&gt;
Want     | Got ✓   
-------------------
........ | ........
........ | ........
........ | ........
........ | ........
........ | ........
..OO.... | ..OO....
..OO.... | ..OO....
I.OO.... | I.OO....
ISOOZ... | ISOOZ...
ISSZZ.L. | ISSZZ.L.
I.SZLLL. | I.SZLLL.

step=66, rand=2, actions=&lt;Down&gt;
Want     | Got ✓   
-------------------
....L... | ....L...
..LLL... | ..LLL...
........ | ........
........ | ........
........ | ........
..OO.... | ..OO....
..OO.... | ..OO....
I.OO.... | I.OO....
ISOOZ... | ISOOZ...
ISSZZ.L. | ISSZZ.L.
I.SZLLL. | I.SZLLL.

step=67, rand=2, actions=&lt;RotateRight&gt;
Want     | Got ✓   
-------------------
...L.... | ...L....
...L.... | ...L....
...LL... | ...LL...
........ | ........
........ | ........
..OO.... | ..OO....
..OO.... | ..OO....
I.OO.... | I.OO....
ISOOZ... | ISOOZ...
ISSZZ.L. | ISSZZ.L.
I.SZLLL. | I.SZLLL.

step=68, rand=2, actions=&lt;Right&gt;
Want     | Got ✓   
-------------------
....L... | ....L...
....L... | ....L...
....LL.. | ....LL..
........ | ........
........ | ........
..OO.... | ..OO....
..OO.... | ..OO....
I.OO.... | I.OO....
ISOOZ... | ISOOZ...
ISSZZ.L. | ISSZZ.L.
I.SZLLL. | I.SZLLL.

step=69, rand=2, actions=&lt;Right&gt;
Want     | Got ✓   
-------------------
.....L.. | .....L..
.....L.. | .....L..
.....LL. | .....LL.
........ | ........
........ | ........
..OO.... | ..OO....
..OO.... | ..OO....
I.OO.... | I.OO....
ISOOZ... | ISOOZ...
ISSZZ.L. | ISSZZ.L.
I.SZLLL. | I.SZLLL.

step=70, rand=2, actions=&lt;RotateRight&gt;
Want     | Got ✓   
-------------------
........ | ........
....LLL. | ....LLL.
....L... | ....L...
........ | ........
........ | ........
..OO.... | ..OO....
..OO.... | ..OO....
I.OO.... | I.OO....
ISOOZ... | ISOOZ...
ISSZZ.L. | ISSZZ.L.
I.SZLLL. | I.SZLLL.

step=71, rand=2, actions=&lt;RotateRight&gt;
Want     | Got ✓   
-------------------
....LL.. | ....LL..
.....L.. | .....L..
.....L.. | .....L..
........ | ........
........ | ........
..OO.... | ..OO....
..OO.... | ..OO....
I.OO.... | I.OO....
ISOOZ... | ISOOZ...
ISSZZ.L. | ISSZZ.L.
I.SZLLL. | I.SZLLL.

step=72, rand=2, actions=&lt;Right&gt;
Want     | Got ✓   
-------------------
.....LL. | .....LL.
......L. | ......L.
......L. | ......L.
........ | ........
........ | ........
..OO.... | ..OO....
..OO.... | ..OO....
I.OO.... | I.OO....
ISOOZ... | ISOOZ...
ISSZZ.L. | ISSZZ.L.
I.SZLLL. | I.SZLLL.

step=73, rand=2, actions=&lt;Right&gt;
Want     | Got ✓   
-------------------
......LL | ......LL
.......L | .......L
.......L | .......L
........ | ........
........ | ........
..OO.... | ..OO....
..OO.... | ..OO....
I.OO.... | I.OO....
ISOOZ... | ISOOZ...
ISSZZ.L. | ISSZZ.L.
I.SZLLL. | I.SZLLL.

step=74, rand=2, actions=&lt;Down&gt;
Want     | Got ✓   
-------------------
........ | ........
......LL | ......LL
.......L | .......L
.......L | .......L
........ | ........
..OO.... | ..OO....
..OO.... | ..OO....
I.OO.... | I.OO....
ISOOZ... | ISOOZ...
ISSZZ.L. | ISSZZ.L.
I.SZLLL. | I.SZLLL.

step=75, rand=2, actions=&lt;Down&gt;
Want     | Got ✓   
-------------------
........ | ........
........ | ........
......LL | ......LL
.......L | .......L
.......L | .......L
..OO.... | ..OO....
..OO.... | ..OO....
I.OO.... | I.OO....
ISOOZ... | ISOOZ...
ISSZZ.L. | ISSZZ.L.
I.SZLLL. | I.SZLLL.

step=76, rand=2, actions=&lt;Down&gt;
Want     | Got ✓   
-------------------
........ | ........
........ | ........
........ | ........
......LL | ......LL
.......L | .......L
..OO...L | ..OO...L
..OO.... | ..OO....
I.OO.... | I.OO....
ISOOZ... | ISOOZ...
ISSZZ.L. | ISSZZ.L.
I.SZLLL. | I.SZLLL.

step=77, rand=2, actions=&lt;Down&gt;
Want     | Got ✓   
-------------------
........ | ........
........ | ........
........ | ........
........ | ........
......LL | ......LL
..OO...L | ..OO...L
..OO...L | ..OO...L
I.OO.... | I.OO....
ISOOZ... | ISOOZ...
ISSZZ.L. | ISSZZ.L.
I.SZLLL. | I.SZLLL.

step=78, rand=2, actions=&lt;Down&gt;
Want     | Got ✓   
-------------------
........ | ........
........ | ........
........ | ........
........ | ........
........ | ........
..OO..LL | ..OO..LL
..OO...L | ..OO...L
I.OO...L | I.OO...L
ISOOZ... | ISOOZ...
ISSZZ.L. | ISSZZ.L.
I.SZLLL. | I.SZLLL.

step=79, rand=2, actions=&lt;Down&gt;
Want     | Got ✓   
-------------------
........ | ........
........ | ........
........ | ........
........ | ........
........ | ........
..OO.... | ..OO....
..OO..LL | ..OO..LL
I.OO...L | I.OO...L
ISOOZ..L | ISOOZ..L
ISSZZ.L. | ISSZZ.L.
I.SZLLL. | I.SZLLL.

step=80, rand=2, actions=&lt;Down&gt;
Want     | Got ✓   
-------------------
........ | ........
........ | ........
........ | ........
........ | ........
........ | ........
..OO.... | ..OO....
..OO.... | ..OO....
I.OO..LL | I.OO..LL
ISOOZ..L | ISOOZ..L
ISSZZ.LL | ISSZZ.LL
I.SZLLL. | I.SZLLL.

step=81, rand=2, actions=&lt;Down&gt;
Want     | Got ✓   
-------------------
........ | ........
........ | ........
........ | ........
........ | ........
........ | ........
..OO.... | ..OO....
..OO.... | ..OO....
I.OO.... | I.OO....
ISOOZ.LL | ISOOZ.LL
ISSZZ.LL | ISSZZ.LL
I.SZLLLL | I.SZLLLL

step=82, rand=5, actions=&lt;Down&gt;
Want     | Got ✓   
-------------------
...T.... | ...T....
..TTT... | ..TTT...
........ | ........
........ | ........
........ | ........
..OO.... | ..OO....
..OO.... | ..OO....
I.OO.... | I.OO....
ISOOZ.LL | ISOOZ.LL
ISSZZ.LL | ISSZZ.LL
I.SZLLLL | I.SZLLLL

step=83, rand=5, actions=&lt;Right&gt;
Want     | Got ✓   
-------------------
....T... | ....T...
...TTT.. | ...TTT..
........ | ........
........ | ........
........ | ........
..OO.... | ..OO....
..OO.... | ..OO....
I.OO.... | I.OO....
ISOOZ.LL | ISOOZ.LL
ISSZZ.LL | ISSZZ.LL
I.SZLLLL | I.SZLLLL

step=84, rand=5, actions=&lt;Right&gt;
Want     | Got ✓   
-------------------
.....T.. | .....T..
....TTT. | ....TTT.
........ | ........
........ | ........
........ | ........
..OO.... | ..OO....
..OO.... | ..OO....
I.OO.... | I.OO....
ISOOZ.LL | ISOOZ.LL
ISSZZ.LL | ISSZZ.LL
I.SZLLLL | I.SZLLLL

step=85, rand=5, actions=&lt;RotateRight&gt;
Want     | Got ✓   
-------------------
.....T.. | .....T..
.....TT. | .....TT.
.....T.. | .....T..
........ | ........
........ | ........
..OO.... | ..OO....
..OO.... | ..OO....
I.OO.... | I.OO....
ISOOZ.LL | ISOOZ.LL
ISSZZ.LL | ISSZZ.LL
I.SZLLLL | I.SZLLLL

step=86, rand=5, actions=&lt;RotateRight&gt;
Want     | Got ✓   
-------------------
........ | ........
....TTT. | ....TTT.
.....T.. | .....T..
........ | ........
........ | ........
..OO.... | ..OO....
..OO.... | ..OO....
I.OO.... | I.OO....
ISOOZ.LL | ISOOZ.LL
ISSZZ.LL | ISSZZ.LL
I.SZLLLL | I.SZLLLL

step=87, rand=5, actions=&lt;Down&gt;
Want     | Got ✓   
-------------------
........ | ........
........ | ........
....TTT. | ....TTT.
.....T.. | .....T..
........ | ........
..OO.... | ..OO....
..OO.... | ..OO....
I.OO.... | I.OO....
ISOOZ.LL | ISOOZ.LL
ISSZZ.LL | ISSZZ.LL
I.SZLLLL | I.SZLLLL

step=88, rand=5, actions=&lt;Down&gt;
Want     | Got ✓   
-------------------
........ | ........
........ | ........
........ | ........
....TTT. | ....TTT.
.....T.. | .....T..
..OO.... | ..OO....
..OO.... | ..OO....
I.OO.... | I.OO....
ISOOZ.LL | ISOOZ.LL
ISSZZ.LL | ISSZZ.LL
I.SZLLLL | I.SZLLLL

step=89, rand=5, actions=&lt;Down&gt;
Want     | Got ✓   
-------------------
........ | ........
........ | ........
........ | ........
........ | ........
....TTT. | ....TTT.
..OO.T.. | ..OO.T..
..OO.... | ..OO....
I.OO.... | I.OO....
ISOOZ.LL | ISOOZ.LL
ISSZZ.LL | ISSZZ.LL
I.SZLLLL | I.SZLLLL

step=90, rand=5, actions=&lt;Down&gt;
Want     | Got ✓   
-------------------
........ | ........
........ | ........
........ | ........
........ | ........
........ | ........
..OOTTT. | ..OOTTT.
..OO.T.. | ..OO.T..
I.OO.... | I.OO....
ISOOZ.LL | ISOOZ.LL
ISSZZ.LL | ISSZZ.LL
I.SZLLLL | I.SZLLLL

step=91, rand=5, actions=&lt;Down&gt;
Want     | Got ✓   
-------------------
........ | ........
........ | ........
........ | ........
........ | ........
........ | ........
..OO.... | ..OO....
..OOTTT. | ..OOTTT.
I.OO.T.. | I.OO.T..
ISOOZ.LL | ISOOZ.LL
ISSZZ.LL | ISSZZ.LL
I.SZLLLL | I.SZLLLL

step=92, rand=5, actions=&lt;Down&gt;
Want     | Got ✓   
-------------------
........ | ........
........ | ........
........ | ........
........ | ........
........ | ........
..OO.... | ..OO....
..OO.... | ..OO....
I.OOTTT. | I.OOTTT.
ISOOZTLL | ISOOZTLL
ISSZZ.LL | ISSZZ.LL
I.SZLLLL | I.SZLLLL

step=93, rand=4, actions=&lt;Down&gt;
Want     | Got ✓   
-------------------
...SS... | ...SS...
..SS.... | ..SS....
........ | ........
........ | ........
........ | ........
........ | ........
..OO.... | ..OO....
..OO.... | ..OO....
I.OOTTT. | I.OOTTT.
ISSZZ.LL | ISSZZ.LL
I.SZLLLL | I.SZLLLL

step=94, rand=4, actions=&lt;Right&gt;
Want     | Got ✓   
-------------------
....SS.. | ....SS..
...SS... | ...SS...
........ | ........
........ | ........
........ | ........
........ | ........
..OO.... | ..OO....
..OO.... | ..OO....
I.OOTTT. | I.OOTTT.
ISSZZ.LL | ISSZZ.LL
I.SZLLLL | I.SZLLLL

step=95, rand=4, actions=&lt;RotateRight&gt;
Want     | Got ✓   
-------------------
....S... | ....S...
....SS.. | ....SS..
.....S.. | .....S..
........ | ........
........ | ........
........ | ........
..OO.... | ..OO....
..OO.... | ..OO....
I.OOTTT. | I.OOTTT.
ISSZZ.LL | ISSZZ.LL
I.SZLLLL | I.SZLLLL

step=96, rand=4, actions=&lt;Right&gt;
Want     | Got ✓   
-------------------
.....S.. | .....S..
.....SS. | .....SS.
......S. | ......S.
........ | ........
........ | ........
........ | ........
..OO.... | ..OO....
..OO.... | ..OO....
I.OOTTT. | I.OOTTT.
ISSZZ.LL | ISSZZ.LL
I.SZLLLL | I.SZLLLL

step=97, rand=4, actions=&lt;Right&gt;
Want     | Got ✓   
-------------------
......S. | ......S.
......SS | ......SS
.......S | .......S
........ | ........
........ | ........
........ | ........
..OO.... | ..OO....
..OO.... | ..OO....
I.OOTTT. | I.OOTTT.
ISSZZ.LL | ISSZZ.LL
I.SZLLLL | I.SZLLLL

step=98, rand=4, actions=&lt;Down&gt;
Want     | Got ✓   
-------------------
........ | ........
......S. | ......S.
......SS | ......SS
.......S | .......S
........ | ........
........ | ........
..OO.... | ..OO....
..OO.... | ..OO....
I.OOTTT. | I.OOTTT.
ISSZZ.LL | ISSZZ.LL
I.SZLLLL | I.SZLLLL

step=99, rand=4, actions=&lt;Down&gt;
Want     | Got ✓   
-------------------
........ | ........
........ | ........
......S. | ......S.
......SS | ......SS
.......S | .......S
........ | ........
..OO.... | ..OO....
..OO.... | ..OO....
I.OOTTT. | I.OOTTT.
ISSZZ.LL | ISSZZ.LL
I.SZLLLL | I.SZLLLL

step=100, rand=4, actions=&lt;Down&gt;
Want     | Got ✓   
-------------------
........ | ........
........ | ........
........ | ........
......S. | ......S.
......SS | ......SS
.......S | .......S
..OO.... | ..OO....
..OO.... | ..OO....
I.OOTTT. | I.OOTTT.
ISSZZ.LL | ISSZZ.LL
I.SZLLLL | I.SZLLLL

step=101, rand=4, actions=&lt;Down&gt;
Want     | Got ✓   
-------------------
........ | ........
........ | ........
........ | ........
........ | ........
......S. | ......S.
......SS | ......SS
..OO...S | ..OO...S
..OO.... | ..OO....
I.OOTTT. | I.OOTTT.
ISSZZ.LL | ISSZZ.LL
I.SZLLLL | I.SZLLLL

step=102, rand=4, actions=&lt;Down&gt;
Want     | Got ✓   
-------------------
........ | ........
........ | ........
........ | ........
........ | ........
........ | ........
......S. | ......S.
..OO..SS | ..OO..SS
..OO...S | ..OO...S
I.OOTTT. | I.OOTTT.
ISSZZ.LL | ISSZZ.LL
I.SZLLLL | I.SZLLLL

step=103, rand=4, actions=&lt;Down&gt;
Want     | Got ✓   
-------------------
........ | ........
........ | ........
........ | ........
........ | ........
........ | ........
........ | ........
..OO..S. | ..OO..S.
..OO..SS | ..OO..SS
I.OOTTTS | I.OOTTTS
ISSZZ.LL | ISSZZ.LL
I.SZLLLL | I.SZLLLL

step=104, rand=5, actions=&lt;Down&gt;
Want     | Got ✓   
-------------------
...T.... | ...T....
..TTT... | ..TTT...
........ | ........
........ | ........
........ | ........
........ | ........
..OO..S. | ..OO..S.
..OO..SS | ..OO..SS
I.OOTTTS | I.OOTTTS
ISSZZ.LL | ISSZZ.LL
I.SZLLLL | I.SZLLLL

step=105, rand=5, actions=&lt;Left&gt;
Want     | Got ✓   
-------------------
..T..... | ..T.....
.TTT.... | .TTT....
........ | ........
........ | ........
........ | ........
........ | ........
..OO..S. | ..OO..S.
..OO..SS | ..OO..SS
I.OOTTTS | I.OOTTTS
ISSZZ.LL | ISSZZ.LL
I.SZLLLL | I.SZLLLL

step=106, rand=5, actions=&lt;RotateRight&gt;
Want     | Got ✓   
-------------------
..T..... | ..T.....
..TT.... | ..TT....
..T..... | ..T.....
........ | ........
........ | ........
........ | ........
..OO..S. | ..OO..S.
..OO..SS | ..OO..SS
I.OOTTTS | I.OOTTTS
ISSZZ.LL | ISSZZ.LL
I.SZLLLL | I.SZLLLL

step=107, rand=5, actions=&lt;Left&gt;
Want     | Got ✓   
-------------------
.T...... | .T......
.TT..... | .TT.....
.T...... | .T......
........ | ........
........ | ........
........ | ........
..OO..S. | ..OO..S.
..OO..SS | ..OO..SS
I.OOTTTS | I.OOTTTS
ISSZZ.LL | ISSZZ.LL
I.SZLLLL | I.SZLLLL

step=108, rand=5, actions=&lt;RotateRight&gt;
Want     | Got ✓   
-------------------
........ | ........
TTT..... | TTT.....
.T...... | .T......
........ | ........
........ | ........
........ | ........
..OO..S. | ..OO..S.
..OO..SS | ..OO..SS
I.OOTTTS | I.OOTTTS
ISSZZ.LL | ISSZZ.LL
I.SZLLLL | I.SZLLLL

step=109, rand=5, actions=&lt;RotateRight&gt;
Want     | Got ✓   
-------------------
.T...... | .T......
TT...... | TT......
.T...... | .T......
........ | ........
........ | ........
........ | ........
..OO..S. | ..OO..S.
..OO..SS | ..OO..SS
I.OOTTTS | I.OOTTTS
ISSZZ.LL | ISSZZ.LL
I.SZLLLL | I.SZLLLL

step=110, rand=5, actions=&lt;Down&gt;
Want     | Got ✓   
-------------------
........ | ........
.T...... | .T......
TT...... | TT......
.T...... | .T......
........ | ........
........ | ........
..OO..S. | ..OO..S.
..OO..SS | ..OO..SS
I.OOTTTS | I.OOTTTS
ISSZZ.LL | ISSZZ.LL
I.SZLLLL | I.SZLLLL

step=111, rand=5, actions=&lt;Down&gt;
Want     | Got ✓   
-------------------
........ | ........
........ | ........
.T...... | .T......
TT...... | TT......
.T...... | .T......
........ | ........
..OO..S. | ..OO..S.
..OO..SS | ..OO..SS
I.OOTTTS | I.OOTTTS
ISSZZ.LL | ISSZZ.LL
I.SZLLLL | I.SZLLLL

step=112, rand=5, actions=&lt;Down&gt;
Want     | Got ✓   
-------------------
........ | ........
........ | ........
........ | ........
.T...... | .T......
TT...... | TT......
.T...... | .T......
..OO..S. | ..OO..S.
..OO..SS | ..OO..SS
I.OOTTTS | I.OOTTTS
ISSZZ.LL | ISSZZ.LL
I.SZLLLL | I.SZLLLL

step=113, rand=5, actions=&lt;Down&gt;
Want     | Got ✓   
-------------------
........ | ........
........ | ........
........ | ........
........ | ........
.T...... | .T......
TT...... | TT......
.TOO..S. | .TOO..S.
..OO..SS | ..OO..SS
I.OOTTTS | I.OOTTTS
ISSZZ.LL | ISSZZ.LL
I.SZLLLL | I.SZLLLL

step=114, rand=5, actions=&lt;Down&gt;
Want     | Got ✓   
-------------------
........ | ........
........ | ........
........ | ........
........ | ........
........ | ........
.T...... | .T......
TTOO..S. | TTOO..S.
.TOO..SS | .TOO..SS
I.OOTTTS | I.OOTTTS
ISSZZ.LL | ISSZZ.LL
I.SZLLLL | I.SZLLLL

step=115, rand=5, actions=&lt;Down&gt;
Want     | Got ✓   
-------------------
........ | ........
........ | ........
........ | ........
........ | ........
........ | ........
........ | ........
.TOO..S. | .TOO..S.
TTOO..SS | TTOO..SS
ITOOTTTS | ITOOTTTS
ISSZZ.LL | ISSZZ.LL
I.SZLLLL | I.SZLLLL

step=116, rand=4, actions=&lt;Down&gt;
Want     | Got ✓   
-------------------
...SS... | ...SS...
..SS.... | ..SS....
........ | ........
........ | ........
........ | ........
........ | ........
........ | ........
.TOO..S. | .TOO..S.
TTOO..SS | TTOO..SS
ISSZZ.LL | ISSZZ.LL
I.SZLLLL | I.SZLLLL

step=117, rand=4, actions=&lt;RotateRight&gt;
Want     | Got ✓   
-------------------
...S.... | ...S....
...SS... | ...SS...
....S... | ....S...
........ | ........
........ | ........
........ | ........
........ | ........
.TOO..S. | .TOO..S.
TTOO..SS | TTOO..SS
ISSZZ.LL | ISSZZ.LL
I.SZLLLL | I.SZLLLL

step=118, rand=4, actions=&lt;Right&gt;
Want     | Got ✓   
-------------------
....S... | ....S...
....SS.. | ....SS..
.....S.. | .....S..
........ | ........
........ | ........
........ | ........
........ | ........
.TOO..S. | .TOO..S.
TTOO..SS | TTOO..SS
ISSZZ.LL | ISSZZ.LL
I.SZLLLL | I.SZLLLL

step=119, rand=4, actions=&lt;Down&gt;
Want     | Got ✓   
-------------------
........ | ........
....S... | ....S...
....SS.. | ....SS..
.....S.. | .....S..
........ | ........
........ | ........
........ | ........
.TOO..S. | .TOO..S.
TTOO..SS | TTOO..SS
ISSZZ.LL | ISSZZ.LL
I.SZLLLL | I.SZLLLL

step=120, rand=4, actions=&lt;Down&gt;
Want     | Got ✓   
-------------------
........ | ........
........ | ........
....S... | ....S...
....SS.. | ....SS..
.....S.. | .....S..
........ | ........
........ | ........
.TOO..S. | .TOO..S.
TTOO..SS | TTOO..SS
ISSZZ.LL | ISSZZ.LL
I.SZLLLL | I.SZLLLL

step=121, rand=4, actions=&lt;Down&gt;
Want     | Got ✓   
-------------------
........ | ........
........ | ........
........ | ........
....S... | ....S...
....SS.. | ....SS..
.....S.. | .....S..
........ | ........
.TOO..S. | .TOO..S.
TTOO..SS | TTOO..SS
ISSZZ.LL | ISSZZ.LL
I.SZLLLL | I.SZLLLL

step=122, rand=4, actions=&lt;Down&gt;
Want     | Got ✓   
-------------------
........ | ........
........ | ........
........ | ........
........ | ........
....S... | ....S...
....SS.. | ....SS..
.....S.. | .....S..
.TOO..S. | .TOO..S.
TTOO..SS | TTOO..SS
ISSZZ.LL | ISSZZ.LL
I.SZLLLL | I.SZLLLL

step=123, rand=4, actions=&lt;Down&gt;
Want     | Got ✓   
-------------------
........ | ........
........ | ........
........ | ........
........ | ........
........ | ........
....S... | ....S...
....SS.. | ....SS..
.TOO.SS. | .TOO.SS.
TTOO..SS | TTOO..SS
ISSZZ.LL | ISSZZ.LL
I.SZLLLL | I.SZLLLL

step=124, rand=4, actions=&lt;Down&gt;
Want     | Got ✓   
-------------------
........ | ........
........ | ........
........ | ........
........ | ........
........ | ........
........ | ........
....S... | ....S...
.TOOSSS. | .TOOSSS.
TTOO.SSS | TTOO.SSS
ISSZZ.LL | ISSZZ.LL
I.SZLLLL | I.SZLLLL

step=125, rand=4, actions=&lt;Down&gt;
Want     | Got ✓   
-------------------
........ | ........
........ | ........
........ | ........
........ | ........
........ | ........
........ | ........
........ | ........
.TOOS.S. | .TOOS.S.
TTOOSSSS | TTOOSSSS
ISSZZSLL | ISSZZSLL
I.SZLLLL | I.SZLLLL

step=126, rand=3, actions=&lt;Down&gt;
Want     | Got ✓   
-------------------
...OO... | ...OO...
...OO... | ...OO...
........ | ........
........ | ........
........ | ........
........ | ........
........ | ........
........ | ........
........ | ........
.TOOS.S. | .TOOS.S.
I.SZLLLL | I.SZLLLL

step=127, rand=3, actions=&lt;Left&gt;
Want     | Got ✓   
-------------------
..OO.... | ..OO....
..OO.... | ..OO....
........ | ........
........ | ........
........ | ........
........ | ........
........ | ........
........ | ........
........ | ........
.TOOS.S. | .TOOS.S.
I.SZLLLL | I.SZLLLL

step=128, rand=3, actions=&lt;Left&gt;
Want     | Got ✓   
-------------------
.OO..... | .OO.....
.OO..... | .OO.....
........ | ........
........ | ........
........ | ........
........ | ........
........ | ........
........ | ........
........ | ........
.TOOS.S. | .TOOS.S.
I.SZLLLL | I.SZLLLL

step=129, rand=3, actions=&lt;Down&gt;
Want     | Got ✓   
-------------------
........ | ........
.OO..... | .OO.....
.OO..... | .OO.....
........ | ........
........ | ........
........ | ........
........ | ........
........ | ........
........ | ........
.TOOS.S. | .TOOS.S.
I.SZLLLL | I.SZLLLL

step=130, rand=3, actions=&lt;Right&gt;
Want     | Got ✓   
-------------------
........ | ........
..OO.... | ..OO....
..OO.... | ..OO....
........ | ........
........ | ........
........ | ........
........ | ........
........ | ........
........ | ........
.TOOS.S. | .TOOS.S.
I.SZLLLL | I.SZLLLL

step=131, rand=3, actions=&lt;Down&gt;
Want     | Got ✓   
-------------------
........ | ........
........ | ........
..OO.... | ..OO....
..OO.... | ..OO....
........ | ........
........ | ........
........ | ........
........ | ........
........ | ........
.TOOS.S. | .TOOS.S.
I.SZLLLL | I.SZLLLL

step=132, rand=3, actions=&lt;Down&gt;
Want     | Got ✓   
-------------------
........ | ........
........ | ........
........ | ........
..OO.... | ..OO....
..OO.... | ..OO....
........ | ........
........ | ........
........ | ........
........ | ........
.TOOS.S. | .TOOS.S.
I.SZLLLL | I.SZLLLL

step=133, rand=3, actions=&lt;Down&gt;
Want     | Got ✓   
-------------------
........ | ........
........ | ........
........ | ........
........ | ........
..OO.... | ..OO....
..OO.... | ..OO....
........ | ........
........ | ........
........ | ........
.TOOS.S. | .TOOS.S.
I.SZLLLL | I.SZLLLL

step=134, rand=3, actions=&lt;Down&gt;
Want     | Got ✓   
-------------------
........ | ........
........ | ........
........ | ........
........ | ........
........ | ........
..OO.... | ..OO....
..OO.... | ..OO....
........ | ........
........ | ........
.TOOS.S. | .TOOS.S.
I.SZLLLL | I.SZLLLL

step=135, rand=3, actions=&lt;Down&gt;
Want     | Got ✓   
-------------------
........ | ........
........ | ........
........ | ........
........ | ........
........ | ........
........ | ........
..OO.... | ..OO....
..OO.... | ..OO....
........ | ........
.TOOS.S. | .TOOS.S.
I.SZLLLL | I.SZLLLL

step=136, rand=3, actions=&lt;Down&gt;
Want     | Got ✓   
-------------------
........ | ........
........ | ........
........ | ........
........ | ........
........ | ........
........ | ........
........ | ........
..OO.... | ..OO....
..OO.... | ..OO....
.TOOS.S. | .TOOS.S.
I.SZLLLL | I.SZLLLL

step=137, rand=2, actions=&lt;Down&gt;
Want     | Got ✓   
-------------------
....L... | ....L...
..LLL... | ..LLL...
........ | ........
........ | ........
........ | ........
........ | ........
........ | ........
..OO.... | ..OO....
..OO.... | ..OO....
.TOOS.S. | .TOOS.S.
I.SZLLLL | I.SZLLLL

step=138, rand=2, actions=&lt;RotateRight&gt;
Want     | Got ✓   
-------------------
...L.... | ...L....
...L.... | ...L....
...LL... | ...LL...
........ | ........
........ | ........
........ | ........
........ | ........
..OO.... | ..OO....
..OO.... | ..OO....
.TOOS.S. | .TOOS.S.
I.SZLLLL | I.SZLLLL

step=139, rand=2, actions=&lt;RotateRight&gt;
Want     | Got ✓   
-------------------
........ | ........
..LLL... | ..LLL...
..L..... | ..L.....
........ | ........
........ | ........
........ | ........
........ | ........
..OO.... | ..OO....
..OO.... | ..OO....
.TOOS.S. | .TOOS.S.
I.SZLLLL | I.SZLLLL

step=140, rand=2, actions=&lt;RotateRight&gt;
Want     | Got ✓   
-------------------
..LL.... | ..LL....
...L.... | ...L....
...L.... | ...L....
........ | ........
........ | ........
........ | ........
........ | ........
..OO.... | ..OO....
..OO.... | ..OO....
.TOOS.S. | .TOOS.S.
I.SZLLLL | I.SZLLLL

step=141, rand=2, actions=&lt;Right&gt;
Want     | Got ✓   
-------------------
...LL... | ...LL...
....L... | ....L...
....L... | ....L...
........ | ........
........ | ........
........ | ........
........ | ........
..OO.... | ..OO....
..OO.... | ..OO....
.TOOS.S. | .TOOS.S.
I.SZLLLL | I.SZLLLL

step=142, rand=2, actions=&lt;Down&gt;
Want     | Got ✓   
-------------------
........ | ........
...LL... | ...LL...
....L... | ....L...
....L... | ....L...
........ | ........
........ | ........
........ | ........
..OO.... | ..OO....
..OO.... | ..OO....
.TOOS.S. | .TOOS.S.
I.SZLLLL | I.SZLLLL

step=143, rand=2, actions=&lt;Down&gt;
Want     | Got ✓   
-------------------
........ | ........
........ | ........
...LL... | ...LL...
....L... | ....L...
....L... | ....L...
........ | ........
........ | ........
..OO.... | ..OO....
..OO.... | ..OO....
.TOOS.S. | .TOOS.S.
I.SZLLLL | I.SZLLLL

step=144, rand=2, actions=&lt;Down&gt;
Want     | Got ✓   
-------------------
........ | ........
........ | ........
........ | ........
...LL... | ...LL...
....L... | ....L...
....L... | ....L...
........ | ........
..OO.... | ..OO....
..OO.... | ..OO....
.TOOS.S. | .TOOS.S.
I.SZLLLL | I.SZLLLL

step=145, rand=2, actions=&lt;Down&gt;
Want     | Got ✓   
-------------------
........ | ........
........ | ........
........ | ........
........ | ........
...LL... | ...LL...
....L... | ....L...
....L... | ....L...
..OO.... | ..OO....
..OO.... | ..OO....
.TOOS.S. | .TOOS.S.
I.SZLLLL | I.SZLLLL

step=146, rand=2, actions=&lt;Down&gt;
Want     | Got ✓   
-------------------
........ | ........
........ | ........
........ | ........
........ | ........
........ | ........
...LL... | ...LL...
....L... | ....L...
..OOL... | ..OOL...
..OO.... | ..OO....
.TOOS.S. | .TOOS.S.
I.SZLLLL | I.SZLLLL

step=147, rand=2, actions=&lt;Down&gt;
Want     | Got ✓   
-------------------
........ | ........
........ | ........
........ | ........
........ | ........
........ | ........
........ | ........
...LL... | ...LL...
..OOL... | ..OOL...
..OOL... | ..OOL...
.TOOS.S. | .TOOS.S.
I.SZLLLL | I.SZLLLL

step=148, rand=1, actions=&lt;Down&gt;
Want     | Got ✓   
-------------------
..J..... | ..J.....
..JJJ... | ..JJJ...
........ | ........
........ | ........
........ | ........
........ | ........
...LL... | ...LL...
..OOL... | ..OOL...
..OOL... | ..OOL...
.TOOS.S. | .TOOS.S.
I.SZLLLL | I.SZLLLL

step=149, rand=1, actions=&lt;RotateRight&gt;
Want     | Got ✓   
-------------------
...JJ... | ...JJ...
...J.... | ...J....
...J.... | ...J....
........ | ........
........ | ........
........ | ........
...LL... | ...LL...
..OOL... | ..OOL...
..OOL... | ..OOL...
.TOOS.S. | .TOOS.S.
I.SZLLLL | I.SZLLLL

step=150, rand=1, actions=&lt;Right&gt;
Want     | Got ✓   
-------------------
....JJ.. | ....JJ..
....J... | ....J...
....J... | ....J...
........ | ........
........ | ........
........ | ........
...LL... | ...LL...
..OOL... | ..OOL...
..OOL... | ..OOL...
.TOOS.S. | .TOOS.S.
I.SZLLLL | I.SZLLLL

step=151, rand=1, actions=&lt;RotateRight&gt;
Want     | Got ✓   
-------------------
........ | ........
...JJJ.. | ...JJJ..
.....J.. | .....J..
........ | ........
........ | ........
........ | ........
...LL... | ...LL...
..OOL... | ..OOL...
..OOL... | ..OOL...
.TOOS.S. | .TOOS.S.
I.SZLLLL | I.SZLLLL

step=152, rand=1, actions=&lt;Right&gt;
Want     | Got ✓   
-------------------
........ | ........
....JJJ. | ....JJJ.
......J. | ......J.
........ | ........
........ | ........
........ | ........
...LL... | ...LL...
..OOL... | ..OOL...
..OOL... | ..OOL...
.TOOS.S. | .TOOS.S.
I.SZLLLL | I.SZLLLL

step=153, rand=1, actions=&lt;Right&gt;
Want     | Got ✓   
-------------------
........ | ........
.....JJJ | .....JJJ
.......J | .......J
........ | ........
........ | ........
........ | ........
...LL... | ...LL...
..OOL... | ..OOL...
..OOL... | ..OOL...
.TOOS.S. | .TOOS.S.
I.SZLLLL | I.SZLLLL

step=154, rand=1, actions=&lt;Right&gt;
Want     | Got ✓   
-------------------
........ | ........
.....JJJ | .....JJJ
.......J | .......J
........ | ........
........ | ........
........ | ........
...LL... | ...LL...
..OOL... | ..OOL...
..OOL... | ..OOL...
.TOOS.S. | .TOOS.S.
I.SZLLLL | I.SZLLLL

step=155, rand=1, actions=&lt;Down&gt;
Want     | Got ✓   
-------------------
........ | ........
........ | ........
.....JJJ | .....JJJ
.......J | .......J
........ | ........
........ | ........
...LL... | ...LL...
..OOL... | ..OOL...
..OOL... | ..OOL...
.TOOS.S. | .TOOS.S.
I.SZLLLL | I.SZLLLL

step=156, rand=1, actions=&lt;Down&gt;
Want     | Got ✓   
-------------------
........ | ........
........ | ........
........ | ........
.....JJJ | .....JJJ
.......J | .......J
........ | ........
...LL... | ...LL...
..OOL... | ..OOL...
..OOL... | ..OOL...
.TOOS.S. | .TOOS.S.
I.SZLLLL | I.SZLLLL

step=157, rand=1, actions=&lt;Down&gt;
Want     | Got ✓   
-------------------
........ | ........
........ | ........
........ | ........
........ | ........
.....JJJ | .....JJJ
.......J | .......J
...LL... | ...LL...
..OOL... | ..OOL...
..OOL... | ..OOL...
.TOOS.S. | .TOOS.S.
I.SZLLLL | I.SZLLLL

step=158, rand=1, actions=&lt;Down&gt;
Want     | Got ✓   
-------------------
........ | ........
........ | ........
........ | ........
........ | ........
........ | ........
.....JJJ | .....JJJ
...LL..J | ...LL..J
..OOL... | ..OOL...
..OOL... | ..OOL...
.TOOS.S. | .TOOS.S.
I.SZLLLL | I.SZLLLL

step=159, rand=1, actions=&lt;Down&gt;
Want     | Got ✓   
-------------------
........ | ........
........ | ........
........ | ........
........ | ........
........ | ........
........ | ........
...LLJJJ | ...LLJJJ
..OOL..J | ..OOL..J
..OOL... | ..OOL...
.TOOS.S. | .TOOS.S.
I.SZLLLL | I.SZLLLL

step=160, rand=1, actions=&lt;Down&gt;
Want     | Got ✓   
-------------------
........ | ........
........ | ........
........ | ........
........ | ........
........ | ........
........ | ........
...LL... | ...LL...
..OOLJJJ | ..OOLJJJ
..OOL..J | ..OOL..J
.TOOS.S. | .TOOS.S.
I.SZLLLL | I.SZLLLL

step=161, rand=1, actions=&lt;Down&gt;
Want     | Got ✓   
-------------------
........ | ........
........ | ........
........ | ........
........ | ........
........ | ........
........ | ........
...LL... | ...LL...
..OOL... | ..OOL...
..OOLJJJ | ..OOLJJJ
.TOOS.SJ | .TOOS.SJ
I.SZLLLL | I.SZLLLL

step=162, rand=5, actions=&lt;Down&gt;
Want     | Got ✓   
-------------------
...T.... | ...T....
..TTT... | ..TTT...
........ | ........
........ | ........
........ | ........
........ | ........
...LL... | ...LL...
..OOL... | ..OOL...
..OOLJJJ | ..OOLJJJ
.TOOS.SJ | .TOOS.SJ
I.SZLLLL | I.SZLLLL

step=163, rand=5, actions=&lt;Left&gt;
Want     | Got ✓   
-------------------
..T..... | ..T.....
.TTT.... | .TTT....
........ | ........
........ | ........
........ | ........
........ | ........
...LL... | ...LL...
..OOL... | ..OOL...
..OOLJJJ | ..OOLJJJ
.TOOS.SJ | .TOOS.SJ
I.SZLLLL | I.SZLLLL

step=164, rand=5, actions=&lt;RotateRight&gt;
Want     | Got ✓   
-------------------
..T..... | ..T.....
..TT.... | ..TT....
..T..... | ..T.....
........ | ........
........ | ........
........ | ........
...LL... | ...LL...
..OOL... | ..OOL...
..OOLJJJ | ..OOLJJJ
.TOOS.SJ | .TOOS.SJ
I.SZLLLL | I.SZLLLL

step=165, rand=5, actions=&lt;Left&gt;
Want     | Got ✓   
-------------------
.T...... | .T......
.TT..... | .TT.....
.T...... | .T......
........ | ........
........ | ........
........ | ........
...LL... | ...LL...
..OOL... | ..OOL...
..OOLJJJ | ..OOLJJJ
.TOOS.SJ | .TOOS.SJ
I.SZLLLL | I.SZLLLL

step=166, rand=5, actions=&lt;Left&gt;
Want     | Got ✓   
-------------------
T....... | T.......
TT...... | TT......
T....... | T.......
........ | ........
........ | ........
........ | ........
...LL... | ...LL...
..OOL... | ..OOL...
..OOLJJJ | ..OOLJJJ
.TOOS.SJ | .TOOS.SJ
I.SZLLLL | I.SZLLLL

step=167, rand=5, actions=&lt;Down&gt;
Want     | Got ✓   
-------------------
........ | ........
T....... | T.......
TT...... | TT......
T....... | T.......
........ | ........
........ | ........
...LL... | ...LL...
..OOL... | ..OOL...
..OOLJJJ | ..OOLJJJ
.TOOS.SJ | .TOOS.SJ
I.SZLLLL | I.SZLLLL

step=168, rand=5, actions=&lt;Down&gt;
Want     | Got ✓   
-------------------
........ | ........
........ | ........
T....... | T.......
TT...... | TT......
T....... | T.......
........ | ........
...LL... | ...LL...
..OOL... | ..OOL...
..OOLJJJ | ..OOLJJJ
.TOOS.SJ | .TOOS.SJ
I.SZLLLL | I.SZLLLL

step=169, rand=5, actions=&lt;Down&gt;
Want     | Got ✓   
-------------------
........ | ........
........ | ........
........ | ........
T....... | T.......
TT...... | TT......
T....... | T.......
...LL... | ...LL...
..OOL... | ..OOL...
..OOLJJJ | ..OOLJJJ
.TOOS.SJ | .TOOS.SJ
I.SZLLLL | I.SZLLLL

step=170, rand=5, actions=&lt;Down&gt;
Want     | Got ✓   
-------------------
........ | ........
........ | ........
........ | ........
........ | ........
T....... | T.......
TT...... | TT......
T..LL... | T..LL...
..OOL... | ..OOL...
..OOLJJJ | ..OOLJJJ
.TOOS.SJ | .TOOS.SJ
I.SZLLLL | I.SZLLLL

step=171, rand=5, actions=&lt;Down&gt;
Want     | Got ✓   
-------------------
........ | ........
........ | ........
........ | ........
........ | ........
........ | ........
T....... | T.......
TT.LL... | TT.LL...
T.OOL... | T.OOL...
..OOLJJJ | ..OOLJJJ
.TOOS.SJ | .TOOS.SJ
I.SZLLLL | I.SZLLLL

step=172, rand=5, actions=&lt;Down&gt;
Want     | Got ✓   
-------------------
........ | ........
........ | ........
........ | ........
........ | ........
........ | ........
........ | ........
T..LL... | T..LL...
TTOOL... | TTOOL...
T.OOLJJJ | T.OOLJJJ
.TOOS.SJ | .TOOS.SJ
I.SZLLLL | I.SZLLLL

step=173, rand=5, actions=&lt;Down&gt;
Want     | Got ✓   
-------------------
........ | ........
........ | ........
........ | ........
........ | ........
........ | ........
........ | ........
...LL... | ...LL...
T.OOL... | T.OOL...
TTOOLJJJ | TTOOLJJJ
TTOOS.SJ | TTOOS.SJ
I.SZLLLL | I.SZLLLL

step=174, rand=1, actions=&lt;Down&gt;
Want     | Got ✓   
-------------------
..J..... | ..J.....
..JJJ... | ..JJJ...
........ | ........
........ | ........
........ | ........
........ | ........
........ | ........
...LL... | ...LL...
T.OOL... | T.OOL...
TTOOS.SJ | TTOOS.SJ
I.SZLLLL | I.SZLLLL

step=175, rand=1, actions=&lt;RotateRight&gt;
Want     | Got ✓   
-------------------
...JJ... | ...JJ...
...J.... | ...J....
...J.... | ...J....
........ | ........
........ | ........
........ | ........
........ | ........
...LL... | ...LL...
T.OOL... | T.OOL...
TTOOS.SJ | TTOOS.SJ
I.SZLLLL | I.SZLLLL

step=176, rand=1, actions=&lt;RotateRight&gt;
Want     | Got ✓   
-------------------
........ | ........
..JJJ... | ..JJJ...
....J... | ....J...
........ | ........
........ | ........
........ | ........
........ | ........
...LL... | ...LL...
T.OOL... | T.OOL...
TTOOS.SJ | TTOOS.SJ
I.SZLLLL | I.SZLLLL

step=177, rand=1, actions=&lt;RotateRight&gt;
Want     | Got ✓   
-------------------
...J.... | ...J....
...J.... | ...J....
..JJ.... | ..JJ....
........ | ........
........ | ........
........ | ........
........ | ........
...LL... | ...LL...
T.OOL... | T.OOL...
TTOOS.SJ | TTOOS.SJ
I.SZLLLL | I.SZLLLL

step=178, rand=1, actions=&lt;Right&gt;
Want     | Got ✓   
-------------------
....J... | ....J...
....J... | ....J...
...JJ... | ...JJ...
........ | ........
........ | ........
........ | ........
........ | ........
...LL... | ...LL...
T.OOL... | T.OOL...
TTOOS.SJ | TTOOS.SJ
I.SZLLLL | I.SZLLLL

step=179, rand=1, actions=&lt;Right&gt;
Want     | Got ✓   
-------------------
.....J.. | .....J..
.....J.. | .....J..
....JJ.. | ....JJ..
........ | ........
........ | ........
........ | ........
........ | ........
...LL... | ...LL...
T.OOL... | T.OOL...
TTOOS.SJ | TTOOS.SJ
I.SZLLLL | I.SZLLLL

step=180, rand=1, actions=&lt;Right&gt;
Want     | Got ✓   
-------------------
......J. | ......J.
......J. | ......J.
.....JJ. | .....JJ.
........ | ........
........ | ........
........ | ........
........ | ........
...LL... | ...LL...
T.OOL... | T.OOL...
TTOOS.SJ | TTOOS.SJ
I.SZLLLL | I.SZLLLL

step=181, rand=1, actions=&lt;Right&gt;
Want     | Got ✓   
-------------------
.......J | .......J
.......J | .......J
......JJ | ......JJ
........ | ........
........ | ........
........ | ........
........ | ........
...LL... | ...LL...
T.OOL... | T.OOL...
TTOOS.SJ | TTOOS.SJ
I.SZLLLL | I.SZLLLL

step=182, rand=1, actions=&lt;Down&gt;
Want     | Got ✓   
-------------------
........ | ........
.......J | .......J
.......J | .......J
......JJ | ......JJ
........ | ........
........ | ........
........ | ........
...LL... | ...LL...
T.OOL... | T.OOL...
TTOOS.SJ | TTOOS.SJ
I.SZLLLL | I.SZLLLL

step=183, rand=1, actions=&lt;Down&gt;
Want     | Got ✓   
-------------------
........ | ........
........ | ........
.......J | .......J
.......J | .......J
......JJ | ......JJ
........ | ........
........ | ........
...LL... | ...LL...
T.OOL... | T.OOL...
TTOOS.SJ | TTOOS.SJ
I.SZLLLL | I.SZLLLL

step=184, rand=1, actions=&lt;Down&gt;
Want     | Got ✓   
-------------------
........ | ........
........ | ........
........ | ........
.......J | .......J
.......J | .......J
......JJ | ......JJ
........ | ........
...LL... | ...LL...
T.OOL... | T.OOL...
TTOOS.SJ | TTOOS.SJ
I.SZLLLL | I.SZLLLL

step=185, rand=1, actions=&lt;Down&gt;
Want     | Got ✓   
-------------------
........ | ........
........ | ........
........ | ........
........ | ........
.......J | .......J
.......J | .......J
......JJ | ......JJ
...LL... | ...LL...
T.OOL... | T.OOL...
TTOOS.SJ | TTOOS.SJ
I.SZLLLL | I.SZLLLL

step=186, rand=1, actions=&lt;Down&gt;
Want     | Got ✓   
-------------------
........ | ........
........ | ........
........ | ........
........ | ........
........ | ........
.......J | .......J
.......J | .......J
...LL.JJ | ...LL.JJ
T.OOL... | T.OOL...
TTOOS.SJ | TTOOS.SJ
I.SZLLLL | I.SZLLLL

step=187, rand=1, actions=&lt;Down&gt;
Want     | Got ✓   
-------------------
........ | ........
........ | ........
........ | ........
........ | ........
........ | ........
........ | ........
.......J | .......J
...LL..J | ...LL..J
T.OOL.JJ | T.OOL.JJ
TTOOS.SJ | TTOOS.SJ
I.SZLLLL | I.SZLLLL

step=188, rand=4, actions=&lt;Down&gt;
Want     | Got ✓   
-------------------
...SS... | ...SS...
..SS.... | ..SS....
........ | ........
........ | ........
........ | ........
........ | ........
.......J | .......J
...LL..J | ...LL..J
T.OOL.JJ | T.OOL.JJ
TTOOS.SJ | TTOOS.SJ
I.SZLLLL | I.SZLLLL

step=189, rand=4, actions=&lt;RotateRight&gt;
Want     | Got ✓   
-------------------
...S.... | ...S....
...SS... | ...SS...
....S... | ....S...
........ | ........
........ | ........
........ | ........
.......J | .......J
...LL..J | ...LL..J
T.OOL.JJ | T.OOL.JJ
TTOOS.SJ | TTOOS.SJ
I.SZLLLL | I.SZLLLL

step=190, rand=4, actions=&lt;Left&gt;
Want     | Got ✓   
-------------------
..S..... | ..S.....
..SS.... | ..SS....
...S.... | ...S....
........ | ........
........ | ........
........ | ........
.......J | .......J
...LL..J | ...LL..J
T.OOL.JJ | T.OOL.JJ
TTOOS.SJ | TTOOS.SJ
I.SZLLLL | I.SZLLLL

step=191, rand=4, actions=&lt;Left&gt;
Want     | Got ✓   
-------------------
.S...... | .S......
.SS..... | .SS.....
..S..... | ..S.....
........ | ........
........ | ........
........ | ........
.......J | .......J
...LL..J | ...LL..J
T.OOL.JJ | T.OOL.JJ
TTOOS.SJ | TTOOS.SJ
I.SZLLLL | I.SZLLLL

step=192, rand=4, actions=&lt;Left&gt;
Want     | Got ✓   
-------------------
S....... | S.......
SS...... | SS......
.S...... | .S......
........ | ........
........ | ........
........ | ........
.......J | .......J
...LL..J | ...LL..J
T.OOL.JJ | T.OOL.JJ
TTOOS.SJ | TTOOS.SJ
I.SZLLLL | I.SZLLLL

step=193, rand=4, actions=&lt;Down&gt;
Want     | Got ✓   
-------------------
........ | ........
S....... | S.......
SS...... | SS......
.S...... | .S......
........ | ........
........ | ........
.......J | .......J
...LL..J | ...LL..J
T.OOL.JJ | T.OOL.JJ
TTOOS.SJ | TTOOS.SJ
I.SZLLLL | I.SZLLLL

step=194, rand=4, actions=&lt;Down&gt;
Want     | Got ✓   
-------------------
........ | ........
........ | ........
S....... | S.......
SS...... | SS......
.S...... | .S......
........ | ........
.......J | .......J
...LL..J | ...LL..J
T.OOL.JJ | T.OOL.JJ
TTOOS.SJ | TTOOS.SJ
I.SZLLLL | I.SZLLLL

step=195, rand=4, actions=&lt;Down&gt;
Want     | Got ✓   
-------------------
........ | ........
........ | ........
........ | ........
S....... | S.......
SS...... | SS......
.S...... | .S......
.......J | .......J
...LL..J | ...LL..J
T.OOL.JJ | T.OOL.JJ
TTOOS.SJ | TTOOS.SJ
I.SZLLLL | I.SZLLLL

step=196, rand=4, actions=&lt;Down&gt;
Want     | Got ✓   
-------------------
........ | ........
........ | ........
........ | ........
........ | ........
S....... | S.......
SS...... | SS......
.S.....J | .S.....J
...LL..J | ...LL..J
T.OOL.JJ | T.OOL.JJ
TTOOS.SJ | TTOOS.SJ
I.SZLLLL | I.SZLLLL

step=197, rand=4, actions=&lt;Down&gt;
Want     | Got ✓   
-------------------
........ | ........
........ | ........
........ | ........
........ | ........
........ | ........
S....... | S.......
SS.....J | SS.....J
.S.LL..J | .S.LL..J
T.OOL.JJ | T.OOL.JJ
TTOOS.SJ | TTOOS.SJ
I.SZLLLL | I.SZLLLL

step=198, rand=4, actions=&lt;Down&gt;
Want     | Got ✓   
-------------------
........ | ........
........ | ........
........ | ........
........ | ........
........ | ........
........ | ........
S......J | S......J
SS.LL..J | SS.LL..J
TSOOL.JJ | TSOOL.JJ
TTOOS.SJ | TTOOS.SJ
I.SZLLLL | I.SZLLLL

step=199, rand=6, actions=&lt;Down&gt;
Want     | Got ✓   
-------------------
..ZZ.... | ..ZZ....
...ZZ... | ...ZZ...
........ | ........
........ | ........
........ | ........
........ | ........
S......J | S......J
SS.LL..J | SS.LL..J
TSOOL.JJ | TSOOL.JJ
TTOOS.SJ | TTOOS.SJ
I.SZLLLL | I.SZLLLL

step=200, rand=6, actions=&lt;RotateRight&gt;
Want     | Got ✓   
-------------------
....Z... | ....Z...
...ZZ... | ...ZZ...
...Z.... | ...Z....
........ | ........
........ | ........
........ | ........
S......J | S......J
SS.LL..J | SS.LL..J
TSOOL.JJ | TSOOL.JJ
TTOOS.SJ | TTOOS.SJ
I.SZLLLL | I.SZLLLL

step=201, rand=6, actions=&lt;Left&gt;
Want     | Got ✓   
-------------------
...Z.... | ...Z....
..ZZ.... | ..ZZ....
..Z..... | ..Z.....
........ | ........
........ | ........
........ | ........
S......J | S......J
SS.LL..J | SS.LL..J
TSOOL.JJ | TSOOL.JJ
TTOOS.SJ | TTOOS.SJ
I.SZLLLL | I.SZLLLL

step=202, rand=6, actions=&lt;Down&gt;
Want     | Got ✓   
-------------------
........ | ........
...Z.... | ...Z....
..ZZ.... | ..ZZ....
..Z..... | ..Z.....
........ | ........
........ | ........
S......J | S......J
SS.LL..J | SS.LL..J
TSOOL.JJ | TSOOL.JJ
TTOOS.SJ | TTOOS.SJ
I.SZLLLL | I.SZLLLL

step=203, rand=6, actions=&lt;Down&gt;
Want     | Got ✓   
-------------------
........ | ........
........ | ........
...Z.... | ...Z....
..ZZ.... | ..ZZ....
..Z..... | ..Z.....
........ | ........
S......J | S......J
SS.LL..J | SS.LL..J
TSOOL.JJ | TSOOL.JJ
TTOOS.SJ | TTOOS.SJ
I.SZLLLL | I.SZLLLL

step=204, rand=6, actions=&lt;Down&gt;
Want     | Got ✓   
-------------------
........ | ........
........ | ........
........ | ........
...Z.... | ...Z....
..ZZ.... | ..ZZ....
..Z..... | ..Z.....
S......J | S......J
SS.LL..J | SS.LL..J
TSOOL.JJ | TSOOL.JJ
TTOOS.SJ | TTOOS.SJ
I.SZLLLL | I.SZLLLL

step=205, rand=6, actions=&lt;Down&gt;
Want     | Got ✓   
-------------------
........ | ........
........ | ........
........ | ........
........ | ........
...Z.... | ...Z....
..ZZ.... | ..ZZ....
S.Z....J | S.Z....J
SS.LL..J | SS.LL..J
TSOOL.JJ | TSOOL.JJ
TTOOS.SJ | TTOOS.SJ
I.SZLLLL | I.SZLLLL

step=206, rand=6, actions=&lt;Down&gt;
Want     | Got ✓   
-------------------
........ | ........
........ | ........
........ | ........
........ | ........
........ | ........
...Z.... | ...Z....
S.ZZ...J | S.ZZ...J
SSZLL..J | SSZLL..J
TSOOL.JJ | TSOOL.JJ
TTOOS.SJ | TTOOS.SJ
I.SZLLLL | I.SZLLLL

step=207, rand=6, actions=&lt;Down&gt;
Want     | Got ✓   
-------------------
..ZZ.... | ..ZZ....
...ZZ... | ...ZZ...
........ | ........
........ | ........
........ | ........
...Z.... | ...Z....
S.ZZ...J | S.ZZ...J
SSZLL..J | SSZLL..J
TSOOL.JJ | TSOOL.JJ
TTOOS.SJ | TTOOS.SJ
I.SZLLLL | I.SZLLLL

step=208, rand=6, actions=&lt;RotateRight&gt;
Want     | Got ✓   
-------------------
....Z... | ....Z...
...ZZ... | ...ZZ...
...Z.... | ...Z....
........ | ........
........ | ........
...Z.... | ...Z....
S.ZZ...J | S.ZZ...J
SSZLL..J | SSZLL..J
TSOOL.JJ | TSOOL.JJ
TTOOS.SJ | TTOOS.SJ
I.SZLLLL | I.SZLLLL

step=209, rand=6, actions=&lt;Left&gt;
Want     | Got ✓   
-------------------
...Z.... | ...Z....
..ZZ.... | ..ZZ....
..Z..... | ..Z.....
........ | ........
........ | ........
...Z.... | ...Z....
S.ZZ...J | S.ZZ...J
SSZLL..J | SSZLL..J
TSOOL.JJ | TSOOL.JJ
TTOOS.SJ | TTOOS.SJ
I.SZLLLL | I.SZLLLL

step=210, rand=6, actions=&lt;Left&gt;
Want     | Got ✓   
-------------------
..Z..... | ..Z.....
.ZZ..... | .ZZ.....
.Z...... | .Z......
........ | ........
........ | ........
...Z.... | ...Z....
S.ZZ...J | S.ZZ...J
SSZLL..J | SSZLL..J
TSOOL.JJ | TSOOL.JJ
TTOOS.SJ | TTOOS.SJ
I.SZLLLL | I.SZLLLL

step=211, rand=6, actions=&lt;Down&gt;
Want     | Got ✓   
-------------------
........ | ........
..Z..... | ..Z.....
.ZZ..... | .ZZ.....
.Z...... | .Z......
........ | ........
...Z.... | ...Z....
S.ZZ...J | S.ZZ...J
SSZLL..J | SSZLL..J
TSOOL.JJ | TSOOL.JJ
TTOOS.SJ | TTOOS.SJ
I.SZLLLL | I.SZLLLL

step=212, rand=6, actions=&lt;Down&gt;
Want     | Got ✓   
-------------------
........ | ........
........ | ........
..Z..... | ..Z.....
.ZZ..... | .ZZ.....
.Z...... | .Z......
...Z.... | ...Z....
S.ZZ...J | S.ZZ...J
SSZLL..J | SSZLL..J
TSOOL.JJ | TSOOL.JJ
TTOOS.SJ | TTOOS.SJ
I.SZLLLL | I.SZLLLL

step=213, rand=6, actions=&lt;Down&gt;
Want     | Got ✓   
-------------------
........ | ........
........ | ........
........ | ........
..Z..... | ..Z.....
.ZZ..... | .ZZ.....
.Z.Z.... | .Z.Z....
S.ZZ...J | S.ZZ...J
SSZLL..J | SSZLL..J
TSOOL.JJ | TSOOL.JJ
TTOOS.SJ | TTOOS.SJ
I.SZLLLL | I.SZLLLL

step=214, rand=6, actions=&lt;Down&gt;
Want     | Got ✓   
-------------------
........ | ........
........ | ........
........ | ........
........ | ........
..Z..... | ..Z.....
.ZZZ.... | .ZZZ....
SZZZ...J | SZZZ...J
SSZLL..J | SSZLL..J
TSOOL.JJ | TSOOL.JJ
TTOOS.SJ | TTOOS.SJ
I.SZLLLL | I.SZLLLL

step=215, rand=5, actions=&lt;Down&gt;
Want     | Got ✓   
-------------------
...T.... | ...T....
..TTT... | ..TTT...
........ | ........
........ | ........
..Z..... | ..Z.....
.ZZZ.... | .ZZZ....
SZZZ...J | SZZZ...J
SSZLL..J | SSZLL..J
TSOOL.JJ | TSOOL.JJ
TTOOS.SJ | TTOOS.SJ
I.SZLLLL | I.SZLLLL

step=216, rand=5, actions=&lt;Right&gt;
Want     | Got ✓   
-------------------
....T... | ....T...
...TTT.. | ...TTT..
........ | ........
........ | ........
..Z..... | ..Z.....
.ZZZ.... | .ZZZ....
SZZZ...J | SZZZ...J
SSZLL..J | SSZLL..J
TSOOL.JJ | TSOOL.JJ
TTOOS.SJ | TTOOS.SJ
I.SZLLLL | I.SZLLLL

step=217, rand=5, actions=&lt;Left&gt;
Want     | Got ✓   
-------------------
...T.... | ...T....
..TTT... | ..TTT...
........ | ........
........ | ........
..Z..... | ..Z.....
.ZZZ.... | .ZZZ....
SZZZ...J | SZZZ...J
SSZLL..J | SSZLL..J
TSOOL.JJ | TSOOL.JJ
TTOOS.SJ | TTOOS.SJ
I.SZLLLL | I.SZLLLL

step=218, rand=5, actions=&lt;RotateRight&gt;
Want     | Got ✓   
-------------------
...T.... | ...T....
...TT... | ...TT...
...T.... | ...T....
........ | ........
..Z..... | ..Z.....
.ZZZ.... | .ZZZ....
SZZZ...J | SZZZ...J
SSZLL..J | SSZLL..J
TSOOL.JJ | TSOOL.JJ
TTOOS.SJ | TTOOS.SJ
I.SZLLLL | I.SZLLLL

step=219, rand=5, actions=&lt;Left&gt;
Want     | Got ✓   
-------------------
..T..... | ..T.....
..TT.... | ..TT....
..T..... | ..T.....
........ | ........
..Z..... | ..Z.....
.ZZZ.... | .ZZZ....
SZZZ...J | SZZZ...J
SSZLL..J | SSZLL..J
TSOOL.JJ | TSOOL.JJ
TTOOS.SJ | TTOOS.SJ
I.SZLLLL | I.SZLLLL

step=220, rand=5, actions=&lt;Left&gt;
Want     | Got ✓   
-------------------
.T...... | .T......
.TT..... | .TT.....
.T...... | .T......
........ | ........
..Z..... | ..Z.....
.ZZZ.... | .ZZZ....
SZZZ...J | SZZZ...J
SSZLL..J | SSZLL..J
TSOOL.JJ | TSOOL.JJ
TTOOS.SJ | TTOOS.SJ
I.SZLLLL | I.SZLLLL

step=221, rand=5, actions=&lt;Left&gt;
Want     | Got ✓   
-------------------
T....... | T.......
TT...... | TT......
T....... | T.......
........ | ........
..Z..... | ..Z.....
.ZZZ.... | .ZZZ....
SZZZ...J | SZZZ...J
SSZLL..J | SSZLL..J
TSOOL.JJ | TSOOL.JJ
TTOOS.SJ | TTOOS.SJ
I.SZLLLL | I.SZLLLL

step=222, rand=5, actions=&lt;Down&gt;
Want     | Got ✓   
-------------------
........ | ........
T....... | T.......
TT...... | TT......
T....... | T.......
..Z..... | ..Z.....
.ZZZ.... | .ZZZ....
SZZZ...J | SZZZ...J
SSZLL..J | SSZLL..J
TSOOL.JJ | TSOOL.JJ
TTOOS.SJ | TTOOS.SJ
I.SZLLLL | I.SZLLLL

step=223, rand=5, actions=&lt;Down&gt;
Want     | Got ✓   
-------------------
........ | ........
........ | ........
T....... | T.......
TT...... | TT......
T.Z..... | T.Z.....
.ZZZ.... | .ZZZ....
SZZZ...J | SZZZ...J
SSZLL..J | SSZLL..J
TSOOL.JJ | TSOOL.JJ
TTOOS.SJ | TTOOS.SJ
I.SZLLLL | I.SZLLLL

step=224, rand=5, actions=&lt;Down&gt;
Want     | Got ✓   
-------------------
........ | ........
........ | ........
........ | ........
T....... | T.......
TTZ..... | TTZ.....
TZZZ.... | TZZZ....
SZZZ...J | SZZZ...J
SSZLL..J | SSZLL..J
TSOOL.JJ | TSOOL.JJ
TTOOS.SJ | TTOOS.SJ
I.SZLLLL | I.SZLLLL

step=225, rand=3, actions=&lt;Down&gt;
Want     | Got ✓   
-------------------
...OO... | ...OO...
...OO... | ...OO...
........ | ........
T....... | T.......
TTZ..... | TTZ.....
TZZZ.... | TZZZ....
SZZZ...J | SZZZ...J
SSZLL..J | SSZLL..J
TSOOL.JJ | TSOOL.JJ
TTOOS.SJ | TTOOS.SJ
I.SZLLLL | I.SZLLLL

step=226, rand=3, actions=&lt;Right&gt;
Want     | Got ✓   
-------------------
....OO.. | ....OO..
....OO.. | ....OO..
........ | ........
T....... | T.......
TTZ..... | TTZ.....
TZZZ.... | TZZZ....
SZZZ...J | SZZZ...J
SSZLL..J | SSZLL..J
TSOOL.JJ | TSOOL.JJ
TTOOS.SJ | TTOOS.SJ
I.SZLLLL | I.SZLLLL

step=227, rand=3, actions=&lt;Right&gt;
Want     | Got ✓   
-------------------
.....OO. | .....OO.
.....OO. | .....OO.
........ | ........
T....... | T.......
TTZ..... | TTZ.....
TZZZ.... | TZZZ....
SZZZ...J | SZZZ...J
SSZLL..J | SSZLL..J
TSOOL.JJ | TSOOL.JJ
TTOOS.SJ | TTOOS.SJ
I.SZLLLL | I.SZLLLL

step=228, rand=3, actions=&lt;Left&gt;
Want     | Got ✓   
-------------------
....OO.. | ....OO..
....OO.. | ....OO..
........ | ........
T....... | T.......
TTZ..... | TTZ.....
TZZZ.... | TZZZ....
SZZZ...J | SZZZ...J
SSZLL..J | SSZLL..J
TSOOL.JJ | TSOOL.JJ
TTOOS.SJ | TTOOS.SJ
I.SZLLLL | I.SZLLLL

step=229, rand=3, actions=&lt;Right&gt;
Want     | Got ✓   
-------------------
.....OO. | .....OO.
.....OO. | .....OO.
........ | ........
T....... | T.......
TTZ..... | TTZ.....
TZZZ.... | TZZZ....
SZZZ...J | SZZZ...J
SSZLL..J | SSZLL..J
TSOOL.JJ | TSOOL.JJ
TTOOS.SJ | TTOOS.SJ
I.SZLLLL | I.SZLLLL

step=230, rand=3, actions=&lt;Down&gt;
Want     | Got ✓   
-------------------
........ | ........
.....OO. | .....OO.
.....OO. | .....OO.
T....... | T.......
TTZ..... | TTZ.....
TZZZ.... | TZZZ....
SZZZ...J | SZZZ...J
SSZLL..J | SSZLL..J
TSOOL.JJ | TSOOL.JJ
TTOOS.SJ | TTOOS.SJ
I.SZLLLL | I.SZLLLL

step=231, rand=3, actions=&lt;Down&gt;
Want     | Got ✓   
-------------------
........ | ........
........ | ........
.....OO. | .....OO.
T....OO. | T....OO.
TTZ..... | TTZ.....
TZZZ.... | TZZZ....
SZZZ...J | SZZZ...J
SSZLL..J | SSZLL..J
TSOOL.JJ | TSOOL.JJ
TTOOS.SJ | TTOOS.SJ
I.SZLLLL | I.SZLLLL

step=232, rand=3, actions=&lt;Down&gt;
Want     | Got ✓   
-------------------
........ | ........
........ | ........
........ | ........
T....OO. | T....OO.
TTZ..OO. | TTZ..OO.
TZZZ.... | TZZZ....
SZZZ...J | SZZZ...J
SSZLL..J | SSZLL..J
TSOOL.JJ | TSOOL.JJ
TTOOS.SJ | TTOOS.SJ
I.SZLLLL | I.SZLLLL

step=233, rand=3, actions=&lt;Down&gt;
Want     | Got ✓   
-------------------
........ | ........
........ | ........
........ | ........
T....... | T.......
TTZ..OO. | TTZ..OO.
TZZZ.OO. | TZZZ.OO.
SZZZ...J | SZZZ...J
SSZLL..J | SSZLL..J
TSOOL.JJ | TSOOL.JJ
TTOOS.SJ | TTOOS.SJ
I.SZLLLL | I.SZLLLL

step=234, rand=3, actions=&lt;Down&gt;
Want     | Got ✓   
-------------------
........ | ........
........ | ........
........ | ........
T....... | T.......
TTZ..... | TTZ.....
TZZZ.OO. | TZZZ.OO.
SZZZ.OOJ | SZZZ.OOJ
SSZLL..J | SSZLL..J
TSOOL.JJ | TSOOL.JJ
TTOOS.SJ | TTOOS.SJ
I.SZLLLL | I.SZLLLL

step=235, rand=3, actions=&lt;Down&gt;
Want     | Got ✓   
-------------------
........ | ........
........ | ........
........ | ........
T....... | T.......
TTZ..... | TTZ.....
TZZZ.... | TZZZ....
SZZZ.OOJ | SZZZ.OOJ
SSZLLOOJ | SSZLLOOJ
TSOOL.JJ | TSOOL.JJ
TTOOS.SJ | TTOOS.SJ
I.SZLLLL | I.SZLLLL

step=236, rand=3, actions=&lt;Right&gt;
Want     | Got ✗   
-------------------
........ | ...OO...
........ | ...OO...
........ | ........
T....... | ........
TTZ..... | T.......
TZZZ.... | TTZ.....
SZZZ.OOJ | TZZZ....
SSZLLOOJ | SZZZ.OOJ
TSOOL.JJ | TSOOL.JJ
TTOOS.SJ | TTOOS.SJ
I.SZLLLL | I.SZLLLL

step=237, rand=6, actions=&lt;Down&gt;
Want     | Got ✗   
-------------------
..ZZ.... | ........
...ZZ... | ...OO...
........ | ...OO...
........ | ........
T....... | T.......
TTZ..... | TTZ.....
TZZZ.... | TZZZ....
SZZZ.OOJ | SZZZ.OOJ
TSOOL.JJ | TSOOL.JJ
TTOOS.SJ | TTOOS.SJ
I.SZLLLL | I.SZLLLL

step=238, rand=6, actions=&lt;RotateRight&gt;
Want     | Got ✗   
-------------------
....Z... | ........
...ZZ... | ...OO...
...Z.... | ...OO...
........ | ........
T....... | T.......
TTZ..... | TTZ.....
TZZZ.... | TZZZ....
SZZZ.OOJ | SZZZ.OOJ
TSOOL.JJ | TSOOL.JJ
TTOOS.SJ | TTOOS.SJ
I.SZLLLL | I.SZLLLL

step=239, rand=6, actions=&lt;Right&gt;
Want     | Got ✗   
-------------------
.....Z.. | ........
....ZZ.. | ....OO..
....Z... | ....OO..
........ | ........
T....... | T.......
TTZ..... | TTZ.....
TZZZ.... | TZZZ....
SZZZ.OOJ | SZZZ.OOJ
TSOOL.JJ | TSOOL.JJ
TTOOS.SJ | TTOOS.SJ
I.SZLLLL | I.SZLLLL

step=240, rand=6, actions=&lt;Right&gt;
Want     | Got ✗   
-------------------
......Z. | ........
.....ZZ. | .....OO.
.....Z.. | .....OO.
........ | ........
T....... | T.......
TTZ..... | TTZ.....
TZZZ.... | TZZZ....
SZZZ.OOJ | SZZZ.OOJ
TSOOL.JJ | TSOOL.JJ
TTOOS.SJ | TTOOS.SJ
I.SZLLLL | I.SZLLLL

step=241, rand=6, actions=&lt;Left&gt;
Want     | Got ✗   
-------------------
.....Z.. | ........
....ZZ.. | ....OO..
....Z... | ....OO..
........ | ........
T....... | T.......
TTZ..... | TTZ.....
TZZZ.... | TZZZ....
SZZZ.OOJ | SZZZ.OOJ
TSOOL.JJ | TSOOL.JJ
TTOOS.SJ | TTOOS.SJ
I.SZLLLL | I.SZLLLL

step=242, rand=6, actions=&lt;Down&gt;
Want     | Got ✗   
-------------------
........ | ........
.....Z.. | ........
....ZZ.. | ....OO..
....Z... | ....OO..
T....... | T.......
TTZ..... | TTZ.....
TZZZ.... | TZZZ....
SZZZ.OOJ | SZZZ.OOJ
TSOOL.JJ | TSOOL.JJ
TTOOS.SJ | TTOOS.SJ
I.SZLLLL | I.SZLLLL

step=243, rand=6, actions=&lt;Down&gt;
Want     | Got ✗   
-------------------
........ | ........
........ | ........
.....Z.. | ........
....ZZ.. | ....OO..
T...Z... | T...OO..
TTZ..... | TTZ.....
TZZZ.... | TZZZ....
SZZZ.OOJ | SZZZ.OOJ
TSOOL.JJ | TSOOL.JJ
TTOOS.SJ | TTOOS.SJ
I.SZLLLL | I.SZLLLL

step=244, rand=6, actions=&lt;Down&gt;
Want     | Got ✗   
-------------------
........ | ........
........ | ........
........ | ........
.....Z.. | ........
T...ZZ.. | T...OO..
TTZ.Z... | TTZ.OO..
TZZZ.... | TZZZ....
SZZZ.OOJ | SZZZ.OOJ
TSOOL.JJ | TSOOL.JJ
TTOOS.SJ | TTOOS.SJ
I.SZLLLL | I.SZLLLL

step=245, rand=6, actions=&lt;Down&gt;
Want     | Got ✗   
-------------------
........ | ........
........ | ........
........ | ........
........ | ........
T....Z.. | T.......
TTZ.ZZ.. | TTZ.OO..
TZZZZ... | TZZZOO..
SZZZ.OOJ | SZZZ.OOJ
TSOOL.JJ | TSOOL.JJ
TTOOS.SJ | TTOOS.SJ
I.SZLLLL | I.SZLLLL

step=246, rand=6, actions=&lt;Down&gt;
Want     | Got ✗   
-------------------
........ | ..ZZ....
........ | ...ZZ...
........ | ........
........ | ........
T....... | T.......
TTZ..Z.. | TTZ.OO..
TZZZZZ.. | TZZZOO..
SZZZZOOJ | SZZZ.OOJ
TSOOL.JJ | TSOOL.JJ
TTOOS.SJ | TTOOS.SJ
I.SZLLLL | I.SZLLLL

step=247, rand=5, actions=&lt;Down&gt;
Want     | Got ✗   
-------------------
...T.... | ........
..TTT... | ..ZZ....
........ | ...ZZ...
........ | ........
........ | T.......
T....... | TTZ.OO..
TTZ..Z.. | TZZZOO..
TZZZZZ.. | SZZZ.OOJ
TSOOL.JJ | TSOOL.JJ
TTOOS.SJ | TTOOS.SJ
I.SZLLLL | I.SZLLLL

step=248, rand=5, actions=&lt;RotateRight&gt;
Want     | Got ✗   
-------------------
...T.... | ........
...TT... | ....Z...
...T.... | ...ZZ...
........ | ...Z....
........ | T.......
T....... | TTZ.OO..
TTZ..Z.. | TZZZOO..
TZZZZZ.. | SZZZ.OOJ
TSOOL.JJ | TSOOL.JJ
TTOOS.SJ | TTOOS.SJ
I.SZLLLL | I.SZLLLL

step=249, rand=5, actions=&lt;RotateRight&gt;
Want     | Got ✗   
-------------------
........ | ........
..TTT... | ........
...T.... | ..ZZ....
........ | ...ZZ...
........ | T.......
T....... | TTZ.OO..
TTZ..Z.. | TZZZOO..
TZZZZZ.. | SZZZ.OOJ
TSOOL.JJ | TSOOL.JJ
TTOOS.SJ | TTOOS.SJ
I.SZLLLL | I.SZLLLL

step=250, rand=5, actions=&lt;RotateRight&gt;
Want     | Got ✗   
-------------------
...T.... | ........
..TT.... | ...Z....
...T.... | ..ZZ....
........ | ..Z.....
........ | T.......
T....... | TTZ.OO..
TTZ..Z.. | TZZZOO..
TZZZZZ.. | SZZZ.OOJ
TSOOL.JJ | TSOOL.JJ
TTOOS.SJ | TTOOS.SJ
I.SZLLLL | I.SZLLLL

step=251, rand=5, actions=&lt;RotateRight&gt;
Want     | Got ✗   
-------------------
...T.... | ........
..TTT... | ..ZZ....
........ | ...ZZ...
........ | ........
........ | T.......
T....... | TTZ.OO..
TTZ..Z.. | TZZZOO..
TZZZZZ.. | SZZZ.OOJ
TSOOL.JJ | TSOOL.JJ
TTOOS.SJ | TTOOS.SJ
I.SZLLLL | I.SZLLLL

step=252, rand=5, actions=&lt;RotateRight&gt;
Want     | Got ✗   
-------------------
...T.... | ........
...TT... | ....Z...
...T.... | ...ZZ...
........ | ...Z....
........ | T.......
T....... | TTZ.OO..
TTZ..Z.. | TZZZOO..
TZZZZZ.. | SZZZ.OOJ
TSOOL.JJ | TSOOL.JJ
TTOOS.SJ | TTOOS.SJ
I.SZLLLL | I.SZLLLL

step=253, rand=5, actions=&lt;Right&gt;
Want     | Got ✗   
-------------------
....T... | ........
....TT.. | .....Z..
....T... | ....ZZ..
........ | ....Z...
........ | T.......
T....... | TTZ.OO..
TTZ..Z.. | TZZZOO..
TZZZZZ.. | SZZZ.OOJ
TSOOL.JJ | TSOOL.JJ
TTOOS.SJ | TTOOS.SJ
I.SZLLLL | I.SZLLLL

step=254, rand=5, actions=&lt;Down&gt;
Want     | Got ✗   
-------------------
........ | ........
....T... | ........
....TT.. | .....Z..
....T... | ....ZZ..
........ | T...Z...
T....... | TTZ.OO..
TTZ..Z.. | TZZZOO..
TZZZZZ.. | SZZZ.OOJ
TSOOL.JJ | TSOOL.JJ
TTOOS.SJ | TTOOS.SJ
I.SZLLLL | I.SZLLLL

step=255, rand=5, actions=&lt;Down&gt;
Want     | Got ✗   
-------------------
........ | ...T....
........ | ..TTT...
....T... | .....Z..
....TT.. | ....ZZ..
....T... | T...Z...
T....... | TTZ.OO..
TTZ..Z.. | TZZZOO..
TZZZZZ.. | SZZZ.OOJ
TSOOL.JJ | TSOOL.JJ
TTOOS.SJ | TTOOS.SJ
I.SZLLLL | I.SZLLLL

step=256, rand=5, actions=&lt;Down&gt;
Want     | Got ✗   
-------------------
........ | ........
........ | ...T....
........ | ..TTTZ..
....T... | ....ZZ..
....TT.. | T...Z...
T...T... | TTZ.OO..
TTZ..Z.. | TZZZOO..
TZZZZZ.. | SZZZ.OOJ
TSOOL.JJ | TSOOL.JJ
TTOOS.SJ | TTOOS.SJ
I.SZLLLL | I.SZLLLL

step=257, rand=5, actions=&lt;Down&gt;
Want     | Got ✗            
----------------------------
........ | GameOverDisplay()
........ |                  
........ |                  
........ |                  
....T... |                  
T...TT.. |                  
TTZ.TZ.. |                  
TZZZZZ.. |                  
TSOOL.JJ |                  
TTOOS.SJ |                  
I.SZLLLL |                  

step=258, rand=5, actions=&lt;Down&gt;
Want     | Got ✗            
----------------------------
...T.... | GameOverDisplay()
..TTT... |                  
........ |                  
........ |                  
....T... |                  
T...TT.. |                  
TTZ.TZ.. |                  
TZZZZZ.. |                  
TSOOL.JJ |                  
TTOOS.SJ |                  
I.SZLLLL |                  

step=259, rand=5, actions=&lt;RotateRight&gt;
Want     | Got ✗            
----------------------------
...T.... | GameOverDisplay()
...TT... |                  
...T.... |                  
........ |                  
....T... |                  
T...TT.. |                  
TTZ.TZ.. |                  
TZZZZZ.. |                  
TSOOL.JJ |                  
TTOOS.SJ |                  
I.SZLLLL |                  

step=260, rand=5, actions=&lt;RotateRight&gt;
Want     | Got ✗            
----------------------------
........ | GameOverDisplay()
..TTT... |                  
...T.... |                  
........ |                  
....T... |                  
T...TT.. |                  
TTZ.TZ.. |                  
TZZZZZ.. |                  
TSOOL.JJ |                  
TTOOS.SJ |                  
I.SZLLLL |                  

step=261, rand=5, actions=&lt;RotateRight&gt;
Want     | Got ✗            
----------------------------
...T.... | GameOverDisplay()
..TT.... |                  
...T.... |                  
........ |                  
....T... |                  
T...TT.. |                  
TTZ.TZ.. |                  
TZZZZZ.. |                  
TSOOL.JJ |                  
TTOOS.SJ |                  
I.SZLLLL |                  

step=262, rand=5, actions=&lt;Down&gt;
Want     | Got ✗            
----------------------------
........ | GameOverDisplay()
...T.... |                  
..TT.... |                  
...T.... |                  
....T... |                  
T...TT.. |                  
TTZ.TZ.. |                  
TZZZZZ.. |                  
TSOOL.JJ |                  
TTOOS.SJ |                  
I.SZLLLL |                  

step=263, rand=5, actions=&lt;Down&gt;
Want     | Got ✗            
----------------------------
........ | GameOverDisplay()
........ |                  
...T.... |                  
..TT.... |                  
...TT... |                  
T...TT.. |                  
TTZ.TZ.. |                  
TZZZZZ.. |                  
TSOOL.JJ |                  
TTOOS.SJ |                  
I.SZLLLL |                  

step=264, rand=5, actions=&lt;Down&gt;
Want     | Got ✗            
----------------------------
........ | GameOverDisplay()
........ |                  
........ |                  
...T.... |                  
..TTT... |                  
T..TTT.. |                  
TTZ.TZ.. |                  
TZZZZZ.. |                  
TSOOL.JJ |                  
TTOOS.SJ |                  
I.SZLLLL |                  

step=265, rand=5, actions=&lt;Down&gt;
Want     | Got ✗            
----------------------------
........ | GameOverDisplay()
........ |                  
........ |                  
........ |                  
...TT... |                  
T.TTTT.. |                  
TTZTTZ.. |                  
TZZZZZ.. |                  
TSOOL.JJ |                  
TTOOS.SJ |                  
I.SZLLLL |                  

step=266, rand=6, actions=&lt;Down&gt;
Want     | Got ✗            
----------------------------
..ZZ.... | GameOverDisplay()
...ZZ... |                  
........ |                  
........ |                  
...TT... |                  
T.TTTT.. |                  
TTZTTZ.. |                  
TZZZZZ.. |                  
TSOOL.JJ |                  
TTOOS.SJ |                  
I.SZLLLL |                  

step=267, rand=6, actions=&lt;RotateRight&gt;
Want     | Got ✗            
----------------------------
....Z... | GameOverDisplay()
...ZZ... |                  
...Z.... |                  
........ |                  
...TT... |                  
T.TTTT.. |                  
TTZTTZ.. |                  
TZZZZZ.. |                  
TSOOL.JJ |                  
TTOOS.SJ |                  
I.SZLLLL |                  

step=268, rand=6, actions=&lt;Left&gt;
Want     | Got ✗            
----------------------------
...Z.... | GameOverDisplay()
..ZZ.... |                  
..Z..... |                  
........ |                  
...TT... |                  
T.TTTT.. |                  
TTZTTZ.. |                  
TZZZZZ.. |                  
TSOOL.JJ |                  
TTOOS.SJ |                  
I.SZLLLL |                  

step=269, rand=6, actions=&lt;Left&gt;
Want     | Got ✗            
----------------------------
..Z..... | GameOverDisplay()
.ZZ..... |                  
.Z...... |                  
........ |                  
...TT... |                  
T.TTTT.. |                  
TTZTTZ.. |                  
TZZZZZ.. |                  
TSOOL.JJ |                  
TTOOS.SJ |                  
I.SZLLLL |                  

step=270, rand=6, actions=&lt;Down&gt;
Want     | Got ✗            
----------------------------
........ | GameOverDisplay()
..Z..... |                  
.ZZ..... |                  
.Z...... |                  
...TT... |                  
T.TTTT.. |                  
TTZTTZ.. |                  
TZZZZZ.. |                  
TSOOL.JJ |                  
TTOOS.SJ |                  
I.SZLLLL |                  

step=271, rand=6, actions=&lt;Down&gt;
Want     | Got ✗            
----------------------------
........ | GameOverDisplay()
........ |                  
..Z..... |                  
.ZZ..... |                  
.Z.TT... |                  
T.TTTT.. |                  
TTZTTZ.. |                  
TZZZZZ.. |                  
TSOOL.JJ |                  
TTOOS.SJ |                  
I.SZLLLL |                  

step=272, rand=6, actions=&lt;Down&gt;
Want     | Got ✗            
----------------------------
........ | GameOverDisplay()
........ |                  
........ |                  
..Z..... |                  
.ZZTT... |                  
TZTTTT.. |                  
TTZTTZ.. |                  
TZZZZZ.. |                  
TSOOL.JJ |                  
TTOOS.SJ |                  
I.SZLLLL |                  

step=273, rand=0, actions=&lt;Down&gt;
Want     | Got ✗            
----------------------------
........ | GameOverDisplay()
..IIII.. |                  
........ |                  
..Z..... |                  
.ZZTT... |                  
TZTTTT.. |                  
TTZTTZ.. |                  
TZZZZZ.. |                  
TSOOL.JJ |                  
TTOOS.SJ |                  
I.SZLLLL |                  

step=274, rand=0, actions=&lt;RotateRight&gt;
Want     | Got ✗            
----------------------------
....I... | GameOverDisplay()
....I... |                  
....I... |                  
..Z.I... |                  
.ZZTT... |                  
TZTTTT.. |                  
TTZTTZ.. |                  
TZZZZZ.. |                  
TSOOL.JJ |                  
TTOOS.SJ |                  
I.SZLLLL |                  

step=275, rand=0, actions=&lt;Right&gt;
Want     | Got ✗            
----------------------------
.....I.. | GameOverDisplay()
.....I.. |                  
.....I.. |                  
..Z..I.. |                  
.ZZTT... |                  
TZTTTT.. |                  
TTZTTZ.. |                  
TZZZZZ.. |                  
TSOOL.JJ |                  
TTOOS.SJ |                  
I.SZLLLL |                  

step=276, rand=0, actions=&lt;Right&gt;
Want     | Got ✗            
----------------------------
......I. | GameOverDisplay()
......I. |                  
......I. |                  
..Z...I. |                  
.ZZTT... |                  
TZTTTT.. |                  
TTZTTZ.. |                  
TZZZZZ.. |                  
TSOOL.JJ |                  
TTOOS.SJ |                  
I.SZLLLL |                  

step=277, rand=0, actions=&lt;Right&gt;
Want     | Got ✗            
----------------------------
.......I | GameOverDisplay()
.......I |                  
.......I |                  
..Z....I |                  
.ZZTT... |                  
TZTTTT.. |                  
TTZTTZ.. |                  
TZZZZZ.. |                  
TSOOL.JJ |                  
TTOOS.SJ |                  
I.SZLLLL |                  

step=278, rand=0, actions=&lt;Left&gt;
Want     | Got ✗            
----------------------------
......I. | GameOverDisplay()
......I. |                  
......I. |                  
..Z...I. |                  
.ZZTT... |                  
TZTTTT.. |                  
TTZTTZ.. |                  
TZZZZZ.. |                  
TSOOL.JJ |                  
TTOOS.SJ |                  
I.SZLLLL |                  

step=279, rand=0, actions=&lt;Down&gt;
Want     | Got ✗            
----------------------------
........ | GameOverDisplay()
......I. |                  
......I. |                  
..Z...I. |                  
.ZZTT.I. |                  
TZTTTT.. |                  
TTZTTZ.. |                  
TZZZZZ.. |                  
TSOOL.JJ |                  
TTOOS.SJ |                  
I.SZLLLL |                  

step=280, rand=0, actions=&lt;Down&gt;
Want     | Got ✗            
----------------------------
........ | GameOverDisplay()
........ |                  
......I. |                  
..Z...I. |                  
.ZZTT.I. |                  
TZTTTTI. |                  
TTZTTZ.. |                  
TZZZZZ.. |                  
TSOOL.JJ |                  
TTOOS.SJ |                  
I.SZLLLL |                  

step=281, rand=0, actions=&lt;Down&gt;
Want     | Got ✗            
----------------------------
........ | GameOverDisplay()
........ |                  
........ |                  
..Z...I. |                  
.ZZTT.I. |                  
TZTTTTI. |                  
TTZTTZI. |                  
TZZZZZ.. |                  
TSOOL.JJ |                  
TTOOS.SJ |                  
I.SZLLLL |                  

step=282, rand=0, actions=&lt;Down&gt;
Want     | Got ✗            
----------------------------
........ | GameOverDisplay()
........ |                  
........ |                  
..Z..... |                  
.ZZTT.I. |                  
TZTTTTI. |                  
TTZTTZI. |                  
TZZZZZI. |                  
TSOOL.JJ |                  
TTOOS.SJ |                  
I.SZLLLL |                  

step=283, rand=6, actions=&lt;Down&gt;
Want     | Got ✗            
----------------------------
..ZZ.... | GameOverDisplay()
...ZZ... |                  
........ |                  
..Z..... |                  
.ZZTT.I. |                  
TZTTTTI. |                  
TTZTTZI. |                  
TZZZZZI. |                  
TSOOL.JJ |                  
TTOOS.SJ |                  
I.SZLLLL |                  

step=284, rand=6, actions=&lt;Right&gt;
Want     | Got ✗            
----------------------------
...ZZ... | GameOverDisplay()
....ZZ.. |                  
........ |                  
..Z..... |                  
.ZZTT.I. |                  
TZTTTTI. |                  
TTZTTZI. |                  
TZZZZZI. |                  
TSOOL.JJ |                  
TTOOS.SJ |                  
I.SZLLLL |                  

step=285, rand=6, actions=&lt;Right&gt;
Want     | Got ✗            
----------------------------
....ZZ.. | GameOverDisplay()
.....ZZ. |                  
........ |                  
..Z..... |                  
.ZZTT.I. |                  
TZTTTTI. |                  
TTZTTZI. |                  
TZZZZZI. |                  
TSOOL.JJ |                  
TTOOS.SJ |                  
I.SZLLLL |                  

step=286, rand=6, actions=&lt;Left&gt;
Want     | Got ✗            
----------------------------
...ZZ... | GameOverDisplay()
....ZZ.. |                  
........ |                  
..Z..... |                  
.ZZTT.I. |                  
TZTTTTI. |                  
TTZTTZI. |                  
TZZZZZI. |                  
TSOOL.JJ |                  
TTOOS.SJ |                  
I.SZLLLL |                  

step=287, rand=6, actions=&lt;Left&gt;
Want     | Got ✗            
----------------------------
..ZZ.... | GameOverDisplay()
...ZZ... |                  
........ |                  
..Z..... |                  
.ZZTT.I. |                  
TZTTTTI. |                  
TTZTTZI. |                  
TZZZZZI. |                  
TSOOL.JJ |                  
TTOOS.SJ |                  
I.SZLLLL |                  

step=288, rand=6, actions=&lt;Left&gt;
Want     | Got ✗            
----------------------------
.ZZ..... | GameOverDisplay()
..ZZ.... |                  
........ |                  
..Z..... |                  
.ZZTT.I. |                  
TZTTTTI. |                  
TTZTTZI. |                  
TZZZZZI. |                  
TSOOL.JJ |                  
TTOOS.SJ |                  
I.SZLLLL |                  

step=289, rand=6, actions=&lt;Left&gt;
Want     | Got ✗            
----------------------------
ZZ...... | GameOverDisplay()
.ZZ..... |                  
........ |                  
..Z..... |                  
.ZZTT.I. |                  
TZTTTTI. |                  
TTZTTZI. |                  
TZZZZZI. |                  
TSOOL.JJ |                  
TTOOS.SJ |                  
I.SZLLLL |                  

step=290, rand=6, actions=&lt;RotateRight&gt;
Want     | Got ✗            
----------------------------
..Z..... | GameOverDisplay()
.ZZ..... |                  
.Z...... |                  
..Z..... |                  
.ZZTT.I. |                  
TZTTTTI. |                  
TTZTTZI. |                  
TZZZZZI. |                  
TSOOL.JJ |                  
TTOOS.SJ |                  
I.SZLLLL |                  

step=291, rand=6, actions=&lt;Left&gt;
Want     | Got ✗            
----------------------------
.Z...... | GameOverDisplay()
ZZ...... |                  
Z....... |                  
..Z..... |                  
.ZZTT.I. |                  
TZTTTTI. |                  
TTZTTZI. |                  
TZZZZZI. |                  
TSOOL.JJ |                  
TTOOS.SJ |                  
I.SZLLLL |                  

step=292, rand=6, actions=&lt;Left&gt;
Want     | Got ✗            
----------------------------
.Z...... | GameOverDisplay()
ZZ...... |                  
Z....... |                  
..Z..... |                  
.ZZTT.I. |                  
TZTTTTI. |                  
TTZTTZI. |                  
TZZZZZI. |                  
TSOOL.JJ |                  
TTOOS.SJ |                  
I.SZLLLL |                  

step=293, rand=6, actions=&lt;Down&gt;
Want     | Got ✗            
----------------------------
........ | GameOverDisplay()
.Z...... |                  
ZZ...... |                  
Z.Z..... |                  
.ZZTT.I. |                  
TZTTTTI. |                  
TTZTTZI. |                  
TZZZZZI. |                  
TSOOL.JJ |                  
TTOOS.SJ |                  
I.SZLLLL |                  

step=294, rand=6, actions=&lt;Down&gt;
Want     | Got ✗            
----------------------------
........ | GameOverDisplay()
........ |                  
.Z...... |                  
ZZZ..... |                  
ZZZTT.I. |                  
TZTTTTI. |                  
TTZTTZI. |                  
TZZZZZI. |                  
TSOOL.JJ |                  
TTOOS.SJ |                  
I.SZLLLL |                  

step=295, rand=4, actions=&lt;Down&gt;
Want     | Got ✗            
----------------------------
...SS... | GameOverDisplay()
..SS.... |                  
.Z...... |                  
ZZZ..... |                  
ZZZTT.I. |                  
TZTTTTI. |                  
TTZTTZI. |                  
TZZZZZI. |                  
TSOOL.JJ |                  
TTOOS.SJ |                  
I.SZLLLL |                  

step=296, rand=4, actions=&lt;RotateRight&gt;
Want     | Got ✗            
----------------------------
...S.... | GameOverDisplay()
...SS... |                  
.Z..S... |                  
ZZZ..... |                  
ZZZTT.I. |                  
TZTTTTI. |                  
TTZTTZI. |                  
TZZZZZI. |                  
TSOOL.JJ |                  
TTOOS.SJ |                  
I.SZLLLL |                  

step=297, rand=4, actions=&lt;Right&gt;
Want     | Got ✗            
----------------------------
....S... | GameOverDisplay()
....SS.. |                  
.Z...S.. |                  
ZZZ..... |                  
ZZZTT.I. |                  
TZTTTTI. |                  
TTZTTZI. |                  
TZZZZZI. |                  
TSOOL.JJ |                  
TTOOS.SJ |                  
I.SZLLLL |                  

step=298, rand=4, actions=&lt;Down&gt;
Want     | Got ✗            
----------------------------
........ | GameOverDisplay()
....S... |                  
.Z..SS.. |                  
ZZZ..S.. |                  
ZZZTT.I. |                  
TZTTTTI. |                  
TTZTTZI. |                  
TZZZZZI. |                  
TSOOL.JJ |                  
TTOOS.SJ |                  
I.SZLLLL |                  

step=299, rand=4, actions=&lt;Down&gt;
Want     | Got ✗            
----------------------------
........ | GameOverDisplay()
........ |                  
.Z..S... |                  
ZZZ.SS.. |                  
ZZZTTSI. |                  
TZTTTTI. |                  
TTZTTZI. |                  
TZZZZZI. |                  
TSOOL.JJ |                  
TTOOS.SJ |                  
I.SZLLLL |                  

step=300, rand=3, actions=&lt;Down&gt;
Want     | Got ✗            
----------------------------
...OO... | GameOverDisplay()
...OO... |                  
.Z..S... |                  
ZZZ.SS.. |                  
ZZZTTSI. |                  
TZTTTTI. |                  
TTZTTZI. |                  
TZZZZZI. |                  
TSOOL.JJ |                  
TTOOS.SJ |                  
I.SZLLLL |                  

step=301, rand=3, actions=&lt;Right&gt;
Want     | Got ✗            
----------------------------
....OO.. | GameOverDisplay()
....OO.. |                  
.Z..S... |                  
ZZZ.SS.. |                  
ZZZTTSI. |                  
TZTTTTI. |                  
TTZTTZI. |                  
TZZZZZI. |                  
TSOOL.JJ |                  
TTOOS.SJ |                  
I.SZLLLL |                  

step=302, rand=3, actions=&lt;Right&gt;
Want     | Got ✗            
----------------------------
.....OO. | GameOverDisplay()
.....OO. |                  
.Z..S... |                  
ZZZ.SS.. |                  
ZZZTTSI. |                  
TZTTTTI. |                  
TTZTTZI. |                  
TZZZZZI. |                  
TSOOL.JJ |                  
TTOOS.SJ |                  
I.SZLLLL |                  

step=303, rand=3, actions=&lt;Right&gt;
Want     | Got ✗            
----------------------------
......OO | GameOverDisplay()
......OO |                  
.Z..S... |                  
ZZZ.SS.. |                  
ZZZTTSI. |                  
TZTTTTI. |                  
TTZTTZI. |                  
TZZZZZI. |                  
TSOOL.JJ |                  
TTOOS.SJ |                  
I.SZLLLL |                  

step=304, rand=3, actions=&lt;Down&gt;
Want     | Got ✗            
----------------------------
........ | GameOverDisplay()
......OO |                  
.Z..S.OO |                  
ZZZ.SS.. |                  
ZZZTTSI. |                  
TZTTTTI. |                  
TTZTTZI. |                  
TZZZZZI. |                  
TSOOL.JJ |                  
TTOOS.SJ |                  
I.SZLLLL |                  

step=305, rand=3, actions=&lt;Down&gt;
Want     | Got ✗            
----------------------------
........ | GameOverDisplay()
........ |                  
.Z..S.OO |                  
ZZZ.SSOO |                  
ZZZTTSI. |                  
TZTTTTI. |                  
TTZTTZI. |                  
TZZZZZI. |                  
TSOOL.JJ |                  
TTOOS.SJ |                  
I.SZLLLL |                  

step=306, rand=3, actions=&lt;Down&gt;
Want     | Got ✗            
----------------------------
...OO... | GameOverDisplay()
...OO... |                  
.Z..S.OO |                  
ZZZ.SSOO |                  
ZZZTTSI. |                  
TZTTTTI. |                  
TTZTTZI. |                  
TZZZZZI. |                  
TSOOL.JJ |                  
TTOOS.SJ |                  
I.SZLLLL |                  

step=307, rand=3, actions=&lt;Left&gt;
Want     | Got ✗            
----------------------------
..OO.... | GameOverDisplay()
..OO.... |                  
.Z..S.OO |                  
ZZZ.SSOO |                  
ZZZTTSI. |                  
TZTTTTI. |                  
TTZTTZI. |                  
TZZZZZI. |                  
TSOOL.JJ |                  
TTOOS.SJ |                  
I.SZLLLL |                  

step=308, rand=3, actions=&lt;Left&gt;
Want     | Got ✗            
----------------------------
.OO..... | GameOverDisplay()
.OO..... |                  
.Z..S.OO |                  
ZZZ.SSOO |                  
ZZZTTSI. |                  
TZTTTTI. |                  
TTZTTZI. |                  
TZZZZZI. |                  
TSOOL.JJ |                  
TTOOS.SJ |                  
I.SZLLLL |                  

step=309, rand=3, actions=&lt;Right&gt;
Want     | Got ✗            
----------------------------
..OO.... | GameOverDisplay()
..OO.... |                  
.Z..S.OO |                  
ZZZ.SSOO |                  
ZZZTTSI. |                  
TZTTTTI. |                  
TTZTTZI. |                  
TZZZZZI. |                  
TSOOL.JJ |                  
TTOOS.SJ |                  
I.SZLLLL |                  

step=310, rand=3, actions=&lt;Down&gt;
Want     | Got ✗            
----------------------------
........ | GameOverDisplay()
..OO.... |                  
.ZOOS.OO |                  
ZZZ.SSOO |                  
ZZZTTSI. |                  
TZTTTTI. |                  
TTZTTZI. |                  
TZZZZZI. |                  
TSOOL.JJ |                  
TTOOS.SJ |                  
I.SZLLLL |                  

step=311, rand=1, actions=&lt;Down&gt;
Want              | Got ✓            
-------------------------------------
GameOverDisplay() | GameOverDisplay()


	at app//org.scalatest.Assertions.newAssertionFailedException(Assertions.scala:530)
	at app//org.scalatest.Assertions.newAssertionFailedException$(Assertions.scala:529)
	at app//org.scalatest.FunSuite.newAssertionFailedException(FunSuite.scala:1560)
	at app//org.scalatest.Assertions$AssertionsHelper.macroAssert(Assertions.scala:503)
	at app//generic.GameTestSuite.checkGame(GameTestSuite.scala:298)
	at app//tetris.TetrisTestSuiteBase.checkGame(TetrisTestSuiteBase.scala:103)
	at app//tetris.FullGameTests.$anonfun$new$2(FullGameTests.scala:5744)
	at app//scala.runtime.java8.JFunction0$mcV$sp.apply(JFunction0$mcV$sp.scala:18)
	at app//infrastructure.TestBase.$anonfun$test$1(TestBase.scala:36)
	at app//org.scalatest.OutcomeOf.outcomeOf(OutcomeOf.scala:85)
	at app//org.scalatest.OutcomeOf.outcomeOf$(OutcomeOf.scala:83)
	at app//org.scalatest.OutcomeOf$.outcomeOf(OutcomeOf.scala:104)
	at app//org.scalatest.Transformer.apply(Transformer.scala:22)
	at app//org.scalatest.Transformer.apply(Transformer.scala:20)
	at app//org.scalatest.FunSuiteLike$$anon$1.apply(FunSuiteLike.scala:186)
	at app//org.scalatest.TestSuite.withFixture(TestSuite.scala:196)
	at app//org.scalatest.TestSuite.withFixture$(TestSuite.scala:195)
	at app//infrastructure.TestBase.org$scalatest$concurrent$TimeLimitedTests$$super$withFixture(TestBase.scala:9)
	at app//org.scalatest.concurrent.TimeLimitedTests.$anonfun$withFixture$3(TimeLimitedTests.scala:154)
	at app//org.scalatest.enablers.Timed$$anon$1.timeoutAfter(Timed.scala:127)
	at app//org.scalatest.concurrent.TimeLimits.failAfterImpl(TimeLimits.scala:239)
	at app//org.scalatest.concurrent.TimeLimits.failAfterImpl$(TimeLimits.scala:233)
	at app//org.scalatest.concurrent.TimeLimits$.failAfterImpl(TimeLimits.scala:305)
	at app//org.scalatest.concurrent.TimeLimitedTests.withFixture(TimeLimitedTests.scala:153)
	at app//org.scalatest.concurrent.TimeLimitedTests.withFixture$(TimeLimitedTests.scala:150)
	at app//infrastructure.TestBase.withFixture(TestBase.scala:9)
	at app//org.scalatest.FunSuiteLike.invokeWithFixture$1(FunSuiteLike.scala:184)
	at app//org.scalatest.FunSuiteLike.$anonfun$runTest$1(FunSuiteLike.scala:196)
	at app//org.scalatest.SuperEngine.runTestImpl(Engine.scala:286)
	at app//org.scalatest.FunSuiteLike.runTest(FunSuiteLike.scala:196)
	at app//org.scalatest.FunSuiteLike.runTest$(FunSuiteLike.scala:178)
	at app//org.scalatest.FunSuite.runTest(FunSuite.scala:1560)
	at app//org.scalatest.FunSuiteLike.$anonfun$runTests$1(FunSuiteLike.scala:229)
	at app//org.scalatest.SuperEngine.$anonfun$runTestsInBranch$1(Engine.scala:393)
	at app//scala.collection.immutable.List.foreach(List.scala:333)
	at app//org.scalatest.SuperEngine.traverseSubNodes$1(Engine.scala:381)
	at app//org.scalatest.SuperEngine.runTestsInBranch(Engine.scala:376)
	at app//org.scalatest.SuperEngine.runTestsImpl(Engine.scala:458)
	at app//org.scalatest.FunSuiteLike.runTests(FunSuiteLike.scala:229)
	at app//org.scalatest.FunSuiteLike.runTests$(FunSuiteLike.scala:228)
	at app//org.scalatest.FunSuite.runTests(FunSuite.scala:1560)
	at app//org.scalatest.Suite.run(Suite.scala:1124)
	at app//org.scalatest.Suite.run$(Suite.scala:1106)
	at app//org.scalatest.FunSuite.org$scalatest$FunSuiteLike$$super$run(FunSuite.scala:1560)
	at app//org.scalatest.FunSuiteLike.$anonfun$run$1(FunSuiteLike.scala:233)
	at app//org.scalatest.SuperEngine.runImpl(Engine.scala:518)
	at app//org.scalatest.FunSuiteLike.run(FunSuiteLike.scala:233)
	at app//org.scalatest.FunSuiteLike.run$(FunSuiteLike.scala:232)
	at app//infrastructure.TestBase.run(TestBase.scala:26)
	at app//org.scalatest.Suite.callExecuteOnSuite$1(Suite.scala:1187)
	at app//org.scalatest.Suite.$anonfun$runNestedSuites$1(Suite.scala:1234)
	at app//scala.collection.ArrayOps$.foreach$extension(ArrayOps.scala:1323)
	at app//org.scalatest.Suite.runNestedSuites(Suite.scala:1232)
	at app//org.scalatest.Suite.runNestedSuites$(Suite.scala:1166)
	at app//org.scalatest.Suites.runNestedSuites(Suites.scala:56)
	at app//org.scalatest.Suite.run(Suite.scala:1121)
	at app//org.scalatest.Suite.run$(Suite.scala:1106)
	at app//tetris.TetrisTestSuitesBase.runDirect(TetrisTestSuitesBase.scala:20)
	at app//tetris.TetrisTestSuitesBase.runWithScoreCounter(TetrisTestSuitesBase.scala:14)
	at app//tetris.TetrisTestSuite3_2.run(TetrisTestSuite3_2.scala:25)
	at app//org.scalatestplus.junit.JUnitRunner.run(JUnitRunner.scala:99)
	at org.gradle.api.internal.tasks.testing.junit.JUnitTestClassExecutor.runTestClass(JUnitTestClassExecutor.java:110)
	at org.gradle.api.internal.tasks.testing.junit.JUnitTestClassExecutor.execute(JUnitTestClassExecutor.java:58)
	at org.gradle.api.internal.tasks.testing.junit.JUnitTestClassExecutor.execute(JUnitTestClassExecutor.java:38)
	at org.gradle.api.internal.tasks.testing.junit.AbstractJUnitTestClassProcessor.processTestClass(AbstractJUnitTestClassProcessor.java:62)
	at org.gradle.api.internal.tasks.testing.SuiteTestClassProcessor.processTestClass(SuiteTestClassProcessor.java:51)
	at java.base@11.0.16.1/jdk.internal.reflect.NativeMethodAccessorImpl.invoke0(Native Method)
	at java.base@11.0.16.1/jdk.internal.reflect.NativeMethodAccessorImpl.invoke(NativeMethodAccessorImpl.java:62)
	at java.base@11.0.16.1/jdk.internal.reflect.DelegatingMethodAccessorImpl.invoke(DelegatingMethodAccessorImpl.java:43)
	at java.base@11.0.16.1/java.lang.reflect.Method.invoke(Method.java:566)
	at org.gradle.internal.dispatch.ReflectionDispatch.dispatch(ReflectionDispatch.java:36)
	at org.gradle.internal.dispatch.ReflectionDispatch.dispatch(ReflectionDispatch.java:24)
	at org.gradle.internal.dispatch.ContextClassLoaderDispatch.dispatch(ContextClassLoaderDispatch.java:33)
	at org.gradle.internal.dispatch.ProxyDispatchAdapter$DispatchingInvocationHandler.invoke(ProxyDispatchAdapter.java:94)
	at com.sun.proxy.$Proxy2.processTestClass(Unknown Source)
	at org.gradle.api.internal.tasks.testing.worker.TestWorker$2.run(TestWorker.java:176)
	at org.gradle.api.internal.tasks.testing.worker.TestWorker.executeAndMaintainThreadName(TestWorker.java:129)
	at org.gradle.api.internal.tasks.testing.worker.TestWorker.execute(TestWorker.java:100)
	at org.gradle.api.internal.tasks.testing.worker.TestWorker.execute(TestWorker.java:60)
	at org.gradle.process.internal.worker.child.ActionExecutionWorker.execute(ActionExecutionWorker.java:56)
	at org.gradle.process.internal.worker.child.SystemApplicationClassLoaderWorker.call(SystemApplicationClassLoaderWorker.java:133)
	at org.gradle.process.internal.worker.child.SystemApplicationClassLoaderWorker.call(SystemApplicationClassLoaderWorker.java:71)
	at app//worker.org.gradle.process.internal.worker.GradleWorkerMain.run(GradleWorkerMain.java:69)
	at app//worker.org.gradle.process.internal.worker.GradleWorkerMain.main(GradleWorkerMain.java:74)
</failure>
  </testcase>
  <testcase name="testGame6x10" classname="tetris.FullGameTests" time="0.028"/>
  <testcase name="testInterleave5x9and8x11" classname="tetris.FullGameTests" time="0.032"/>
  <testcase name="testInterleave8x11and6x10" classname="tetris.FullGameTests" time="0.04"/>
  <system-out><![CDATA[]]></system-out>
  <system-err><![CDATA[]]></system-err>
</testsuite>
