<?xml version="1.0" encoding="UTF-8"?>
<testsuite name="tetris.RotationTests" tests="7" skipped="0" failures="0" errors="0" timestamp="2022-10-09T21:10:30" hostname="DESKTOP-MB5T0MI" time="0.046">
  <properties/>
  <testcase name="testIRotations" classname="tetris.RotationTests" time="0.013"/>
  <testcase name="testJRotations" classname="tetris.RotationTests" time="0.007"/>
  <testcase name="testLRotations" classname="tetris.RotationTests" time="0.005"/>
  <testcase name="testORotations" classname="tetris.RotationTests" time="0.005"/>
  <testcase name="testSRotations" classname="tetris.RotationTests" time="0.004"/>
  <testcase name="testTRotations" classname="tetris.RotationTests" time="0.004"/>
  <testcase name="testZRotations" classname="tetris.RotationTests" time="0.004"/>
  <system-out><![CDATA[]]></system-out>
  <system-err><![CDATA[]]></system-err>
</testsuite>
