<?xml version="1.0" encoding="UTF-8"?>
<testsuite name="tetris.MovementTests" tests="2" skipped="0" failures="0" errors="0" timestamp="2022-10-09T21:10:30" hostname="DESKTOP-MB5T0MI" time="0.016">
  <properties/>
  <testcase name="testMovement" classname="tetris.MovementTests" time="0.009"/>
  <testcase name="testMovement2" classname="tetris.MovementTests" time="0.006"/>
  <system-out><![CDATA[]]></system-out>
  <system-err><![CDATA[]]></system-err>
</testsuite>
