<?xml version="1.0" encoding="UTF-8"?>
<testsuite name="tetris.BlockedTests" tests="6" skipped="0" failures="0" errors="0" timestamp="2022-10-09T21:10:30" hostname="DESKTOP-MB5T0MI" time="0.021">
  <properties/>
  <testcase name="testMoveOutLeft" classname="tetris.BlockedTests" time="0.003"/>
  <testcase name="testMoveOutRight" classname="tetris.BlockedTests" time="0.003"/>
  <testcase name="testBlockedByBlocksLeft" classname="tetris.BlockedTests" time="0.003"/>
  <testcase name="testBlockedByBlocksRight" classname="tetris.BlockedTests" time="0.002"/>
  <testcase name="testBlockedByBlocksRotateLeft" classname="tetris.BlockedTests" time="0.003"/>
  <testcase name="testBlockedByBlocksRotateRight" classname="tetris.BlockedTests" time="0.003"/>
  <system-out><![CDATA[]]></system-out>
  <system-err><![CDATA[]]></system-err>
</testsuite>
