<?xml version="1.0" encoding="UTF-8"?>
<testsuite name="tetris.ClearLinesTests" tests="5" skipped="0" failures="0" errors="0" timestamp="2022-10-09T21:10:30" hostname="DESKTOP-MB5T0MI" time="0.03">
  <properties/>
  <testcase name="testClear1Line" classname="tetris.ClearLinesTests" time="0.004"/>
  <testcase name="testClear1LineMiddle" classname="tetris.ClearLinesTests" time="0.007"/>
  <testcase name="testClear2Lines" classname="tetris.ClearLinesTests" time="0.006"/>
  <testcase name="testClear3Lines" classname="tetris.ClearLinesTests" time="0.005"/>
  <testcase name="testClear4Lines" classname="tetris.ClearLinesTests" time="0.006"/>
  <system-out><![CDATA[]]></system-out>
  <system-err><![CDATA[]]></system-err>
</testsuite>
